{"meta": {"format": 3, "version": "7.13.1", "timestamp": "2026-01-15T19:43:00.144036", "branch_coverage": false, "show_contexts": false}, "files": {"cyclisme_training_logs/__init__.py": {"executed_lines": [3], "summary": {"covered_lines": 1, "num_statements": 1, "percent_covered": 100.0, "percent_covered_display": "100", "missing_lines": 0, "excluded_lines": 0, "percent_statements_covered": 100.0, "percent_statements_covered_display": "100"}, "missing_lines": [], "excluded_lines": [], "functions": {"": {"executed_lines": [3], "summary": {"covered_lines": 1, "num_statements": 1, "percent_covered": 100.0, "percent_covered_display": "100", "missing_lines": 0, "excluded_lines": 0, "percent_statements_covered": 100.0, "percent_statements_covered_display": "100"}, "missing_lines": [], "excluded_lines": [], "start_line": 1}}, "classes": {"": {"executed_lines": [3], "summary": {"covered_lines": 1, "num_statements": 1, "percent_covered": 100.0, "percent_covered_display": "100", "missing_lines": 0, "excluded_lines": 0, "percent_statements_covered": 100.0, "percent_statements_covered_display": "100"}, "missing_lines": [], "excluded_lines": [], "start_line": 1}}}, "cyclisme_training_logs/ai_providers/__init__.py": {"executed_lines": [54, 55, 57], "summary": {"covered_lines": 3, "num_statements": 3, "percent_covered": 100.0, "percent_covered_display": "100", "missing_lines": 0, "excluded_lines": 0, "percent_statements_covered": 100.0, "percent_statements_covered_display": "100"}, "missing_lines": [], "excluded_lines": [], "functions": {"": {"executed_lines": [54, 55, 57], "summary": {"covered_lines": 3, "num_statements": 3, "percent_covered": 100.0, "percent_covered_display": "100", "missing_lines": 0, "excluded_lines": 0, "percent_statements_covered": 100.0, "percent_statements_covered_display": "100"}, "missing_lines": [], "excluded_lines": [], "start_line": 1}}, "classes": {"": {"executed_lines": [54, 55, 57], "summary": {"covered_lines": 3, "num_statements": 3, "percent_covered": 100.0, "percent_covered_display": "100", "missing_lines": 0, "excluded_lines": 0, "percent_statements_covered": 100.0, "percent_statements_covered_display": "100"}, "missing_lines": [], "excluded_lines": [], "start_line": 1}}}, "cyclisme_training_logs/ai_providers/base.py": {"executed_lines": [21, 22, 25, 41, 42, 43, 44, 45, 48, 64, 66, 68, 70, 71, 96, 113], "summary": {"covered_lines": 16, "num_statements": 19, "percent_covered": 84.21052631578948, "percent_covered_display": "84", "missing_lines": 3, "excluded_lines": 0, "percent_statements_covered": 84.21052631578948, "percent_statements_covered_display": "84"}, "missing_lines": [94, 107, 128], "excluded_lines": [], "functions": {"AIAnalyzer.__init__": {"executed_lines": [66, 68], "summary": {"covered_lines": 2, "num_statements": 2, "percent_covered": 100.0, "percent_covered_display": "100", "missing_lines": 0, "excluded_lines": 0, "percent_statements_covered": 100.0, "percent_statements_covered_display": "100"}, "missing_lines": [], "excluded_lines": [], "start_line": 64}, "AIAnalyzer.analyze_session": {"executed_lines": [], "summary": {"covered_lines": 0, "num_statements": 1, "percent_covered": 0.0, "percent_covered_display": "0", "missing_lines": 1, "excluded_lines": 0, "percent_statements_covered": 0.0, "percent_statements_covered_display": "0"}, "missing_lines": [94], "excluded_lines": [], "start_line": 71}, "AIAnalyzer.get_provider_info": {"executed_lines": [], "summary": {"covered_lines": 0, "num_statements": 1, "percent_covered": 0.0, "percent_covered_display": "0", "missing_lines": 1, "excluded_lines": 0, "percent_statements_covered": 0.0, "percent_statements_covered_display": "0"}, "missing_lines": [107], "excluded_lines": [], "start_line": 96}, "AIAnalyzer.validate_config": {"executed_lines": [], "summary": {"covered_lines": 0, "num_statements": 1, "percent_covered": 0.0, "percent_covered_display": "0", "missing_lines": 1, "excluded_lines": 0, "percent_statements_covered": 0.0, "percent_statements_covered_display": "0"}, "missing_lines": [128], "excluded_lines": [], "start_line": 113}, "": {"executed_lines": [21, 22, 25, 41, 42, 43, 44, 45, 48, 64, 70, 71, 96, 113], "summary": {"covered_lines": 14, "num_statements": 14, "percent_covered": 100.0, "percent_covered_display": "100", "missing_lines": 0, "excluded_lines": 0, "percent_statements_covered": 100.0, "percent_statements_covered_display": "100"}, "missing_lines": [], "excluded_lines": [], "start_line": 1}}, "classes": {"AIProvider": {"executed_lines": [], "summary": {"covered_lines": 0, "num_statements": 0, "percent_covered": 100.0, "percent_covered_display": "100", "missing_lines": 0, "excluded_lines": 0, "percent_statements_covered": 100.0, "percent_statements_covered_display": "100"}, "missing_lines": [], "excluded_lines": [], "start_line": 25}, "AIAnalyzer": {"executed_lines": [66, 68], "summary": {"covered_lines": 2, "num_statements": 5, "percent_covered": 40.0, "percent_covered_display": "40", "missing_lines": 3, "excluded_lines": 0, "percent_statements_covered": 40.0, "percent_statements_covered_display": "40"}, "missing_lines": [94, 107, 128], "excluded_lines": [], "start_line": 48}, "": {"executed_lines": [21, 22, 25, 41, 42, 43, 44, 45, 48, 64, 70, 71, 96, 113], "summary": {"covered_lines": 14, "num_statements": 14, "percent_covered": 100.0, "percent_covered_display": "100", "missing_lines": 0, "excluded_lines": 0, "percent_statements_covered": 100.0, "percent_statements_covered_display": "100"}, "missing_lines": [], "excluded_lines": [], "start_line": 1}}}, "cyclisme_training_logs/ai_providers/claude_api.py": {"executed_lines": [53, 55, 57, 59, 62, 65, 68, 93, 99, 118, 120, 121, 122, 124, 127, 128, 129, 133, 179, 200], "summary": {"covered_lines": 20, "num_statements": 37, "percent_covered": 54.054054054054056, "percent_covered_display": "54", "missing_lines": 17, "excluded_lines": 0, "percent_statements_covered": 54.054054054054056, "percent_statements_covered_display": "54"}, "missing_lines": [125, 130, 131, 156, 158, 160, 167, 168, 169, 171, 172, 173, 175, 176, 177, 190, 215], "excluded_lines": [], "functions": {"ClaudeAPIAnalyzer.__init__": {"executed_lines": [118, 120, 121, 122, 124, 127, 128, 129], "summary": {"covered_lines": 8, "num_statements": 11, "percent_covered": 72.72727272727273, "percent_covered_display": "73", "missing_lines": 3, "excluded_lines": 0, "percent_statements_covered": 72.72727272727273, "percent_statements_covered_display": "73"}, "missing_lines": [125, 130, 131], "excluded_lines": [], "start_line": 99}, "ClaudeAPIAnalyzer.analyze_session": {"executed_lines": [], "summary": {"covered_lines": 0, "num_statements": 12, "percent_covered": 0.0, "percent_covered_display": "0", "missing_lines": 12, "excluded_lines": 0, "percent_statements_covered": 0.0, "percent_statements_covered_display": "0"}, "missing_lines": [156, 158, 160, 167, 168, 169, 171, 172, 173, 175, 176, 177], "excluded_lines": [], "start_line": 133}, "ClaudeAPIAnalyzer.get_provider_info": {"executed_lines": [], "summary": {"covered_lines": 0, "num_statements": 1, "percent_covered": 0.0, "percent_covered_display": "0", "missing_lines": 1, "excluded_lines": 0, "percent_statements_covered": 0.0, "percent_statements_covered_display": "0"}, "missing_lines": [190], "excluded_lines": [], "start_line": 179}, "ClaudeAPIAnalyzer.validate_config": {"executed_lines": [], "summary": {"covered_lines": 0, "num_statements": 1, "percent_covered": 0.0, "percent_covered_display": "0", "missing_lines": 1, "excluded_lines": 0, "percent_statements_covered": 0.0, "percent_statements_covered_display": "0"}, "missing_lines": [215], "excluded_lines": [], "start_line": 200}, "": {"executed_lines": [53, 55, 57, 59, 62, 65, 68, 93, 99, 133, 179, 200], "summary": {"covered_lines": 12, "num_statements": 12, "percent_covered": 100.0, "percent_covered_display": "100", "missing_lines": 0, "excluded_lines": 0, "percent_statements_covered": 100.0, "percent_statements_covered_display": "100"}, "missing_lines": [], "excluded_lines": [], "start_line": 1}}, "classes": {"WorkflowError": {"executed_lines": [], "summary": {"covered_lines": 0, "num_statements": 0, "percent_covered": 100.0, "percent_covered_display": "100", "missing_lines": 0, "excluded_lines": 0, "percent_statements_covered": 100.0, "percent_statements_covered_display": "100"}, "missing_lines": [], "excluded_lines": [], "start_line": 62}, "ClaudeAPIAnalyzer": {"executed_lines": [118, 120, 121, 122, 124, 127, 128, 129], "summary": {"covered_lines": 8, "num_statements": 25, "percent_covered": 32.0, "percent_covered_display": "32", "missing_lines": 17, "excluded_lines": 0, "percent_statements_covered": 32.0, "percent_statements_covered_display": "32"}, "missing_lines": [125, 130, 131, 156, 158, 160, 167, 168, 169, 171, 172, 173, 175, 176, 177, 190, 215], "excluded_lines": [], "start_line": 68}, "": {"executed_lines": [53, 55, 57, 59, 62, 65, 68, 93, 99, 133, 179, 200], "summary": {"covered_lines": 12, "num_statements": 12, "percent_covered": 100.0, "percent_covered_display": "100", "missing_lines": 0, "excluded_lines": 0, "percent_statements_covered": 100.0, "percent_statements_covered_display": "100"}, "missing_lines": [], "excluded_lines": [], "start_line": 1}}}, "cyclisme_training_logs/ai_providers/clipboard.py": {"executed_lines": [27, 28, 29, 31, 33, 36, 92, 111, 140, 164, 172, 227, 287, 306], "summary": {"covered_lines": 14, "num_statements": 72, "percent_covered": 19.444444444444443, "percent_covered_display": "19", "missing_lines": 58, "excluded_lines": 0, "percent_statements_covered": 19.444444444444443, "percent_statements_covered_display": "19"}, "missing_lines": [50, 52, 53, 54, 55, 56, 58, 60, 61, 64, 65, 66, 67, 68, 71, 72, 75, 76, 77, 78, 80, 81, 82, 83, 85, 86, 87, 89, 101, 102, 104, 105, 106, 107, 108, 127, 128, 129, 132, 133, 134, 136, 137, 166, 168, 169, 170, 194, 197, 199, 200, 202, 203, 205, 207, 241, 298, 324], "excluded_lines": [], "functions": {"_copy_to_clipboard_native": {"executed_lines": [], "summary": {"covered_lines": 0, "num_statements": 28, "percent_covered": 0.0, "percent_covered_display": "0", "missing_lines": 28, "excluded_lines": 0, "percent_statements_covered": 0.0, "percent_statements_covered_display": "0"}, "missing_lines": [50, 52, 53, 54, 55, 56, 58, 60, 61, 64, 65, 66, 67, 68, 71, 72, 75, 76, 77, 78, 80, 81, 82, 83, 85, 86, 87, 89], "excluded_lines": [], "start_line": 36}, "_copy_to_clipboard_pyperclip": {"executed_lines": [], "summary": {"covered_lines": 0, "num_statements": 7, "percent_covered": 0.0, "percent_covered_display": "0", "missing_lines": 7, "excluded_lines": 0, "percent_statements_covered": 0.0, "percent_statements_covered_display": "0"}, "missing_lines": [101, 102, 104, 105, 106, 107, 108], "excluded_lines": [], "start_line": 92}, "copy_to_clipboard": {"executed_lines": [], "summary": {"covered_lines": 0, "num_statements": 8, "percent_covered": 0.0, "percent_covered_display": "0", "missing_lines": 8, "excluded_lines": 0, "percent_statements_covered": 0.0, "percent_statements_covered_display": "0"}, "missing_lines": [127, 128, 129, 132, 133, 134, 136, 137], "excluded_lines": [], "start_line": 111}, "ClipboardAnalyzer.__init__": {"executed_lines": [], "summary": {"covered_lines": 0, "num_statements": 4, "percent_covered": 0.0, "percent_covered_display": "0", "missing_lines": 4, "excluded_lines": 0, "percent_statements_covered": 0.0, "percent_statements_covered_display": "0"}, "missing_lines": [166, 168, 169, 170], "excluded_lines": [], "start_line": 164}, "ClipboardAnalyzer.analyze_session": {"executed_lines": [], "summary": {"covered_lines": 0, "num_statements": 8, "percent_covered": 0.0, "percent_covered_display": "0", "missing_lines": 8, "excluded_lines": 0, "percent_statements_covered": 0.0, "percent_statements_covered_display": "0"}, "missing_lines": [194, 197, 199, 200, 202, 203, 205, 207], "excluded_lines": [], "start_line": 172}, "ClipboardAnalyzer._generate_instructions": {"executed_lines": [], "summary": {"covered_lines": 0, "num_statements": 1, "percent_covered": 0.0, "percent_covered_display": "0", "missing_lines": 1, "excluded_lines": 0, "percent_statements_covered": 0.0, "percent_statements_covered_display": "0"}, "missing_lines": [241], "excluded_lines": [], "start_line": 227}, "ClipboardAnalyzer.get_provider_info": {"executed_lines": [], "summary": {"covered_lines": 0, "num_statements": 1, "percent_covered": 0.0, "percent_covered_display": "0", "missing_lines": 1, "excluded_lines": 0, "percent_statements_covered": 0.0, "percent_statements_covered_display": "0"}, "missing_lines": [298], "excluded_lines": [], "start_line": 287}, "ClipboardAnalyzer.validate_config": {"executed_lines": [], "summary": {"covered_lines": 0, "num_statements": 1, "percent_covered": 0.0, "percent_covered_display": "0", "missing_lines": 1, "excluded_lines": 0, "percent_statements_covered": 0.0, "percent_statements_covered_display": "0"}, "missing_lines": [324], "excluded_lines": [], "start_line": 306}, "": {"executed_lines": [27, 28, 29, 31, 33, 36, 92, 111, 140, 164, 172, 227, 287, 306], "summary": {"covered_lines": 14, "num_statements": 14, "percent_covered": 100.0, "percent_covered_display": "100", "missing_lines": 0, "excluded_lines": 0, "percent_statements_covered": 100.0, "percent_statements_covered_display": "100"}, "missing_lines": [], "excluded_lines": [], "start_line": 1}}, "classes": {"ClipboardAnalyzer": {"executed_lines": [], "summary": {"covered_lines": 0, "num_statements": 15, "percent_covered": 0.0, "percent_covered_display": "0", "missing_lines": 15, "excluded_lines": 0, "percent_statements_covered": 0.0, "percent_statements_covered_display": "0"}, "missing_lines": [166, 168, 169, 170, 194, 197, 199, 200, 202, 203, 205, 207, 241, 298, 324], "excluded_lines": [], "start_line": 140}, "": {"executed_lines": [27, 28, 29, 31, 33, 36, 92, 111, 140, 164, 172, 227, 287, 306], "summary": {"covered_lines": 14, "num_statements": 57, "percent_covered": 24.56140350877193, "percent_covered_display": "25", "missing_lines": 43, "excluded_lines": 0, "percent_statements_covered": 24.56140350877193, "percent_statements_covered_display": "25"}, "missing_lines": [50, 52, 53, 54, 55, 56, 58, 60, 61, 64, 65, 66, 67, 68, 71, 72, 75, 76, 77, 78, 80, 81, 82, 83, 85, 86, 87, 89, 101, 102, 104, 105, 106, 107, 108, 127, 128, 129, 132, 133, 134, 136, 137], "excluded_lines": [], "start_line": 1}}}, "cyclisme_training_logs/ai_providers/factory.py": {"executed_lines": [31, 32, 34, 35, 36, 37, 38, 39, 42, 45, 48, 51, 77, 78, 125, 127, 130, 131, 140, 145, 146, 147, 152, 153, 155, 156, 205, 206, 225, 226], "summary": {"covered_lines": 30, "num_statements": 78, "percent_covered": 38.46153846153846, "percent_covered_display": "38", "missing_lines": 48, "excluded_lines": 0, "percent_statements_covered": 38.46153846153846, "percent_statements_covered_display": "38"}, "missing_lines": [132, 133, 134, 141, 142, 148, 159, 160, 161, 162, 166, 167, 168, 169, 171, 172, 181, 182, 183, 184, 188, 190, 191, 194, 195, 196, 198, 199, 203, 217, 244, 247, 248, 251, 252, 253, 254, 257, 258, 259, 260, 263, 264, 265, 266, 269, 271, 273], "excluded_lines": [], "functions": {"AIProviderFactory.create": {"executed_lines": [125, 127, 130, 131, 140, 145, 146, 147, 152, 153, 155, 156], "summary": {"covered_lines": 12, "num_statements": 41, "percent_covered": 29.26829268292683, "percent_covered_display": "29", "missing_lines": 29, "excluded_lines": 0, "percent_statements_covered": 29.26829268292683, "percent_statements_covered_display": "29"}, "missing_lines": [132, 133, 134, 141, 142, 148, 159, 160, 161, 162, 166, 167, 168, 169, 171, 172, 181, 182, 183, 184, 188, 190, 191, 194, 195, 196, 198, 199, 203], "excluded_lines": [], "start_line": 78}, "AIProviderFactory.get_available_providers": {"executed_lines": [], "summary": {"covered_lines": 0, "num_statements": 1, "percent_covered": 0.0, "percent_covered_display": "0", "missing_lines": 1, "excluded_lines": 0, "percent_statements_covered": 0.0, "percent_statements_covered_display": "0"}, "missing_lines": [217], "excluded_lines": [], "start_line": 206}, "AIProviderFactory.validate_provider_config": {"executed_lines": [], "summary": {"covered_lines": 0, "num_statements": 18, "percent_covered": 0.0, "percent_covered_display": "0", "missing_lines": 18, "excluded_lines": 0, "percent_statements_covered": 0.0, "percent_statements_covered_display": "0"}, "missing_lines": [244, 247, 248, 251, 252, 253, 254, 257, 258, 259, 260, 263, 264, 265, 266, 269, 271, 273], "excluded_lines": [], "start_line": 226}, "": {"executed_lines": [31, 32, 34, 35, 36, 37, 38, 39, 42, 45, 48, 51, 77, 78, 205, 206, 225, 226], "summary": {"covered_lines": 18, "num_statements": 18, "percent_covered": 100.0, "percent_covered_display": "100", "missing_lines": 0, "excluded_lines": 0, "percent_statements_covered": 100.0, "percent_statements_covered_display": "100"}, "missing_lines": [], "excluded_lines": [], "start_line": 1}}, "classes": {"ConfigError": {"executed_lines": [], "summary": {"covered_lines": 0, "num_statements": 0, "percent_covered": 100.0, "percent_covered_display": "100", "missing_lines": 0, "excluded_lines": 0, "percent_statements_covered": 100.0, "percent_statements_covered_display": "100"}, "missing_lines": [], "excluded_lines": [], "start_line": 42}, "AIProviderFactory": {"executed_lines": [125, 127, 130, 131, 140, 145, 146, 147, 152, 153, 155, 156], "summary": {"covered_lines": 12, "num_statements": 60, "percent_covered": 20.0, "percent_covered_display": "20", "missing_lines": 48, "excluded_lines": 0, "percent_statements_covered": 20.0, "percent_statements_covered_display": "20"}, "missing_lines": [132, 133, 134, 141, 142, 148, 159, 160, 161, 162, 166, 167, 168, 169, 171, 172, 181, 182, 183, 184, 188, 190, 191, 194, 195, 196, 198, 199, 203, 217, 244, 247, 248, 251, 252, 253, 254, 257, 258, 259, 260, 263, 264, 265, 266, 269, 271, 273], "excluded_lines": [], "start_line": 51}, "": {"executed_lines": [31, 32, 34, 35, 36, 37, 38, 39, 42, 45, 48, 51, 77, 78, 205, 206, 225, 226], "summary": {"covered_lines": 18, "num_statements": 18, "percent_covered": 100.0, "percent_covered_display": "100", "missing_lines": 0, "excluded_lines": 0, "percent_statements_covered": 100.0, "percent_statements_covered_display": "100"}, "missing_lines": [], "excluded_lines": [], "start_line": 1}}}, "cyclisme_training_logs/ai_providers/mistral_api.py": {"executed_lines": [52, 54, 56, 58, 61, 64, 67, 92, 99, 151, 220, 268, 290], "summary": {"covered_lines": 13, "num_statements": 58, "percent_covered": 22.413793103448278, "percent_covered_display": "22", "missing_lines": 45, "excluded_lines": 0, "percent_statements_covered": 22.413793103448278, "percent_statements_covered_display": "22"}, "missing_lines": [131, 133, 134, 135, 136, 137, 139, 140, 142, 143, 144, 148, 149, 174, 179, 181, 189, 200, 203, 204, 207, 209, 214, 216, 217, 218, 241, 244, 245, 248, 249, 250, 251, 253, 256, 257, 258, 260, 261, 262, 263, 264, 266, 279, 301], "excluded_lines": [], "functions": {"MistralAPIAnalyzer.__init__": {"executed_lines": [], "summary": {"covered_lines": 0, "num_statements": 13, "percent_covered": 0.0, "percent_covered_display": "0", "missing_lines": 13, "excluded_lines": 0, "percent_statements_covered": 0.0, "percent_statements_covered_display": "0"}, "missing_lines": [131, 133, 134, 135, 136, 137, 139, 140, 142, 143, 144, 148, 149], "excluded_lines": [], "start_line": 99}, "MistralAPIAnalyzer.analyze_session": {"executed_lines": [], "summary": {"covered_lines": 0, "num_statements": 13, "percent_covered": 0.0, "percent_covered_display": "0", "missing_lines": 13, "excluded_lines": 0, "percent_statements_covered": 0.0, "percent_statements_covered_display": "0"}, "missing_lines": [174, 179, 181, 189, 200, 203, 204, 207, 209, 214, 216, 217, 218], "excluded_lines": [], "start_line": 151}, "MistralAPIAnalyzer._ensure_date_field": {"executed_lines": [], "summary": {"covered_lines": 0, "num_statements": 17, "percent_covered": 0.0, "percent_covered_display": "0", "missing_lines": 17, "excluded_lines": 0, "percent_statements_covered": 0.0, "percent_statements_covered_display": "0"}, "missing_lines": [241, 244, 245, 248, 249, 250, 251, 253, 256, 257, 258, 260, 261, 262, 263, 264, 266], "excluded_lines": [], "start_line": 220}, "MistralAPIAnalyzer.get_provider_info": {"executed_lines": [], "summary": {"covered_lines": 0, "num_statements": 1, "percent_covered": 0.0, "percent_covered_display": "0", "missing_lines": 1, "excluded_lines": 0, "percent_statements_covered": 0.0, "percent_statements_covered_display": "0"}, "missing_lines": [279], "excluded_lines": [], "start_line": 268}, "MistralAPIAnalyzer.validate_config": {"executed_lines": [], "summary": {"covered_lines": 0, "num_statements": 1, "percent_covered": 0.0, "percent_covered_display": "0", "missing_lines": 1, "excluded_lines": 0, "percent_statements_covered": 0.0, "percent_statements_covered_display": "0"}, "missing_lines": [301], "excluded_lines": [], "start_line": 290}, "": {"executed_lines": [52, 54, 56, 58, 61, 64, 67, 92, 99, 151, 220, 268, 290], "summary": {"covered_lines": 13, "num_statements": 13, "percent_covered": 100.0, "percent_covered_display": "100", "missing_lines": 0, "excluded_lines": 0, "percent_statements_covered": 100.0, "percent_statements_covered_display": "100"}, "missing_lines": [], "excluded_lines": [], "start_line": 1}}, "classes": {"WorkflowError": {"executed_lines": [], "summary": {"covered_lines": 0, "num_statements": 0, "percent_covered": 100.0, "percent_covered_display": "100", "missing_lines": 0, "excluded_lines": 0, "percent_statements_covered": 100.0, "percent_statements_covered_display": "100"}, "missing_lines": [], "excluded_lines": [], "start_line": 61}, "MistralAPIAnalyzer": {"executed_lines": [], "summary": {"covered_lines": 0, "num_statements": 45, "percent_covered": 0.0, "percent_covered_display": "0", "missing_lines": 45, "excluded_lines": 0, "percent_statements_covered": 0.0, "percent_statements_covered_display": "0"}, "missing_lines": [131, 133, 134, 135, 136, 137, 139, 140, 142, 143, 144, 148, 149, 174, 179, 181, 189, 200, 203, 204, 207, 209, 214, 216, 217, 218, 241, 244, 245, 248, 249, 250, 251, 253, 256, 257, 258, 260, 261, 262, 263, 264, 266, 279, 301], "excluded_lines": [], "start_line": 67}, "": {"executed_lines": [52, 54, 56, 58, 61, 64, 67, 92, 99, 151, 220, 268, 290], "summary": {"covered_lines": 13, "num_statements": 13, "percent_covered": 100.0, "percent_covered_display": "100", "missing_lines": 0, "excluded_lines": 0, "percent_statements_covered": 100.0, "percent_statements_covered_display": "100"}, "missing_lines": [], "excluded_lines": [], "start_line": 1}}}, "cyclisme_training_logs/ai_providers/ollama.py": {"executed_lines": [22, 24, 26, 28, 31, 34, 37, 62, 69, 89, 142, 165], "summary": {"covered_lines": 12, "num_statements": 39, "percent_covered": 30.76923076923077, "percent_covered_display": "31", "missing_lines": 27, "excluded_lines": 0, "percent_statements_covered": 30.76923076923077, "percent_statements_covered_display": "31"}, "missing_lines": [80, 82, 83, 84, 85, 87, 112, 114, 116, 122, 123, 124, 126, 128, 130, 131, 135, 136, 138, 139, 140, 153, 180, 181, 182, 183, 184], "excluded_lines": [], "functions": {"OllamaAnalyzer.__init__": {"executed_lines": [], "summary": {"covered_lines": 0, "num_statements": 6, "percent_covered": 0.0, "percent_covered_display": "0", "missing_lines": 6, "excluded_lines": 0, "percent_statements_covered": 0.0, "percent_statements_covered_display": "0"}, "missing_lines": [80, 82, 83, 84, 85, 87], "excluded_lines": [], "start_line": 69}, "OllamaAnalyzer.analyze_session": {"executed_lines": [], "summary": {"covered_lines": 0, "num_statements": 15, "percent_covered": 0.0, "percent_covered_display": "0", "missing_lines": 15, "excluded_lines": 0, "percent_statements_covered": 0.0, "percent_statements_covered_display": "0"}, "missing_lines": [112, 114, 116, 122, 123, 124, 126, 128, 130, 131, 135, 136, 138, 139, 140], "excluded_lines": [], "start_line": 89}, "OllamaAnalyzer.get_provider_info": {"executed_lines": [], "summary": {"covered_lines": 0, "num_statements": 1, "percent_covered": 0.0, "percent_covered_display": "0", "missing_lines": 1, "excluded_lines": 0, "percent_statements_covered": 0.0, "percent_statements_covered_display": "0"}, "missing_lines": [153], "excluded_lines": [], "start_line": 142}, "OllamaAnalyzer.validate_config": {"executed_lines": [], "summary": {"covered_lines": 0, "num_statements": 5, "percent_covered": 0.0, "percent_covered_display": "0", "missing_lines": 5, "excluded_lines": 0, "percent_statements_covered": 0.0, "percent_statements_covered_display": "0"}, "missing_lines": [180, 181, 182, 183, 184], "excluded_lines": [], "start_line": 165}, "": {"executed_lines": [22, 24, 26, 28, 31, 34, 37, 62, 69, 89, 142, 165], "summary": {"covered_lines": 12, "num_statements": 12, "percent_covered": 100.0, "percent_covered_display": "100", "missing_lines": 0, "excluded_lines": 0, "percent_statements_covered": 100.0, "percent_statements_covered_display": "100"}, "missing_lines": [], "excluded_lines": [], "start_line": 1}}, "classes": {"WorkflowError": {"executed_lines": [], "summary": {"covered_lines": 0, "num_statements": 0, "percent_covered": 100.0, "percent_covered_display": "100", "missing_lines": 0, "excluded_lines": 0, "percent_statements_covered": 100.0, "percent_statements_covered_display": "100"}, "missing_lines": [], "excluded_lines": [], "start_line": 31}, "OllamaAnalyzer": {"executed_lines": [], "summary": {"covered_lines": 0, "num_statements": 27, "percent_covered": 0.0, "percent_covered_display": "0", "missing_lines": 27, "excluded_lines": 0, "percent_statements_covered": 0.0, "percent_statements_covered_display": "0"}, "missing_lines": [80, 82, 83, 84, 85, 87, 112, 114, 116, 122, 123, 124, 126, 128, 130, 131, 135, 136, 138, 139, 140, 153, 180, 181, 182, 183, 184], "excluded_lines": [], "start_line": 37}, "": {"executed_lines": [22, 24, 26, 28, 31, 34, 37, 62, 69, 89, 142, 165], "summary": {"covered_lines": 12, "num_statements": 12, "percent_covered": 100.0, "percent_covered_display": "100", "missing_lines": 0, "excluded_lines": 0, "percent_statements_covered": 100.0, "percent_statements_covered_display": "100"}, "missing_lines": [], "excluded_lines": [], "start_line": 1}}}, "cyclisme_training_logs/ai_providers/openai_api.py": {"executed_lines": [11, 13, 15, 17, 20, 23, 26, 40, 46, 62, 82, 94], "summary": {"covered_lines": 12, "num_statements": 35, "percent_covered": 34.285714285714285, "percent_covered_display": "34", "missing_lines": 23, "excluded_lines": 0, "percent_statements_covered": 34.285714285714285, "percent_statements_covered_display": "34"}, "missing_lines": [48, 50, 51, 53, 54, 56, 57, 58, 59, 60, 64, 66, 67, 71, 72, 73, 75, 76, 78, 79, 80, 84, 96], "excluded_lines": [], "functions": {"OpenAIAnalyzer.__init__": {"executed_lines": [], "summary": {"covered_lines": 0, "num_statements": 10, "percent_covered": 0.0, "percent_covered_display": "0", "missing_lines": 10, "excluded_lines": 0, "percent_statements_covered": 0.0, "percent_statements_covered_display": "0"}, "missing_lines": [48, 50, 51, 53, 54, 56, 57, 58, 59, 60], "excluded_lines": [], "start_line": 46}, "OpenAIAnalyzer.analyze_session": {"executed_lines": [], "summary": {"covered_lines": 0, "num_statements": 11, "percent_covered": 0.0, "percent_covered_display": "0", "missing_lines": 11, "excluded_lines": 0, "percent_statements_covered": 0.0, "percent_statements_covered_display": "0"}, "missing_lines": [64, 66, 67, 71, 72, 73, 75, 76, 78, 79, 80], "excluded_lines": [], "start_line": 62}, "OpenAIAnalyzer.get_provider_info": {"executed_lines": [], "summary": {"covered_lines": 0, "num_statements": 1, "percent_covered": 0.0, "percent_covered_display": "0", "missing_lines": 1, "excluded_lines": 0, "percent_statements_covered": 0.0, "percent_statements_covered_display": "0"}, "missing_lines": [84], "excluded_lines": [], "start_line": 82}, "OpenAIAnalyzer.validate_config": {"executed_lines": [], "summary": {"covered_lines": 0, "num_statements": 1, "percent_covered": 0.0, "percent_covered_display": "0", "missing_lines": 1, "excluded_lines": 0, "percent_statements_covered": 0.0, "percent_statements_covered_display": "0"}, "missing_lines": [96], "excluded_lines": [], "start_line": 94}, "": {"executed_lines": [11, 13, 15, 17, 20, 23, 26, 40, 46, 62, 82, 94], "summary": {"covered_lines": 12, "num_statements": 12, "percent_covered": 100.0, "percent_covered_display": "100", "missing_lines": 0, "excluded_lines": 0, "percent_statements_covered": 100.0, "percent_statements_covered_display": "100"}, "missing_lines": [], "excluded_lines": [], "start_line": 1}}, "classes": {"WorkflowError": {"executed_lines": [], "summary": {"covered_lines": 0, "num_statements": 0, "percent_covered": 100.0, "percent_covered_display": "100", "missing_lines": 0, "excluded_lines": 0, "percent_statements_covered": 100.0, "percent_statements_covered_display": "100"}, "missing_lines": [], "excluded_lines": [], "start_line": 20}, "OpenAIAnalyzer": {"executed_lines": [], "summary": {"covered_lines": 0, "num_statements": 23, "percent_covered": 0.0, "percent_covered_display": "0", "missing_lines": 23, "excluded_lines": 0, "percent_statements_covered": 0.0, "percent_statements_covered_display": "0"}, "missing_lines": [48, 50, 51, 53, 54, 56, 57, 58, 59, 60, 64, 66, 67, 71, 72, 73, 75, 76, 78, 79, 80, 84, 96], "excluded_lines": [], "start_line": 26}, "": {"executed_lines": [11, 13, 15, 17, 20, 23, 26, 40, 46, 62, 82, 94], "summary": {"covered_lines": 12, "num_statements": 12, "percent_covered": 100.0, "percent_covered_display": "100", "missing_lines": 0, "excluded_lines": 0, "percent_statements_covered": 100.0, "percent_statements_covered_display": "100"}, "missing_lines": [], "excluded_lines": [], "start_line": 1}}}, "cyclisme_training_logs/analyzers/__init__.py": {"executed_lines": [], "summary": {"covered_lines": 0, "num_statements": 2, "percent_covered": 0.0, "percent_covered_display": "0", "missing_lines": 2, "excluded_lines": 0, "percent_statements_covered": 0.0, "percent_statements_covered_display": "0"}, "missing_lines": [19, 21], "excluded_lines": [], "functions": {"": {"executed_lines": [], "summary": {"covered_lines": 0, "num_statements": 2, "percent_covered": 0.0, "percent_covered_display": "0", "missing_lines": 2, "excluded_lines": 0, "percent_statements_covered": 0.0, "percent_statements_covered_display": "0"}, "missing_lines": [19, 21], "excluded_lines": [], "start_line": 1}}, "classes": {"": {"executed_lines": [], "summary": {"covered_lines": 0, "num_statements": 2, "percent_covered": 0.0, "percent_covered_display": "0", "missing_lines": 2, "excluded_lines": 0, "percent_statements_covered": 0.0, "percent_statements_covered_display": "0"}, "missing_lines": [19, 21], "excluded_lines": [], "start_line": 1}}}, "cyclisme_training_logs/analyzers/daily_aggregator.py": {"executed_lines": [], "summary": {"covered_lines": 0, "num_statements": 146, "percent_covered": 0.0, "percent_covered_display": "0", "missing_lines": 146, "excluded_lines": 0, "percent_statements_covered": 0.0, "percent_statements_covered_display": "0"}, "missing_lines": [73, 74, 75, 76, 77, 79, 81, 84, 101, 117, 119, 120, 121, 124, 125, 126, 128, 140, 143, 144, 145, 148, 149, 150, 153, 154, 155, 158, 159, 160, 163, 164, 165, 167, 169, 183, 186, 187, 202, 203, 205, 207, 208, 218, 219, 222, 223, 226, 233, 235, 245, 247, 248, 249, 252, 253, 254, 255, 258, 259, 260, 261, 264, 265, 266, 267, 268, 271, 272, 273, 275, 277, 287, 288, 302, 309, 310, 311, 313, 314, 315, 318, 319, 320, 322, 324, 325, 326, 327, 329, 336, 337, 338, 340, 341, 342, 343, 344, 345, 346, 348, 357, 358, 360, 367, 368, 369, 371, 372, 373, 374, 375, 376, 377, 379, 392, 395, 397, 399, 402, 403, 405, 408, 409, 411, 413, 415, 425, 427, 428, 429, 430, 431, 432, 434, 436, 446, 448, 449, 450, 451, 452, 453, 454, 455, 457], "excluded_lines": [], "functions": {"DailyAggregator.__init__": {"executed_lines": [], "summary": {"covered_lines": 0, "num_statements": 7, "percent_covered": 0.0, "percent_covered_display": "0", "missing_lines": 7, "excluded_lines": 0, "percent_statements_covered": 0.0, "percent_statements_covered_display": "0"}, "missing_lines": [117, 119, 120, 121, 124, 125, 126], "excluded_lines": [], "start_line": 101}, "DailyAggregator.collect_raw_data": {"executed_lines": [], "summary": {"covered_lines": 0, "num_statements": 17, "percent_covered": 0.0, "percent_covered_display": "0", "missing_lines": 17, "excluded_lines": 0, "percent_statements_covered": 0.0, "percent_statements_covered_display": "0"}, "missing_lines": [140, 143, 144, 145, 148, 149, 150, 153, 154, 155, 158, 159, 160, 163, 164, 165, 167], "excluded_lines": [], "start_line": 128}, "DailyAggregator.process_data": {"executed_lines": [], "summary": {"covered_lines": 0, "num_statements": 14, "percent_covered": 0.0, "percent_covered_display": "0", "missing_lines": 14, "excluded_lines": 0, "percent_statements_covered": 0.0, "percent_statements_covered_display": "0"}, "missing_lines": [183, 186, 187, 202, 203, 205, 207, 208, 218, 219, 222, 223, 226, 233], "excluded_lines": [], "start_line": 169}, "DailyAggregator.format_output": {"executed_lines": [], "summary": {"covered_lines": 0, "num_statements": 21, "percent_covered": 0.0, "percent_covered_display": "0", "missing_lines": 21, "excluded_lines": 0, "percent_statements_covered": 0.0, "percent_statements_covered_display": "0"}, "missing_lines": [245, 247, 248, 249, 252, 253, 254, 255, 258, 259, 260, 261, 264, 265, 266, 267, 268, 271, 272, 273, 275], "excluded_lines": [], "start_line": 235}, "DailyAggregator._fetch_intervals_activity": {"executed_lines": [], "summary": {"covered_lines": 0, "num_statements": 2, "percent_covered": 0.0, "percent_covered_display": "0", "missing_lines": 2, "excluded_lines": 0, "percent_statements_covered": 0.0, "percent_statements_covered_display": "0"}, "missing_lines": [287, 288], "excluded_lines": [], "start_line": 277}, "DailyAggregator._load_feedback": {"executed_lines": [], "summary": {"covered_lines": 0, "num_statements": 14, "percent_covered": 0.0, "percent_covered_display": "0", "missing_lines": 14, "excluded_lines": 0, "percent_statements_covered": 0.0, "percent_statements_covered_display": "0"}, "missing_lines": [309, 310, 311, 313, 314, 315, 318, 319, 320, 322, 324, 325, 326, 327], "excluded_lines": [], "start_line": 302}, "DailyAggregator._load_workflow_state": {"executed_lines": [], "summary": {"covered_lines": 0, "num_statements": 10, "percent_covered": 0.0, "percent_covered_display": "0", "missing_lines": 10, "excluded_lines": 0, "percent_statements_covered": 0.0, "percent_statements_covered_display": "0"}, "missing_lines": [336, 337, 338, 340, 341, 342, 343, 344, 345, 346], "excluded_lines": [], "start_line": 329}, "DailyAggregator._fetch_fitness_metrics": {"executed_lines": [], "summary": {"covered_lines": 0, "num_statements": 2, "percent_covered": 0.0, "percent_covered_display": "0", "missing_lines": 2, "excluded_lines": 0, "percent_statements_covered": 0.0, "percent_statements_covered_display": "0"}, "missing_lines": [357, 358], "excluded_lines": [], "start_line": 348}, "DailyAggregator._load_power_zones": {"executed_lines": [], "summary": {"covered_lines": 0, "num_statements": 10, "percent_covered": 0.0, "percent_covered_display": "0", "missing_lines": 10, "excluded_lines": 0, "percent_statements_covered": 0.0, "percent_statements_covered_display": "0"}, "missing_lines": [367, 368, 369, 371, 372, 373, 374, 375, 376, 377], "excluded_lines": [], "start_line": 360}, "DailyAggregator._calculate_derived_metrics": {"executed_lines": [], "summary": {"covered_lines": 0, "num_statements": 11, "percent_covered": 0.0, "percent_covered_display": "0", "missing_lines": 11, "excluded_lines": 0, "percent_statements_covered": 0.0, "percent_statements_covered_display": "0"}, "missing_lines": [392, 395, 397, 399, 402, 403, 405, 408, 409, 411, 413], "excluded_lines": [], "start_line": 379}, "DailyAggregator._classify_fitness_state": {"executed_lines": [], "summary": {"covered_lines": 0, "num_statements": 8, "percent_covered": 0.0, "percent_covered_display": "0", "missing_lines": 8, "excluded_lines": 0, "percent_statements_covered": 0.0, "percent_statements_covered_display": "0"}, "missing_lines": [425, 427, 428, 429, 430, 431, 432, 434], "excluded_lines": [], "start_line": 415}, "DailyAggregator._classify_intensity": {"executed_lines": [], "summary": {"covered_lines": 0, "num_statements": 10, "percent_covered": 0.0, "percent_covered_display": "0", "missing_lines": 10, "excluded_lines": 0, "percent_statements_covered": 0.0, "percent_statements_covered_display": "0"}, "missing_lines": [446, 448, 449, 450, 451, 452, 453, 454, 455, 457], "excluded_lines": [], "start_line": 436}, "": {"executed_lines": [], "summary": {"covered_lines": 0, "num_statements": 20, "percent_covered": 0.0, "percent_covered_display": "0", "missing_lines": 20, "excluded_lines": 0, "percent_statements_covered": 0.0, "percent_statements_covered_display": "0"}, "missing_lines": [73, 74, 75, 76, 77, 79, 81, 84, 101, 128, 169, 235, 277, 302, 329, 348, 360, 379, 415, 436], "excluded_lines": [], "start_line": 1}}, "classes": {"DailyAggregator": {"executed_lines": [], "summary": {"covered_lines": 0, "num_statements": 126, "percent_covered": 0.0, "percent_covered_display": "0", "missing_lines": 126, "excluded_lines": 0, "percent_statements_covered": 0.0, "percent_statements_covered_display": "0"}, "missing_lines": [117, 119, 120, 121, 124, 125, 126, 140, 143, 144, 145, 148, 149, 150, 153, 154, 155, 158, 159, 160, 163, 164, 165, 167, 183, 186, 187, 202, 203, 205, 207, 208, 218, 219, 222, 223, 226, 233, 245, 247, 248, 249, 252, 253, 254, 255, 258, 259, 260, 261, 264, 265, 266, 267, 268, 271, 272, 273, 275, 287, 288, 309, 310, 311, 313, 314, 315, 318, 319, 320, 322, 324, 325, 326, 327, 336, 337, 338, 340, 341, 342, 343, 344, 345, 346, 357, 358, 367, 368, 369, 371, 372, 373, 374, 375, 376, 377, 392, 395, 397, 399, 402, 403, 405, 408, 409, 411, 413, 425, 427, 428, 429, 430, 431, 432, 434, 446, 448, 449, 450, 451, 452, 453, 454, 455, 457], "excluded_lines": [], "start_line": 84}, "": {"executed_lines": [], "summary": {"covered_lines": 0, "num_statements": 20, "percent_covered": 0.0, "percent_covered_display": "0", "missing_lines": 20, "excluded_lines": 0, "percent_statements_covered": 0.0, "percent_statements_covered_display": "0"}, "missing_lines": [73, 74, 75, 76, 77, 79, 81, 84, 101, 128, 169, 235, 277, 302, 329, 348, 360, 379, 415, 436], "excluded_lines": [], "start_line": 1}}}, "cyclisme_training_logs/analyzers/weekly_aggregator.py": {"executed_lines": [], "summary": {"covered_lines": 0, "num_statements": 348, "percent_covered": 0.0, "percent_covered_display": "0", "missing_lines": 348, "excluded_lines": 0, "percent_statements_covered": 0.0, "percent_statements_covered_display": "0"}, "missing_lines": [77, 78, 79, 80, 81, 83, 84, 85, 87, 90, 126, 142, 144, 145, 146, 147, 150, 151, 152, 153, 156, 160, 163, 164, 165, 166, 168, 180, 183, 184, 185, 186, 187, 188, 189, 190, 191, 194, 195, 196, 197, 198, 199, 200, 201, 204, 205, 206, 207, 208, 209, 210, 211, 214, 215, 216, 217, 218, 219, 222, 223, 224, 225, 226, 227, 228, 230, 232, 242, 245, 248, 253, 259, 264, 269, 270, 275, 280, 281, 283, 285, 295, 297, 300, 303, 304, 305, 306, 307, 310, 311, 312, 313, 314, 315, 317, 321, 332, 333, 334, 336, 337, 340, 342, 345, 346, 347, 348, 349, 350, 351, 353, 355, 356, 357, 360, 361, 363, 366, 368, 369, 371, 373, 374, 376, 377, 379, 380, 381, 382, 385, 386, 387, 388, 390, 392, 393, 397, 398, 400, 409, 410, 412, 414, 416, 418, 420, 421, 423, 424, 425, 426, 427, 428, 429, 430, 431, 433, 435, 437, 438, 440, 441, 443, 444, 445, 446, 449, 450, 451, 452, 454, 456, 457, 466, 467, 469, 471, 473, 475, 476, 478, 479, 481, 482, 484, 485, 486, 487, 488, 489, 491, 501, 512, 513, 516, 521, 522, 525, 528, 529, 530, 532, 535, 536, 539, 541, 542, 544, 546, 563, 564, 566, 568, 571, 572, 573, 575, 576, 578, 579, 580, 583, 584, 585, 587, 588, 591, 594, 598, 601, 604, 606, 607, 609, 617, 618, 619, 621, 634, 636, 637, 640, 641, 643, 660, 661, 664, 665, 666, 667, 668, 669, 670, 674, 675, 677, 679, 681, 683, 684, 686, 689, 690, 691, 694, 696, 698, 700, 709, 712, 714, 715, 718, 720, 721, 724, 725, 726, 727, 728, 729, 733, 734, 735, 741, 744, 745, 746, 748, 749, 752, 753, 757, 758, 764, 769, 770, 771, 772, 776, 777, 783, 787, 788, 790, 792, 796, 799, 800, 802, 803, 812, 813, 814, 822, 824, 826, 830, 838, 839, 842, 843, 845, 847, 851, 862, 865, 866, 867, 868, 869, 871, 873, 875, 877, 878, 881, 887, 888, 890, 896, 897, 900, 906, 907, 908, 910], "excluded_lines": [], "functions": {"WeeklyAggregator.__init__": {"executed_lines": [], "summary": {"covered_lines": 0, "num_statements": 15, "percent_covered": 0.0, "percent_covered_display": "0", "missing_lines": 15, "excluded_lines": 0, "percent_statements_covered": 0.0, "percent_statements_covered_display": "0"}, "missing_lines": [142, 144, 145, 146, 147, 150, 151, 152, 153, 156, 160, 163, 164, 165, 166], "excluded_lines": [], "start_line": 126}, "WeeklyAggregator.collect_raw_data": {"executed_lines": [], "summary": {"covered_lines": 0, "num_statements": 40, "percent_covered": 0.0, "percent_covered_display": "0", "missing_lines": 40, "excluded_lines": 0, "percent_statements_covered": 0.0, "percent_statements_covered_display": "0"}, "missing_lines": [180, 183, 184, 185, 186, 187, 188, 189, 190, 191, 194, 195, 196, 197, 198, 199, 200, 201, 204, 205, 206, 207, 208, 209, 210, 211, 214, 215, 216, 217, 218, 219, 222, 223, 224, 225, 226, 227, 228, 230], "excluded_lines": [], "start_line": 168}, "WeeklyAggregator.process_data": {"executed_lines": [], "summary": {"covered_lines": 0, "num_statements": 12, "percent_covered": 0.0, "percent_covered_display": "0", "missing_lines": 12, "excluded_lines": 0, "percent_statements_covered": 0.0, "percent_statements_covered_display": "0"}, "missing_lines": [242, 245, 248, 253, 259, 264, 269, 270, 275, 280, 281, 283], "excluded_lines": [], "start_line": 232}, "WeeklyAggregator.format_output": {"executed_lines": [], "summary": {"covered_lines": 0, "num_statements": 15, "percent_covered": 0.0, "percent_covered_display": "0", "missing_lines": 15, "excluded_lines": 0, "percent_statements_covered": 0.0, "percent_statements_covered_display": "0"}, "missing_lines": [295, 297, 300, 303, 304, 305, 306, 307, 310, 311, 312, 313, 314, 315, 317], "excluded_lines": [], "start_line": 285}, "WeeklyAggregator._fetch_weekly_activities": {"executed_lines": [], "summary": {"covered_lines": 0, "num_statements": 24, "percent_covered": 0.0, "percent_covered_display": "0", "missing_lines": 24, "excluded_lines": 0, "percent_statements_covered": 0.0, "percent_statements_covered_display": "0"}, "missing_lines": [332, 333, 334, 336, 337, 340, 342, 345, 346, 347, 348, 349, 350, 351, 353, 355, 356, 357, 360, 361, 363, 366, 368, 369], "excluded_lines": [], "start_line": 321}, "WeeklyAggregator._fetch_daily_metrics": {"executed_lines": [], "summary": {"covered_lines": 0, "num_statements": 22, "percent_covered": 0.0, "percent_covered_display": "0", "missing_lines": 22, "excluded_lines": 0, "percent_statements_covered": 0.0, "percent_statements_covered_display": "0"}, "missing_lines": [373, 374, 376, 377, 379, 380, 381, 382, 385, 386, 387, 388, 390, 392, 393, 397, 398, 400, 409, 410, 412, 414], "excluded_lines": [], "start_line": 371}, "WeeklyAggregator._load_weekly_feedback": {"executed_lines": [], "summary": {"covered_lines": 0, "num_statements": 13, "percent_covered": 0.0, "percent_covered_display": "0", "missing_lines": 13, "excluded_lines": 0, "percent_statements_covered": 0.0, "percent_statements_covered_display": "0"}, "missing_lines": [418, 420, 421, 423, 424, 425, 426, 427, 428, 429, 430, 431, 433], "excluded_lines": [], "start_line": 416}, "WeeklyAggregator._fetch_wellness_data": {"executed_lines": [], "summary": {"covered_lines": 0, "num_statements": 19, "percent_covered": 0.0, "percent_covered_display": "0", "missing_lines": 19, "excluded_lines": 0, "percent_statements_covered": 0.0, "percent_statements_covered_display": "0"}, "missing_lines": [437, 438, 440, 441, 443, 444, 445, 446, 449, 450, 451, 452, 454, 456, 457, 466, 467, 469, 471], "excluded_lines": [], "start_line": 435}, "WeeklyAggregator._fetch_planned_workouts": {"executed_lines": [], "summary": {"covered_lines": 0, "num_statements": 12, "percent_covered": 0.0, "percent_covered_display": "0", "missing_lines": 12, "excluded_lines": 0, "percent_statements_covered": 0.0, "percent_statements_covered_display": "0"}, "missing_lines": [475, 476, 478, 479, 481, 482, 484, 485, 486, 487, 488, 489], "excluded_lines": [], "start_line": 473}, "WeeklyAggregator._compute_weekly_summary": {"executed_lines": [], "summary": {"covered_lines": 0, "num_statements": 17, "percent_covered": 0.0, "percent_covered_display": "0", "missing_lines": 17, "excluded_lines": 0, "percent_statements_covered": 0.0, "percent_statements_covered_display": "0"}, "missing_lines": [501, 512, 513, 516, 521, 522, 525, 528, 529, 530, 532, 535, 536, 539, 541, 542, 544], "excluded_lines": [], "start_line": 491}, "WeeklyAggregator._extract_gear_metrics": {"executed_lines": [], "summary": {"covered_lines": 0, "num_statements": 28, "percent_covered": 0.0, "percent_covered_display": "0", "missing_lines": 28, "excluded_lines": 0, "percent_statements_covered": 0.0, "percent_statements_covered_display": "0"}, "missing_lines": [563, 564, 566, 568, 571, 572, 573, 575, 576, 578, 579, 580, 583, 584, 585, 587, 588, 591, 594, 598, 601, 604, 606, 607, 609, 617, 618, 619], "excluded_lines": [], "start_line": 546}, "WeeklyAggregator._process_workouts_detailed": {"executed_lines": [], "summary": {"covered_lines": 0, "num_statements": 19, "percent_covered": 0.0, "percent_covered_display": "0", "missing_lines": 19, "excluded_lines": 0, "percent_statements_covered": 0.0, "percent_statements_covered_display": "0"}, "missing_lines": [634, 636, 637, 640, 641, 643, 660, 661, 664, 665, 666, 667, 668, 669, 670, 674, 675, 677, 679], "excluded_lines": [], "start_line": 621}, "WeeklyAggregator._process_metrics_evolution": {"executed_lines": [], "summary": {"covered_lines": 0, "num_statements": 9, "percent_covered": 0.0, "percent_covered_display": "0", "missing_lines": 9, "excluded_lines": 0, "percent_statements_covered": 0.0, "percent_statements_covered_display": "0"}, "missing_lines": [683, 684, 686, 689, 690, 691, 694, 696, 698], "excluded_lines": [], "start_line": 681}, "WeeklyAggregator._extract_training_learnings": {"executed_lines": [], "summary": {"covered_lines": 0, "num_statements": 37, "percent_covered": 0.0, "percent_covered_display": "0", "missing_lines": 37, "excluded_lines": 0, "percent_statements_covered": 0.0, "percent_statements_covered_display": "0"}, "missing_lines": [709, 712, 714, 715, 718, 720, 721, 724, 725, 726, 727, 728, 729, 733, 734, 735, 741, 744, 745, 746, 748, 749, 752, 753, 757, 758, 764, 769, 770, 771, 772, 776, 777, 783, 787, 788, 790], "excluded_lines": [], "start_line": 700}, "WeeklyAggregator._identify_protocol_changes": {"executed_lines": [], "summary": {"covered_lines": 0, "num_statements": 10, "percent_covered": 0.0, "percent_covered_display": "0", "missing_lines": 10, "excluded_lines": 0, "percent_statements_covered": 0.0, "percent_statements_covered_display": "0"}, "missing_lines": [796, 799, 800, 802, 803, 812, 813, 814, 822, 824], "excluded_lines": [], "start_line": 792}, "WeeklyAggregator._compute_compliance": {"executed_lines": [], "summary": {"covered_lines": 0, "num_statements": 6, "percent_covered": 0.0, "percent_covered_display": "0", "missing_lines": 6, "excluded_lines": 0, "percent_statements_covered": 0.0, "percent_statements_covered_display": "0"}, "missing_lines": [830, 838, 839, 842, 843, 845], "excluded_lines": [], "start_line": 826}, "WeeklyAggregator._prepare_transition_data": {"executed_lines": [], "summary": {"covered_lines": 0, "num_statements": 8, "percent_covered": 0.0, "percent_covered_display": "0", "missing_lines": 8, "excluded_lines": 0, "percent_statements_covered": 0.0, "percent_statements_covered_display": "0"}, "missing_lines": [851, 862, 865, 866, 867, 868, 869, 871], "excluded_lines": [], "start_line": 847}, "WeeklyAggregator._analyze_wellness": {"executed_lines": [], "summary": {"covered_lines": 0, "num_statements": 14, "percent_covered": 0.0, "percent_covered_display": "0", "missing_lines": 14, "excluded_lines": 0, "percent_statements_covered": 0.0, "percent_statements_covered_display": "0"}, "missing_lines": [875, 877, 878, 881, 887, 888, 890, 896, 897, 900, 906, 907, 908, 910], "excluded_lines": [], "start_line": 873}, "": {"executed_lines": [], "summary": {"covered_lines": 0, "num_statements": 28, "percent_covered": 0.0, "percent_covered_display": "0", "missing_lines": 28, "excluded_lines": 0, "percent_statements_covered": 0.0, "percent_statements_covered_display": "0"}, "missing_lines": [77, 78, 79, 80, 81, 83, 84, 85, 87, 90, 126, 168, 232, 285, 321, 371, 416, 435, 473, 491, 546, 621, 681, 700, 792, 826, 847, 873], "excluded_lines": [], "start_line": 1}}, "classes": {"WeeklyAggregator": {"executed_lines": [], "summary": {"covered_lines": 0, "num_statements": 320, "percent_covered": 0.0, "percent_covered_display": "0", "missing_lines": 320, "excluded_lines": 0, "percent_statements_covered": 0.0, "percent_statements_covered_display": "0"}, "missing_lines": [142, 144, 145, 146, 147, 150, 151, 152, 153, 156, 160, 163, 164, 165, 166, 180, 183, 184, 185, 186, 187, 188, 189, 190, 191, 194, 195, 196, 197, 198, 199, 200, 201, 204, 205, 206, 207, 208, 209, 210, 211, 214, 215, 216, 217, 218, 219, 222, 223, 224, 225, 226, 227, 228, 230, 242, 245, 248, 253, 259, 264, 269, 270, 275, 280, 281, 283, 295, 297, 300, 303, 304, 305, 306, 307, 310, 311, 312, 313, 314, 315, 317, 332, 333, 334, 336, 337, 340, 342, 345, 346, 347, 348, 349, 350, 351, 353, 355, 356, 357, 360, 361, 363, 366, 368, 369, 373, 374, 376, 377, 379, 380, 381, 382, 385, 386, 387, 388, 390, 392, 393, 397, 398, 400, 409, 410, 412, 414, 418, 420, 421, 423, 424, 425, 426, 427, 428, 429, 430, 431, 433, 437, 438, 440, 441, 443, 444, 445, 446, 449, 450, 451, 452, 454, 456, 457, 466, 467, 469, 471, 475, 476, 478, 479, 481, 482, 484, 485, 486, 487, 488, 489, 501, 512, 513, 516, 521, 522, 525, 528, 529, 530, 532, 535, 536, 539, 541, 542, 544, 563, 564, 566, 568, 571, 572, 573, 575, 576, 578, 579, 580, 583, 584, 585, 587, 588, 591, 594, 598, 601, 604, 606, 607, 609, 617, 618, 619, 634, 636, 637, 640, 641, 643, 660, 661, 664, 665, 666, 667, 668, 669, 670, 674, 675, 677, 679, 683, 684, 686, 689, 690, 691, 694, 696, 698, 709, 712, 714, 715, 718, 720, 721, 724, 725, 726, 727, 728, 729, 733, 734, 735, 741, 744, 745, 746, 748, 749, 752, 753, 757, 758, 764, 769, 770, 771, 772, 776, 777, 783, 787, 788, 790, 796, 799, 800, 802, 803, 812, 813, 814, 822, 824, 830, 838, 839, 842, 843, 845, 851, 862, 865, 866, 867, 868, 869, 871, 875, 877, 878, 881, 887, 888, 890, 896, 897, 900, 906, 907, 908, 910], "excluded_lines": [], "start_line": 90}, "": {"executed_lines": [], "summary": {"covered_lines": 0, "num_statements": 28, "percent_covered": 0.0, "percent_covered_display": "0", "missing_lines": 28, "excluded_lines": 0, "percent_statements_covered": 0.0, "percent_statements_covered_display": "0"}, "missing_lines": [77, 78, 79, 80, 81, 83, 84, 85, 87, 90, 126, 168, 232, 285, 321, 371, 416, 435, 473, 491, 546, 621, 681, 700, 792, 826, 847, 873], "excluded_lines": [], "start_line": 1}}}, "cyclisme_training_logs/analyzers/weekly_analyzer.py": {"executed_lines": [], "summary": {"covered_lines": 0, "num_statements": 141, "percent_covered": 0.0, "percent_covered_display": "0", "missing_lines": 141, "excluded_lines": 1, "percent_statements_covered": 0.0, "percent_statements_covered_display": "0"}, "missing_lines": [62, 63, 64, 66, 68, 71, 84, 98, 100, 101, 103, 111, 113, 122, 123, 125, 138, 140, 146, 148, 149, 150, 154, 159, 160, 165, 166, 167, 168, 171, 172, 173, 174, 177, 178, 179, 181, 182, 184, 185, 187, 189, 199, 201, 202, 204, 206, 208, 209, 211, 212, 217, 220, 221, 222, 223, 224, 227, 228, 229, 231, 232, 234, 235, 237, 239, 250, 252, 254, 255, 256, 258, 260, 263, 264, 266, 268, 280, 282, 284, 285, 286, 287, 288, 290, 292, 294, 309, 311, 312, 313, 316, 317, 319, 322, 323, 324, 327, 329, 330, 331, 333, 335, 338, 339, 340, 341, 342, 344, 346, 357, 359, 361, 364, 365, 366, 367, 368, 371, 372, 373, 374, 377, 378, 380, 382, 390, 392, 394, 395, 396, 398, 399, 401, 403, 405, 407, 408, 410, 411, 413], "excluded_lines": [126], "functions": {"WeeklyAnalyzer.__init__": {"executed_lines": [], "summary": {"covered_lines": 0, "num_statements": 3, "percent_covered": 0.0, "percent_covered_display": "0", "missing_lines": 3, "excluded_lines": 0, "percent_statements_covered": 0.0, "percent_statements_covered_display": "0"}, "missing_lines": [98, 100, 101], "excluded_lines": [], "start_line": 84}, "WeeklyAnalyzer.generate_all_reports": {"executed_lines": [], "summary": {"covered_lines": 0, "num_statements": 4, "percent_covered": 0.0, "percent_covered_display": "0", "missing_lines": 4, "excluded_lines": 0, "percent_statements_covered": 0.0, "percent_statements_covered_display": "0"}, "missing_lines": [111, 113, 122, 123], "excluded_lines": [], "start_line": 103}, "WeeklyAnalyzer.generate_workout_history": {"executed_lines": [], "summary": {"covered_lines": 0, "num_statements": 25, "percent_covered": 0.0, "percent_covered_display": "0", "missing_lines": 25, "excluded_lines": 1, "percent_statements_covered": 0.0, "percent_statements_covered_display": "0"}, "missing_lines": [138, 140, 146, 148, 149, 150, 154, 159, 160, 165, 166, 167, 168, 171, 172, 173, 174, 177, 178, 179, 181, 182, 184, 185, 187], "excluded_lines": [126], "start_line": 125}, "WeeklyAnalyzer.generate_metrics_evolution": {"executed_lines": [], "summary": {"covered_lines": 0, "num_statements": 23, "percent_covered": 0.0, "percent_covered_display": "0", "missing_lines": 23, "excluded_lines": 0, "percent_statements_covered": 0.0, "percent_statements_covered_display": "0"}, "missing_lines": [199, 201, 202, 204, 206, 208, 209, 211, 212, 217, 220, 221, 222, 223, 224, 227, 228, 229, 231, 232, 234, 235, 237], "excluded_lines": [], "start_line": 189}, "WeeklyAnalyzer.generate_training_learnings": {"executed_lines": [], "summary": {"covered_lines": 0, "num_statements": 10, "percent_covered": 0.0, "percent_covered_display": "0", "missing_lines": 10, "excluded_lines": 0, "percent_statements_covered": 0.0, "percent_statements_covered_display": "0"}, "missing_lines": [250, 252, 254, 255, 256, 258, 260, 263, 264, 266], "excluded_lines": [], "start_line": 239}, "WeeklyAnalyzer.generate_protocol_adaptations": {"executed_lines": [], "summary": {"covered_lines": 0, "num_statements": 9, "percent_covered": 0.0, "percent_covered_display": "0", "missing_lines": 9, "excluded_lines": 0, "percent_statements_covered": 0.0, "percent_statements_covered_display": "0"}, "missing_lines": [280, 282, 284, 285, 286, 287, 288, 290, 292], "excluded_lines": [], "start_line": 268}, "WeeklyAnalyzer.generate_transition": {"executed_lines": [], "summary": {"covered_lines": 0, "num_statements": 22, "percent_covered": 0.0, "percent_covered_display": "0", "missing_lines": 22, "excluded_lines": 0, "percent_statements_covered": 0.0, "percent_statements_covered_display": "0"}, "missing_lines": [309, 311, 312, 313, 316, 317, 319, 322, 323, 324, 327, 329, 330, 331, 333, 335, 338, 339, 340, 341, 342, 344], "excluded_lines": [], "start_line": 294}, "WeeklyAnalyzer.generate_bilan_final": {"executed_lines": [], "summary": {"covered_lines": 0, "num_statements": 15, "percent_covered": 0.0, "percent_covered_display": "0", "missing_lines": 15, "excluded_lines": 0, "percent_statements_covered": 0.0, "percent_statements_covered_display": "0"}, "missing_lines": [357, 359, 361, 364, 365, 366, 367, 368, 371, 372, 373, 374, 377, 378, 380], "excluded_lines": [], "start_line": 346}, "WeeklyAnalyzer.save_reports": {"executed_lines": [], "summary": {"covered_lines": 0, "num_statements": 8, "percent_covered": 0.0, "percent_covered_display": "0", "missing_lines": 8, "excluded_lines": 0, "percent_statements_covered": 0.0, "percent_statements_covered_display": "0"}, "missing_lines": [390, 392, 394, 395, 396, 398, 399, 401], "excluded_lines": [], "start_line": 382}, "WeeklyAnalyzer._get_period": {"executed_lines": [], "summary": {"covered_lines": 0, "num_statements": 6, "percent_covered": 0.0, "percent_covered_display": "0", "missing_lines": 6, "excluded_lines": 0, "percent_statements_covered": 0.0, "percent_statements_covered_display": "0"}, "missing_lines": [405, 407, 408, 410, 411, 413], "excluded_lines": [], "start_line": 403}, "": {"executed_lines": [], "summary": {"covered_lines": 0, "num_statements": 16, "percent_covered": 0.0, "percent_covered_display": "0", "missing_lines": 16, "excluded_lines": 0, "percent_statements_covered": 0.0, "percent_statements_covered_display": "0"}, "missing_lines": [62, 63, 64, 66, 68, 71, 84, 103, 125, 189, 239, 268, 294, 346, 382, 403], "excluded_lines": [], "start_line": 1}}, "classes": {"WeeklyAnalyzer": {"executed_lines": [], "summary": {"covered_lines": 0, "num_statements": 125, "percent_covered": 0.0, "percent_covered_display": "0", "missing_lines": 125, "excluded_lines": 1, "percent_statements_covered": 0.0, "percent_statements_covered_display": "0"}, "missing_lines": [98, 100, 101, 111, 113, 122, 123, 138, 140, 146, 148, 149, 150, 154, 159, 160, 165, 166, 167, 168, 171, 172, 173, 174, 177, 178, 179, 181, 182, 184, 185, 187, 199, 201, 202, 204, 206, 208, 209, 211, 212, 217, 220, 221, 222, 223, 224, 227, 228, 229, 231, 232, 234, 235, 237, 250, 252, 254, 255, 256, 258, 260, 263, 264, 266, 280, 282, 284, 285, 286, 287, 288, 290, 292, 309, 311, 312, 313, 316, 317, 319, 322, 323, 324, 327, 329, 330, 331, 333, 335, 338, 339, 340, 341, 342, 344, 357, 359, 361, 364, 365, 366, 367, 368, 371, 372, 373, 374, 377, 378, 380, 390, 392, 394, 395, 396, 398, 399, 401, 405, 407, 408, 410, 411, 413], "excluded_lines": [126], "start_line": 71}, "": {"executed_lines": [], "summary": {"covered_lines": 0, "num_statements": 16, "percent_covered": 0.0, "percent_covered_display": "0", "missing_lines": 16, "excluded_lines": 0, "percent_statements_covered": 0.0, "percent_statements_covered_display": "0"}, "missing_lines": [62, 63, 64, 66, 68, 71, 84, 103, 125, 189, 239, 268, 294, 346, 382, 403], "excluded_lines": [], "start_line": 1}}}, "cyclisme_training_logs/api/__init__.py": {"executed_lines": [7, 9], "summary": {"covered_lines": 2, "num_statements": 2, "percent_covered": 100.0, "percent_covered_display": "100", "missing_lines": 0, "excluded_lines": 0, "percent_statements_covered": 100.0, "percent_statements_covered_display": "100"}, "missing_lines": [], "excluded_lines": [], "functions": {"": {"executed_lines": [7, 9], "summary": {"covered_lines": 2, "num_statements": 2, "percent_covered": 100.0, "percent_covered_display": "100", "missing_lines": 0, "excluded_lines": 0, "percent_statements_covered": 100.0, "percent_statements_covered_display": "100"}, "missing_lines": [], "excluded_lines": [], "start_line": 1}}, "classes": {"": {"executed_lines": [7, 9], "summary": {"covered_lines": 2, "num_statements": 2, "percent_covered": 100.0, "percent_covered_display": "100", "missing_lines": 0, "excluded_lines": 0, "percent_statements_covered": 100.0, "percent_statements_covered_display": "100"}, "missing_lines": [], "excluded_lines": [], "start_line": 1}}}, "cyclisme_training_logs/api/intervals_client.py": {"executed_lines": [10, 11, 12, 14, 16, 19, 38, 40, 59, 81, 118, 143, 172, 214, 251, 290, 346, 377], "summary": {"covered_lines": 18, "num_statements": 124, "percent_covered": 14.516129032258064, "percent_covered_display": "15", "missing_lines": 106, "excluded_lines": 0, "percent_statements_covered": 14.516129032258064, "percent_statements_covered_display": "15"}, "missing_lines": [51, 52, 54, 55, 56, 57, 75, 77, 78, 79, 106, 108, 109, 110, 111, 112, 114, 115, 116, 137, 139, 140, 141, 166, 168, 169, 170, 202, 204, 205, 206, 207, 208, 210, 211, 212, 239, 241, 242, 243, 244, 245, 247, 248, 249, 278, 279, 281, 284, 285, 286, 288, 321, 322, 323, 324, 326, 327, 328, 330, 331, 332, 333, 334, 335, 336, 337, 338, 339, 341, 342, 343, 344, 360, 361, 362, 363, 364, 365, 367, 368, 369, 370, 371, 373, 374, 375, 393, 394, 395, 396, 398, 399, 400, 402, 403, 404, 405, 406, 407, 408, 409, 410, 412, 413, 414], "excluded_lines": [], "functions": {"IntervalsClient.__init__": {"executed_lines": [], "summary": {"covered_lines": 0, "num_statements": 6, "percent_covered": 0.0, "percent_covered_display": "0", "missing_lines": 6, "excluded_lines": 0, "percent_statements_covered": 0.0, "percent_statements_covered_display": "0"}, "missing_lines": [51, 52, 54, 55, 56, 57], "excluded_lines": [], "start_line": 40}, "IntervalsClient.get_athlete": {"executed_lines": [], "summary": {"covered_lines": 0, "num_statements": 4, "percent_covered": 0.0, "percent_covered_display": "0", "missing_lines": 4, "excluded_lines": 0, "percent_statements_covered": 0.0, "percent_statements_covered_display": "0"}, "missing_lines": [75, 77, 78, 79], "excluded_lines": [], "start_line": 59}, "IntervalsClient.get_activities": {"executed_lines": [], "summary": {"covered_lines": 0, "num_statements": 9, "percent_covered": 0.0, "percent_covered_display": "0", "missing_lines": 9, "excluded_lines": 0, "percent_statements_covered": 0.0, "percent_statements_covered_display": "0"}, "missing_lines": [106, 108, 109, 110, 111, 112, 114, 115, 116], "excluded_lines": [], "start_line": 81}, "IntervalsClient.get_activity": {"executed_lines": [], "summary": {"covered_lines": 0, "num_statements": 4, "percent_covered": 0.0, "percent_covered_display": "0", "missing_lines": 4, "excluded_lines": 0, "percent_statements_covered": 0.0, "percent_statements_covered_display": "0"}, "missing_lines": [137, 139, 140, 141], "excluded_lines": [], "start_line": 118}, "IntervalsClient.get_activity_streams": {"executed_lines": [], "summary": {"covered_lines": 0, "num_statements": 4, "percent_covered": 0.0, "percent_covered_display": "0", "missing_lines": 4, "excluded_lines": 0, "percent_statements_covered": 0.0, "percent_statements_covered_display": "0"}, "missing_lines": [166, 168, 169, 170], "excluded_lines": [], "start_line": 143}, "IntervalsClient.get_wellness": {"executed_lines": [], "summary": {"covered_lines": 0, "num_statements": 9, "percent_covered": 0.0, "percent_covered_display": "0", "missing_lines": 9, "excluded_lines": 0, "percent_statements_covered": 0.0, "percent_statements_covered_display": "0"}, "missing_lines": [202, 204, 205, 206, 207, 208, 210, 211, 212], "excluded_lines": [], "start_line": 172}, "IntervalsClient.get_events": {"executed_lines": [], "summary": {"covered_lines": 0, "num_statements": 9, "percent_covered": 0.0, "percent_covered_display": "0", "missing_lines": 9, "excluded_lines": 0, "percent_statements_covered": 0.0, "percent_statements_covered_display": "0"}, "missing_lines": [239, 241, 242, 243, 244, 245, 247, 248, 249], "excluded_lines": [], "start_line": 214}, "IntervalsClient.get_planned_workout": {"executed_lines": [], "summary": {"covered_lines": 0, "num_statements": 7, "percent_covered": 0.0, "percent_covered_display": "0", "missing_lines": 7, "excluded_lines": 0, "percent_statements_covered": 0.0, "percent_statements_covered_display": "0"}, "missing_lines": [278, 279, 281, 284, 285, 286, 288], "excluded_lines": [], "start_line": 251}, "IntervalsClient.create_event": {"executed_lines": [], "summary": {"covered_lines": 0, "num_statements": 21, "percent_covered": 0.0, "percent_covered_display": "0", "missing_lines": 21, "excluded_lines": 0, "percent_statements_covered": 0.0, "percent_statements_covered_display": "0"}, "missing_lines": [321, 322, 323, 324, 326, 327, 328, 330, 331, 332, 333, 334, 335, 336, 337, 338, 339, 341, 342, 343, 344], "excluded_lines": [], "start_line": 290}, "IntervalsClient.delete_event": {"executed_lines": [], "summary": {"covered_lines": 0, "num_statements": 14, "percent_covered": 0.0, "percent_covered_display": "0", "missing_lines": 14, "excluded_lines": 0, "percent_statements_covered": 0.0, "percent_statements_covered_display": "0"}, "missing_lines": [360, 361, 362, 363, 364, 365, 367, 368, 369, 370, 371, 373, 374, 375], "excluded_lines": [], "start_line": 346}, "IntervalsClient.update_event": {"executed_lines": [], "summary": {"covered_lines": 0, "num_statements": 19, "percent_covered": 0.0, "percent_covered_display": "0", "missing_lines": 19, "excluded_lines": 0, "percent_statements_covered": 0.0, "percent_statements_covered_display": "0"}, "missing_lines": [393, 394, 395, 396, 398, 399, 400, 402, 403, 404, 405, 406, 407, 408, 409, 410, 412, 413, 414], "excluded_lines": [], "start_line": 377}, "": {"executed_lines": [10, 11, 12, 14, 16, 19, 38, 40, 59, 81, 118, 143, 172, 214, 251, 290, 346, 377], "summary": {"covered_lines": 18, "num_statements": 18, "percent_covered": 100.0, "percent_covered_display": "100", "missing_lines": 0, "excluded_lines": 0, "percent_statements_covered": 100.0, "percent_statements_covered_display": "100"}, "missing_lines": [], "excluded_lines": [], "start_line": 1}}, "classes": {"IntervalsClient": {"executed_lines": [], "summary": {"covered_lines": 0, "num_statements": 106, "percent_covered": 0.0, "percent_covered_display": "0", "missing_lines": 106, "excluded_lines": 0, "percent_statements_covered": 0.0, "percent_statements_covered_display": "0"}, "missing_lines": [51, 52, 54, 55, 56, 57, 75, 77, 78, 79, 106, 108, 109, 110, 111, 112, 114, 115, 116, 137, 139, 140, 141, 166, 168, 169, 170, 202, 204, 205, 206, 207, 208, 210, 211, 212, 239, 241, 242, 243, 244, 245, 247, 248, 249, 278, 279, 281, 284, 285, 286, 288, 321, 322, 323, 324, 326, 327, 328, 330, 331, 332, 333, 334, 335, 336, 337, 338, 339, 341, 342, 343, 344, 360, 361, 362, 363, 364, 365, 367, 368, 369, 370, 371, 373, 374, 375, 393, 394, 395, 396, 398, 399, 400, 402, 403, 404, 405, 406, 407, 408, 409, 410, 412, 413, 414], "excluded_lines": [], "start_line": 19}, "": {"executed_lines": [10, 11, 12, 14, 16, 19, 38, 40, 59, 81, 118, 143, 172, 214, 251, 290, 346, 377], "summary": {"covered_lines": 18, "num_statements": 18, "percent_covered": 100.0, "percent_covered_display": "100", "missing_lines": 0, "excluded_lines": 0, "percent_statements_covered": 100.0, "percent_statements_covered_display": "100"}, "missing_lines": [], "excluded_lines": [], "start_line": 1}}}, "cyclisme_training_logs/check_activity_sources.py": {"executed_lines": [], "summary": {"covered_lines": 0, "num_statements": 104, "percent_covered": 0.0, "percent_covered_display": "0", "missing_lines": 104, "excluded_lines": 0, "percent_statements_covered": 0.0, "percent_statements_covered_display": "0"}, "missing_lines": [12, 13, 14, 15, 16, 18, 20, 23, 25, 27, 28, 30, 31, 34, 36, 42, 45, 47, 49, 50, 51, 56, 60, 63, 65, 66, 68, 69, 70, 71, 72, 75, 76, 78, 79, 81, 82, 83, 85, 87, 90, 91, 93, 94, 95, 97, 98, 101, 102, 103, 104, 107, 108, 109, 110, 111, 112, 113, 116, 117, 119, 120, 121, 122, 123, 125, 126, 127, 128, 130, 133, 134, 135, 138, 139, 140, 141, 143, 144, 147, 148, 150, 153, 154, 155, 156, 157, 158, 159, 160, 161, 162, 164, 165, 166, 167, 168, 169, 170, 171, 173, 174, 177, 178], "excluded_lines": [], "functions": {"load_config": {"executed_lines": [], "summary": {"covered_lines": 0, "num_statements": 5, "percent_covered": 0.0, "percent_covered_display": "0", "missing_lines": 5, "excluded_lines": 0, "percent_statements_covered": 0.0, "percent_statements_covered_display": "0"}, "missing_lines": [25, 27, 28, 30, 31], "excluded_lines": [], "start_line": 23}, "format_source_icon": {"executed_lines": [], "summary": {"covered_lines": 0, "num_statements": 2, "percent_covered": 0.0, "percent_covered_display": "0", "missing_lines": 2, "excluded_lines": 0, "percent_statements_covered": 0.0, "percent_statements_covered_display": "0"}, "missing_lines": [36, 42], "excluded_lines": [], "start_line": 34}, "main": {"executed_lines": [], "summary": {"covered_lines": 0, "num_statements": 85, "percent_covered": 0.0, "percent_covered_display": "0", "missing_lines": 85, "excluded_lines": 0, "percent_statements_covered": 0.0, "percent_statements_covered_display": "0"}, "missing_lines": [47, 49, 50, 51, 56, 60, 63, 65, 66, 68, 69, 70, 71, 72, 75, 76, 78, 79, 81, 82, 83, 85, 87, 90, 91, 93, 94, 95, 97, 98, 101, 102, 103, 104, 107, 108, 109, 110, 111, 112, 113, 116, 117, 119, 120, 121, 122, 123, 125, 126, 127, 128, 130, 133, 134, 135, 138, 139, 140, 141, 143, 144, 147, 148, 150, 153, 154, 155, 156, 157, 158, 159, 160, 161, 162, 164, 165, 166, 167, 168, 169, 170, 171, 173, 174], "excluded_lines": [], "start_line": 45}, "": {"executed_lines": [], "summary": {"covered_lines": 0, "num_statements": 12, "percent_covered": 0.0, "percent_covered_display": "0", "missing_lines": 12, "excluded_lines": 0, "percent_statements_covered": 0.0, "percent_statements_covered_display": "0"}, "missing_lines": [12, 13, 14, 15, 16, 18, 20, 23, 34, 45, 177, 178], "excluded_lines": [], "start_line": 1}}, "classes": {"": {"executed_lines": [], "summary": {"covered_lines": 0, "num_statements": 104, "percent_covered": 0.0, "percent_covered_display": "0", "missing_lines": 104, "excluded_lines": 0, "percent_statements_covered": 0.0, "percent_statements_covered_display": "0"}, "missing_lines": [12, 13, 14, 15, 16, 18, 20, 23, 25, 27, 28, 30, 31, 34, 36, 42, 45, 47, 49, 50, 51, 56, 60, 63, 65, 66, 68, 69, 70, 71, 72, 75, 76, 78, 79, 81, 82, 83, 85, 87, 90, 91, 93, 94, 95, 97, 98, 101, 102, 103, 104, 107, 108, 109, 110, 111, 112, 113, 116, 117, 119, 120, 121, 122, 123, 125, 126, 127, 128, 130, 133, 134, 135, 138, 139, 140, 141, 143, 144, 147, 148, 150, 153, 154, 155, 156, 157, 158, 159, 160, 161, 162, 164, 165, 166, 167, 168, 169, 170, 171, 173, 174, 177, 178], "excluded_lines": [], "start_line": 1}}}, "cyclisme_training_logs/collect_athlete_feedback.py": {"executed_lines": [], "summary": {"covered_lines": 0, "num_statements": 226, "percent_covered": 0.0, "percent_covered_display": "0", "missing_lines": 226, "excluded_lines": 0, "percent_statements_covered": 0.0, "percent_statements_covered_display": "0"}, "missing_lines": [16, 17, 18, 19, 20, 23, 26, 34, 36, 37, 38, 39, 41, 43, 44, 46, 49, 50, 51, 52, 53, 56, 57, 58, 59, 62, 63, 66, 67, 68, 69, 70, 71, 72, 73, 75, 76, 78, 80, 81, 82, 83, 84, 85, 86, 87, 88, 89, 91, 92, 94, 95, 96, 98, 99, 100, 101, 102, 103, 105, 107, 108, 109, 110, 111, 112, 113, 115, 117, 118, 119, 120, 121, 123, 124, 125, 126, 127, 128, 130, 131, 132, 133, 135, 137, 138, 139, 141, 142, 144, 145, 146, 147, 149, 151, 153, 156, 158, 165, 167, 169, 171, 174, 176, 182, 185, 190, 191, 193, 196, 197, 199, 202, 207, 208, 209, 211, 220, 221, 222, 223, 224, 225, 227, 229, 232, 236, 238, 240, 241, 243, 244, 246, 248, 249, 251, 252, 254, 256, 257, 258, 260, 262, 264, 266, 267, 269, 270, 272, 273, 275, 276, 277, 278, 280, 281, 282, 283, 285, 286, 288, 289, 291, 292, 293, 294, 296, 299, 301, 303, 306, 307, 308, 313, 314, 315, 316, 317, 318, 320, 323, 324, 325, 326, 327, 328, 329, 330, 331, 332, 333, 336, 337, 338, 339, 340, 341, 342, 344, 351, 352, 353, 356, 357, 358, 359, 361, 362, 365, 366, 367, 369, 372, 375, 376, 378, 379, 380, 381, 382, 384, 386, 387, 388, 391, 392], "excluded_lines": [], "functions": {"AthleteFeedbackCollector.__init__": {"executed_lines": [], "summary": {"covered_lines": 0, "num_statements": 5, "percent_covered": 0.0, "percent_covered_display": "0", "missing_lines": 5, "excluded_lines": 0, "percent_statements_covered": 0.0, "percent_statements_covered_display": "0"}, "missing_lines": [34, 36, 37, 38, 39], "excluded_lines": [], "start_line": 26}, "AthleteFeedbackCollector.display_activity_context": {"executed_lines": [], "summary": {"covered_lines": 0, "num_statements": 24, "percent_covered": 0.0, "percent_covered_display": "0", "missing_lines": 24, "excluded_lines": 0, "percent_statements_covered": 0.0, "percent_statements_covered_display": "0"}, "missing_lines": [43, 44, 46, 49, 50, 51, 52, 53, 56, 57, 58, 59, 62, 63, 66, 67, 68, 69, 70, 71, 72, 73, 75, 76], "excluded_lines": [], "start_line": 41}, "AthleteFeedbackCollector.prompt_rpe": {"executed_lines": [], "summary": {"covered_lines": 0, "num_statements": 21, "percent_covered": 0.0, "percent_covered_display": "0", "missing_lines": 21, "excluded_lines": 0, "percent_statements_covered": 0.0, "percent_statements_covered_display": "0"}, "missing_lines": [80, 81, 82, 83, 84, 85, 86, 87, 88, 89, 91, 92, 94, 95, 96, 98, 99, 100, 101, 102, 103], "excluded_lines": [], "start_line": 78}, "AthleteFeedbackCollector.prompt_text": {"executed_lines": [], "summary": {"covered_lines": 0, "num_statements": 7, "percent_covered": 0.0, "percent_covered_display": "0", "missing_lines": 7, "excluded_lines": 0, "percent_statements_covered": 0.0, "percent_statements_covered_display": "0"}, "missing_lines": [107, 108, 109, 110, 111, 112, 113], "excluded_lines": [], "start_line": 105}, "AthleteFeedbackCollector.prompt_multiline": {"executed_lines": [], "summary": {"covered_lines": 0, "num_statements": 15, "percent_covered": 0.0, "percent_covered_display": "0", "missing_lines": 15, "excluded_lines": 0, "percent_statements_covered": 0.0, "percent_statements_covered_display": "0"}, "missing_lines": [117, 118, 119, 120, 121, 123, 124, 125, 126, 127, 128, 130, 131, 132, 133], "excluded_lines": [], "start_line": 115}, "AthleteFeedbackCollector.prompt_yes_no": {"executed_lines": [], "summary": {"covered_lines": 0, "num_statements": 9, "percent_covered": 0.0, "percent_covered_display": "0", "missing_lines": 9, "excluded_lines": 0, "percent_statements_covered": 0.0, "percent_statements_covered_display": "0"}, "missing_lines": [137, 138, 139, 141, 142, 144, 145, 146, 147], "excluded_lines": [], "start_line": 135}, "AthleteFeedbackCollector.collect_quick_feedback": {"executed_lines": [], "summary": {"covered_lines": 0, "num_statements": 5, "percent_covered": 0.0, "percent_covered_display": "0", "missing_lines": 5, "excluded_lines": 0, "percent_statements_covered": 0.0, "percent_statements_covered_display": "0"}, "missing_lines": [151, 153, 156, 158, 165], "excluded_lines": [], "start_line": 149}, "AthleteFeedbackCollector.collect_full_feedback": {"executed_lines": [], "summary": {"covered_lines": 0, "num_statements": 27, "percent_covered": 0.0, "percent_covered_display": "0", "missing_lines": 27, "excluded_lines": 0, "percent_statements_covered": 0.0, "percent_statements_covered_display": "0"}, "missing_lines": [169, 171, 174, 176, 182, 185, 190, 191, 193, 196, 197, 199, 202, 207, 208, 209, 211, 220, 221, 222, 223, 224, 225, 227, 229, 232, 236], "excluded_lines": [], "start_line": 167}, "AthleteFeedbackCollector.save_feedback": {"executed_lines": [], "summary": {"covered_lines": 0, "num_statements": 4, "percent_covered": 0.0, "percent_covered_display": "0", "missing_lines": 4, "excluded_lines": 0, "percent_statements_covered": 0.0, "percent_statements_covered_display": "0"}, "missing_lines": [240, 241, 243, 244], "excluded_lines": [], "start_line": 238}, "AthleteFeedbackCollector.load_feedback": {"executed_lines": [], "summary": {"covered_lines": 0, "num_statements": 4, "percent_covered": 0.0, "percent_covered_display": "0", "missing_lines": 4, "excluded_lines": 0, "percent_statements_covered": 0.0, "percent_statements_covered_display": "0"}, "missing_lines": [248, 249, 251, 252], "excluded_lines": [], "start_line": 246}, "AthleteFeedbackCollector.clear_feedback": {"executed_lines": [], "summary": {"covered_lines": 0, "num_statements": 4, "percent_covered": 0.0, "percent_covered_display": "0", "missing_lines": 4, "excluded_lines": 0, "percent_statements_covered": 0.0, "percent_statements_covered_display": "0"}, "missing_lines": [256, 257, 258, 260], "excluded_lines": [], "start_line": 254}, "AthleteFeedbackCollector.display_feedback": {"executed_lines": [], "summary": {"covered_lines": 0, "num_statements": 24, "percent_covered": 0.0, "percent_covered_display": "0", "missing_lines": 24, "excluded_lines": 0, "percent_statements_covered": 0.0, "percent_statements_covered_display": "0"}, "missing_lines": [264, 266, 267, 269, 270, 272, 273, 275, 276, 277, 278, 280, 281, 282, 283, 285, 286, 288, 289, 291, 292, 293, 294, 296], "excluded_lines": [], "start_line": 262}, "main": {"executed_lines": [], "summary": {"covered_lines": 0, "num_statements": 56, "percent_covered": 0.0, "percent_covered_display": "0", "missing_lines": 56, "excluded_lines": 0, "percent_statements_covered": 0.0, "percent_statements_covered_display": "0"}, "missing_lines": [301, 303, 306, 307, 308, 313, 314, 315, 316, 317, 318, 320, 323, 324, 325, 326, 327, 328, 329, 330, 331, 332, 333, 336, 337, 338, 339, 340, 341, 342, 344, 351, 352, 353, 356, 357, 358, 359, 361, 362, 365, 366, 367, 369, 372, 375, 376, 378, 379, 380, 381, 382, 384, 386, 387, 388], "excluded_lines": [], "start_line": 299}, "": {"executed_lines": [], "summary": {"covered_lines": 0, "num_statements": 21, "percent_covered": 0.0, "percent_covered_display": "0", "missing_lines": 21, "excluded_lines": 0, "percent_statements_covered": 0.0, "percent_statements_covered_display": "0"}, "missing_lines": [16, 17, 18, 19, 20, 23, 26, 41, 78, 105, 115, 135, 149, 167, 238, 246, 254, 262, 299, 391, 392], "excluded_lines": [], "start_line": 1}}, "classes": {"AthleteFeedbackCollector": {"executed_lines": [], "summary": {"covered_lines": 0, "num_statements": 149, "percent_covered": 0.0, "percent_covered_display": "0", "missing_lines": 149, "excluded_lines": 0, "percent_statements_covered": 0.0, "percent_statements_covered_display": "0"}, "missing_lines": [34, 36, 37, 38, 39, 43, 44, 46, 49, 50, 51, 52, 53, 56, 57, 58, 59, 62, 63, 66, 67, 68, 69, 70, 71, 72, 73, 75, 76, 80, 81, 82, 83, 84, 85, 86, 87, 88, 89, 91, 92, 94, 95, 96, 98, 99, 100, 101, 102, 103, 107, 108, 109, 110, 111, 112, 113, 117, 118, 119, 120, 121, 123, 124, 125, 126, 127, 128, 130, 131, 132, 133, 137, 138, 139, 141, 142, 144, 145, 146, 147, 151, 153, 156, 158, 165, 169, 171, 174, 176, 182, 185, 190, 191, 193, 196, 197, 199, 202, 207, 208, 209, 211, 220, 221, 222, 223, 224, 225, 227, 229, 232, 236, 240, 241, 243, 244, 248, 249, 251, 252, 256, 257, 258, 260, 264, 266, 267, 269, 270, 272, 273, 275, 276, 277, 278, 280, 281, 282, 283, 285, 286, 288, 289, 291, 292, 293, 294, 296], "excluded_lines": [], "start_line": 23}, "": {"executed_lines": [], "summary": {"covered_lines": 0, "num_statements": 77, "percent_covered": 0.0, "percent_covered_display": "0", "missing_lines": 77, "excluded_lines": 0, "percent_statements_covered": 0.0, "percent_statements_covered_display": "0"}, "missing_lines": [16, 17, 18, 19, 20, 23, 26, 41, 78, 105, 115, 135, 149, 167, 238, 246, 254, 262, 299, 301, 303, 306, 307, 308, 313, 314, 315, 316, 317, 318, 320, 323, 324, 325, 326, 327, 328, 329, 330, 331, 332, 333, 336, 337, 338, 339, 340, 341, 342, 344, 351, 352, 353, 356, 357, 358, 359, 361, 362, 365, 366, 367, 369, 372, 375, 376, 378, 379, 380, 381, 382, 384, 386, 387, 388, 391, 392], "excluded_lines": [], "start_line": 1}}}, "cyclisme_training_logs/config/__init__.py": {"executed_lines": [14, 15, 32, 37, 39], "summary": {"covered_lines": 5, "num_statements": 5, "percent_covered": 100.0, "percent_covered_display": "100", "missing_lines": 0, "excluded_lines": 0, "percent_statements_covered": 100.0, "percent_statements_covered_display": "100"}, "missing_lines": [], "excluded_lines": [], "functions": {"": {"executed_lines": [14, 15, 32, 37, 39], "summary": {"covered_lines": 5, "num_statements": 5, "percent_covered": 100.0, "percent_covered_display": "100", "missing_lines": 0, "excluded_lines": 0, "percent_statements_covered": 100.0, "percent_statements_covered_display": "100"}, "missing_lines": [], "excluded_lines": [], "start_line": 1}}, "classes": {"": {"executed_lines": [14, 15, 32, 37, 39], "summary": {"co
[...]
": [324], "excluded_lines": [], "start_line": 315}, "WorkflowState.reset": {"executed_lines": [], "summary": {"covered_lines": 0, "num_statements": 2, "percent_covered": 0.0, "percent_covered_display": "0", "missing_lines": 2, "excluded_lines": 0, "percent_statements_covered": 0.0, "percent_statements_covered_display": "0"}, "missing_lines": [328, 334], "excluded_lines": [], "start_line": 326}, "main": {"executed_lines": [], "summary": {"covered_lines": 0, "num_statements": 16, "percent_covered": 0.0, "percent_covered_display": "0", "missing_lines": 16, "excluded_lines": 0, "percent_statements_covered": 0.0, "percent_statements_covered_display": "0"}, "missing_lines": [339, 341, 342, 343, 344, 345, 346, 347, 348, 351, 352, 353, 354, 355, 356, 357], "excluded_lines": [], "start_line": 337}, "": {"executed_lines": [50, 51, 52, 54, 57, 60, 62, 86, 108, 116, 142, 146, 147, 181, 222, 231, 240, 260, 276, 286, 302, 315, 326, 337, 360], "summary": {"covered_lines": 25, "num_statements": 26, "percent_covered": 96.15384615384616, "percent_covered_display": "96", "missing_lines": 1, "excluded_lines": 0, "percent_statements_covered": 96.15384615384616, "percent_statements_covered_display": "96"}, "missing_lines": [361], "excluded_lines": [], "start_line": 1}}, "classes": {"WorkflowState": {"executed_lines": [71, 81, 82, 84, 88, 96, 97, 98, 99, 100, 101], "summary": {"covered_lines": 11, "num_statements": 80, "percent_covered": 13.75, "percent_covered_display": "14", "missing_lines": 69, "excluded_lines": 0, "percent_statements_covered": 13.75, "percent_statements_covered_display": "14"}, "missing_lines": [72, 73, 74, 75, 77, 78, 89, 110, 111, 112, 113, 114, 124, 126, 127, 130, 131, 138, 140, 144, 164, 165, 166, 169, 170, 171, 175, 176, 177, 179, 191, 193, 195, 196, 199, 200, 202, 203, 204, 206, 209, 210, 213, 214, 217, 218, 220, 224, 235, 236, 248, 249, 251, 252, 258, 270, 271, 273, 274, 282, 293, 294, 296, 300, 311, 313, 324, 328, 334], "excluded_lines": [], "start_line": 57}, "": {"executed_lines": [50, 51, 52, 54, 57, 60, 62, 86, 108, 116, 142, 146, 147, 181, 222, 231, 240, 260, 276, 286, 302, 315, 326, 337, 360], "summary": {"covered_lines": 25, "num_statements": 42, "percent_covered": 59.523809523809526, "percent_covered_display": "60", "missing_lines": 17, "excluded_lines": 0, "percent_statements_covered": 59.523809523809526, "percent_statements_covered_display": "60"}, "missing_lines": [339, 341, 342, 343, 344, 345, 346, 347, 348, 351, 352, 353, 354, 355, 356, 357, 361], "excluded_lines": [], "start_line": 1}}}, "cyclisme_training_logs/workflows/__init__.py": {"executed_lines": [], "summary": {"covered_lines": 0, "num_statements": 0, "percent_covered": 100.0, "percent_covered_display": "100", "missing_lines": 0, "excluded_lines": 0, "percent_statements_covered": 100.0, "percent_statements_covered_display": "100"}, "missing_lines": [], "excluded_lines": [], "functions": {"": {"executed_lines": [], "summary": {"covered_lines": 0, "num_statements": 0, "percent_covered": 100.0, "percent_covered_display": "100", "missing_lines": 0, "excluded_lines": 0, "percent_statements_covered": 100.0, "percent_statements_covered_display": "100"}, "missing_lines": [], "excluded_lines": [], "start_line": 1}}, "classes": {"": {"executed_lines": [], "summary": {"covered_lines": 0, "num_statements": 0, "percent_covered": 100.0, "percent_covered_display": "100", "missing_lines": 0, "excluded_lines": 0, "percent_statements_covered": 100.0, "percent_statements_covered_display": "100"}, "missing_lines": [], "excluded_lines": [], "start_line": 1}}}, "cyclisme_training_logs/workflows/end_of_week.py": {"executed_lines": [], "summary": {"covered_lines": 0, "num_statements": 294, "percent_covered": 0.0, "percent_covered_display": "0", "missing_lines": 294, "excluded_lines": 0, "percent_statements_covered": 0.0, "percent_statements_covered_display": "0"}, "missing_lines": [42, 43, 44, 45, 47, 50, 76, 77, 80, 83, 84, 86, 89, 92, 112, 113, 114, 115, 116, 117, 120, 121, 122, 123, 126, 127, 128, 129, 130, 131, 132, 133, 136, 137, 138, 139, 140, 142, 149, 150, 151, 152, 153, 154, 158, 162, 164, 166, 167, 170, 171, 174, 175, 178, 179, 182, 183, 186, 187, 190, 191, 193, 194, 195, 196, 197, 198, 199, 201, 202, 204, 206, 207, 208, 209, 211, 212, 213, 217, 219, 220, 227, 228, 229, 232, 233, 235, 236, 237, 241, 243, 244, 245, 247, 249, 256, 258, 259, 260, 261, 263, 265, 267, 268, 269, 270, 272, 273, 274, 275, 277, 278, 279, 283, 284, 285, 287, 288, 289, 290, 291, 294, 295, 297, 298, 299, 301, 303, 304, 305, 306, 308, 309, 310, 311, 313, 314, 315, 316, 317, 318, 320, 321, 323, 325, 326, 327, 328, 329, 330, 333, 334, 335, 336, 338, 339, 342, 343, 344, 345, 346, 348, 349, 351, 353, 354, 355, 356, 358, 360, 361, 362, 363, 365, 367, 368, 369, 370, 372, 373, 374, 376, 379, 382, 383, 385, 386, 388, 389, 392, 393, 394, 395, 397, 398, 400, 401, 402, 404, 406, 407, 408, 409, 411, 412, 413, 415, 416, 417, 419, 420, 425, 427, 428, 429, 430, 431, 432, 433, 434, 437, 438, 439, 444, 446, 447, 448, 451, 453, 454, 455, 457, 459, 460, 461, 462, 464, 465, 466, 468, 469, 470, 471, 474, 476, 478, 479, 480, 481, 482, 483, 484, 485, 486, 487, 488, 489, 490, 491, 492, 493, 496, 498, 526, 533, 540, 548, 554, 560, 566, 572, 575, 577, 580, 581, 582, 583, 585, 586, 587, 588, 591, 592, 594, 595, 596, 597, 598, 599, 602, 611, 613, 616, 617], "excluded_lines": [], "functions": {"calculate_week_start_date": {"executed_lines": [], "summary": {"covered_lines": 0, "num_statements": 6, "percent_covered": 0.0, "percent_covered_display": "0", "missing_lines": 6, "excluded_lines": 0, "percent_statements_covered": 0.0, "percent_statements_covered_display": "0"}, "missing_lines": [76, 77, 80, 83, 84, 86], "excluded_lines": [], "start_line": 50}, "EndOfWeekWorkflow.__init__": {"executed_lines": [], "summary": {"covered_lines": 0, "num_statements": 23, "percent_covered": 0.0, "percent_covered_display": "0", "missing_lines": 23, "excluded_lines": 0, "percent_statements_covered": 0.0, "percent_statements_covered_display": "0"}, "missing_lines": [112, 113, 114, 115, 116, 117, 120, 121, 122, 123, 126, 127, 128, 129, 130, 131, 132, 133, 136, 137, 138, 139, 140], "excluded_lines": [], "start_line": 92}, "EndOfWeekWorkflow.run": {"executed_lines": [], "summary": {"covered_lines": 0, "num_statements": 32, "percent_covered": 0.0, "percent_covered_display": "0", "missing_lines": 32, "excluded_lines": 0, "percent_statements_covered": 0.0, "percent_statements_covered_display": "0"}, "missing_lines": [149, 150, 151, 152, 153, 154, 158, 162, 164, 166, 167, 170, 171, 174, 175, 178, 179, 182, 183, 186, 187, 190, 191, 193, 194, 195, 196, 197, 198, 199, 201, 202], "excluded_lines": [], "start_line": 142}, "EndOfWeekWorkflow._step1_analyze_completed_week": {"executed_lines": [], "summary": {"covered_lines": 0, "num_statements": 22, "percent_covered": 0.0, "percent_covered_display": "0", "missing_lines": 22, "excluded_lines": 0, "percent_statements_covered": 0.0, "percent_statements_covered_display": "0"}, "missing_lines": [206, 207, 208, 209, 211, 212, 213, 217, 219, 220, 227, 228, 229, 232, 233, 235, 236, 237, 241, 243, 244, 245], "excluded_lines": [], "start_line": 204}, "EndOfWeekWorkflow._load_existing_reports": {"executed_lines": [], "summary": {"covered_lines": 0, "num_statements": 7, "percent_covered": 0.0, "percent_covered_display": "0", "missing_lines": 7, "excluded_lines": 0, "percent_statements_covered": 0.0, "percent_statements_covered_display": "0"}, "missing_lines": [249, 256, 258, 259, 260, 261, 263], "excluded_lines": [], "start_line": 247}, "EndOfWeekWorkflow._step2_generate_planning_prompt": {"executed_lines": [], "summary": {"covered_lines": 0, "num_statements": 24, "percent_covered": 0.0, "percent_covered_display": "0", "missing_lines": 24, "excluded_lines": 0, "percent_statements_covered": 0.0, "percent_statements_covered_display": "0"}, "missing_lines": [267, 268, 269, 270, 272, 273, 274, 275, 277, 278, 279, 283, 284, 285, 287, 288, 289, 290, 291, 294, 295, 297, 298, 299], "excluded_lines": [], "start_line": 265}, "EndOfWeekWorkflow._step3_get_ai_workouts": {"executed_lines": [], "summary": {"covered_lines": 0, "num_statements": 16, "percent_covered": 0.0, "percent_covered_display": "0", "missing_lines": 16, "excluded_lines": 0, "percent_statements_covered": 0.0, "percent_statements_covered_display": "0"}, "missing_lines": [303, 304, 305, 306, 308, 309, 310, 311, 313, 314, 315, 316, 317, 318, 320, 321], "excluded_lines": [], "start_line": 301}, "EndOfWeekWorkflow._get_workouts_clipboard": {"executed_lines": [], "summary": {"covered_lines": 0, "num_statements": 19, "percent_covered": 0.0, "percent_covered_display": "0", "missing_lines": 19, "excluded_lines": 0, "percent_statements_covered": 0.0, "percent_statements_covered_display": "0"}, "missing_lines": [325, 326, 327, 328, 329, 330, 333, 334, 335, 336, 338, 339, 342, 343, 344, 345, 346, 348, 349], "excluded_lines": [], "start_line": 323}, "EndOfWeekWorkflow._get_workouts_claude_api": {"executed_lines": [], "summary": {"covered_lines": 0, "num_statements": 4, "percent_covered": 0.0, "percent_covered_display": "0", "missing_lines": 4, "excluded_lines": 0, "percent_statements_covered": 0.0, "percent_statements_covered_display": "0"}, "missing_lines": [353, 354, 355, 356], "excluded_lines": [], "start_line": 351}, "EndOfWeekWorkflow._get_workouts_mistral_api": {"executed_lines": [], "summary": {"covered_lines": 0, "num_statements": 4, "percent_covered": 0.0, "percent_covered_display": "0", "missing_lines": 4, "excluded_lines": 0, "percent_statements_covered": 0.0, "percent_statements_covered_display": "0"}, "missing_lines": [360, 361, 362, 363], "excluded_lines": [], "start_line": 358}, "EndOfWeekWorkflow._step4_validate_workouts": {"executed_lines": [], "summary": {"covered_lines": 0, "num_statements": 24, "percent_covered": 0.0, "percent_covered_display": "0", "missing_lines": 24, "excluded_lines": 0, "percent_statements_covered": 0.0, "percent_statements_covered_display": "0"}, "missing_lines": [367, 368, 369, 370, 372, 373, 374, 376, 379, 382, 383, 385, 386, 388, 389, 392, 393, 394, 395, 397, 398, 400, 401, 402], "excluded_lines": [], "start_line": 365}, "EndOfWeekWorkflow._step5_upload_workouts": {"executed_lines": [], "summary": {"covered_lines": 0, "num_statements": 32, "percent_covered": 0.0, "percent_covered_display": "0", "missing_lines": 32, "excluded_lines": 0, "percent_statements_covered": 0.0, "percent_statements_covered_display": "0"}, "missing_lines": [406, 407, 408, 409, 411, 412, 413, 415, 416, 417, 419, 420, 425, 427, 428, 429, 430, 431, 432, 433, 434, 437, 438, 439, 444, 446, 447, 448, 451, 453, 454, 455], "excluded_lines": [], "start_line": 404}, "EndOfWeekWorkflow._step6_archive_and_commit": {"executed_lines": [], "summary": {"covered_lines": 0, "num_statements": 12, "percent_covered": 0.0, "percent_covered_display": "0", "missing_lines": 12, "excluded_lines": 0, "percent_statements_covered": 0.0, "percent_statements_covered_display": "0"}, "missing_lines": [459, 460, 461, 462, 464, 465, 466, 468, 469, 470, 471, 474], "excluded_lines": [], "start_line": 457}, "EndOfWeekWorkflow._print_success_summary": {"executed_lines": [], "summary": {"covered_lines": 0, "num_statements": 16, "percent_covered": 0.0, "percent_covered_display": "0", "missing_lines": 16, "excluded_lines": 0, "percent_statements_covered": 0.0, "percent_statements_covered_display": "0"}, "missing_lines": [478, 479, 480, 481, 482, 483, 484, 485, 486, 487, 488, 489, 490, 491, 492, 493], "excluded_lines": [], "start_line": 476}, "parse_args": {"executed_lines": [], "summary": {"covered_lines": 0, "num_statements": 9, "percent_covered": 0.0, "percent_covered_display": "0", "missing_lines": 9, "excluded_lines": 0, "percent_statements_covered": 0.0, "percent_statements_covered_display": "0"}, "missing_lines": [498, 526, 533, 540, 548, 554, 560, 566, 572], "excluded_lines": [], "start_line": 496}, "main": {"executed_lines": [], "summary": {"covered_lines": 0, "num_statements": 20, "percent_covered": 0.0, "percent_covered_display": "0", "missing_lines": 20, "excluded_lines": 0, "percent_statements_covered": 0.0, "percent_statements_covered_display": "0"}, "missing_lines": [577, 580, 581, 582, 583, 585, 586, 587, 588, 591, 592, 594, 595, 596, 597, 598, 599, 602, 611, 613], "excluded_lines": [], "start_line": 575}, "": {"executed_lines": [], "summary": {"covered_lines": 0, "num_statements": 24, "percent_covered": 0.0, "percent_covered_display": "0", "missing_lines": 24, "excluded_lines": 0, "percent_statements_covered": 0.0, "percent_statements_covered_display": "0"}, "missing_lines": [42, 43, 44, 45, 47, 50, 89, 92, 142, 204, 247, 265, 301, 323, 351, 358, 365, 404, 457, 476, 496, 575, 616, 617], "excluded_lines": [], "start_line": 1}}, "classes": {"EndOfWeekWorkflow": {"executed_lines": [], "summary": {"covered_lines": 0, "num_statements": 235, "percent_covered": 0.0, "percent_covered_display": "0", "missing_lines": 235, "excluded_lines": 0, "percent_statements_covered": 0.0, "percent_statements_covered_display": "0"}, "missing_lines": [112, 113, 114, 115, 116, 117, 120, 121, 122, 123, 126, 127, 128, 129, 130, 131, 132, 133, 136, 137, 138, 139, 140, 149, 150, 151, 152, 153, 154, 158, 162, 164, 166, 167, 170, 171, 174, 175, 178, 179, 182, 183, 186, 187, 190, 191, 193, 194, 195, 196, 197, 198, 199, 201, 202, 206, 207, 208, 209, 211, 212, 213, 217, 219, 220, 227, 228, 229, 232, 233, 235, 236, 237, 241, 243, 244, 245, 249, 256, 258, 259, 260, 261, 263, 267, 268, 269, 270, 272, 273, 274, 275, 277, 278, 279, 283, 284, 285, 287, 288, 289, 290, 291, 294, 295, 297, 298, 299, 303, 304, 305, 306, 308, 309, 310, 311, 313, 314, 315, 316, 317, 318, 320, 321, 325, 326, 327, 328, 329, 330, 333, 334, 335, 336, 338, 339, 342, 343, 344, 345, 346, 348, 349, 353, 354, 355, 356, 360, 361, 362, 363, 367, 368, 369, 370, 372, 373, 374, 376, 379, 382, 383, 385, 386, 388, 389, 392, 393, 394, 395, 397, 398, 400, 401, 402, 406, 407, 408, 409, 411, 412, 413, 415, 416, 417, 419, 420, 425, 427, 428, 429, 430, 431, 432, 433, 434, 437, 438, 439, 444, 446, 447, 448, 451, 453, 454, 455, 459, 460, 461, 462, 464, 465, 466, 468, 469, 470, 471, 474, 478, 479, 480, 481, 482, 483, 484, 485, 486, 487, 488, 489, 490, 491, 492, 493], "excluded_lines": [], "start_line": 89}, "": {"executed_lines": [], "summary": {"covered_lines": 0, "num_statements": 59, "percent_covered": 0.0, "percent_covered_display": "0", "missing_lines": 59, "excluded_lines": 0, "percent_statements_covered": 0.0, "percent_statements_covered_display": "0"}, "missing_lines": [42, 43, 44, 45, 47, 50, 76, 77, 80, 83, 84, 86, 89, 92, 142, 204, 247, 265, 301, 323, 351, 358, 365, 404, 457, 476, 496, 498, 526, 533, 540, 548, 554, 560, 566, 572, 575, 577, 580, 581, 582, 583, 585, 586, 587, 588, 591, 592, 594, 595, 596, 597, 598, 599, 602, 611, 613, 616, 617], "excluded_lines": [], "start_line": 1}}}, "cyclisme_training_logs/workflows/workflow_weekly.py": {"executed_lines": [], "summary": {"covered_lines": 0, "num_statements": 97, "percent_covered": 0.0, "percent_covered_display": "0", "missing_lines": 97, "excluded_lines": 0, "percent_statements_covered": 0.0, "percent_statements_covered_display": "0"}, "missing_lines": [54, 55, 56, 57, 58, 60, 61, 63, 66, 77, 93, 95, 96, 99, 100, 101, 103, 104, 105, 106, 108, 110, 117, 120, 121, 125, 127, 128, 129, 132, 133, 135, 138, 139, 140, 142, 145, 146, 148, 150, 152, 153, 156, 161, 162, 163, 164, 165, 168, 183, 187, 190, 197, 200, 201, 204, 205, 207, 210, 212, 229, 236, 243, 249, 252, 257, 258, 259, 261, 263, 264, 266, 267, 270, 271, 273, 280, 281, 282, 283, 286, 287, 289, 290, 291, 292, 294, 296, 298, 299, 300, 301, 303, 304, 305, 308, 309], "excluded_lines": [], "functions": {"WeeklyWorkflow.__init__": {"executed_lines": [], "summary": {"covered_lines": 0, "num_statements": 11, "percent_covered": 0.0, "percent_covered_display": "0", "missing_lines": 11, "excluded_lines": 0, "percent_statements_covered": 0.0, "percent_statements_covered_display": "0"}, "missing_lines": [93, 95, 96, 99, 100, 101, 103, 104, 105, 106, 108], "excluded_lines": [], "start_line": 77}, "WeeklyWorkflow.run": {"executed_lines": [], "summary": {"covered_lines": 0, "num_statements": 17, "percent_covered": 0.0, "percent_covered_display": "0", "missing_lines": 17, "excluded_lines": 0, "percent_statements_covered": 0.0, "percent_statements_covered_display": "0"}, "missing_lines": [117, 120, 121, 125, 127, 128, 129, 132, 133, 135, 138, 139, 140, 142, 145, 146, 148], "excluded_lines": [], "start_line": 110}, "WeeklyWorkflow._trigger_ai_analysis": {"executed_lines": [], "summary": {"covered_lines": 0, "num_statements": 8, "percent_covered": 0.0, "percent_covered_display": "0", "missing_lines": 8, "excluded_lines": 0, "percent_statements_covered": 0.0, "percent_statements_covered_display": "0"}, "missing_lines": [152, 153, 156, 161, 162, 163, 164, 165], "excluded_lines": [], "start_line": 150}, "run_weekly_analysis": {"executed_lines": [], "summary": {"covered_lines": 0, "num_statements": 2, "percent_covered": 0.0, "percent_covered_display": "0", "missing_lines": 2, "excluded_lines": 0, "percent_statements_covered": 0.0, "percent_statements_covered_display": "0"}, "missing_lines": [183, 187], "excluded_lines": [], "start_line": 168}, "get_current_week_info": {"executed_lines": [], "summary": {"covered_lines": 0, "num_statements": 6, "percent_covered": 0.0, "percent_covered_display": "0", "missing_lines": 6, "excluded_lines": 0, "percent_statements_covered": 0.0, "percent_statements_covered_display": "0"}, "missing_lines": [197, 200, 201, 204, 205, 207], "excluded_lines": [], "start_line": 190}, "main": {"executed_lines": [], "summary": {"covered_lines": 0, "num_statements": 36, "percent_covered": 0.0, "percent_covered_display": "0", "missing_lines": 36, "excluded_lines": 0, "percent_statements_covered": 0.0, "percent_statements_covered_display": "0"}, "missing_lines": [212, 229, 236, 243, 249, 252, 257, 258, 259, 261, 263, 264, 266, 267, 270, 271, 273, 280, 281, 282, 283, 286, 287, 289, 290, 291, 292, 294, 296, 298, 299, 300, 301, 303, 304, 305], "excluded_lines": [], "start_line": 210}, "": {"executed_lines": [], "summary": {"covered_lines": 0, "num_statements": 17, "percent_covered": 0.0, "percent_covered_display": "0", "missing_lines": 17, "excluded_lines": 0, "percent_statements_covered": 0.0, "percent_statements_covered_display": "0"}, "missing_lines": [54, 55, 56, 57, 58, 60, 61, 63, 66, 77, 110, 150, 168, 190, 210, 308, 309], "excluded_lines": [], "start_line": 1}}, "classes": {"WeeklyWorkflow": {"executed_lines": [], "summary": {"covered_lines": 0, "num_statements": 36, "percent_covered": 0.0, "percent_covered_display": "0", "missing_lines": 36, "excluded_lines": 0, "percent_statements_covered": 0.0, "percent_statements_covered_display": "0"}, "missing_lines": [93, 95, 96, 99, 100, 101, 103, 104, 105, 106, 108, 117, 120, 121, 125, 127, 128, 129, 132, 133, 135, 138, 139, 140, 142, 145, 146, 148, 152, 153, 156, 161, 162, 163, 164, 165], "excluded_lines": [], "start_line": 66}, "": {"executed_lines": [], "summary": {"covered_lines": 0, "num_statements": 61, "percent_covered": 0.0, "percent_covered_display": "0", "missing_lines": 61, "excluded_lines": 0, "percent_statements_covered": 0.0, "percent_statements_covered_display": "0"}, "missing_lines": [54, 55, 56, 57, 58, 60, 61, 63, 66, 77, 110, 150, 168, 183, 187, 190, 197, 200, 201, 204, 205, 207, 210, 212, 229, 236, 243, 249, 252, 257, 258, 259, 261, 263, 264, 266, 267, 270, 271, 273, 280, 281, 282, 283, 286, 287, 289, 290, 291, 292, 294, 296, 298, 299, 300, 301, 303, 304, 305, 308, 309], "excluded_lines": [], "start_line": 1}}}}, "totals": {"covered_lines": 1366, "num_statements": 10179, "percent_covered": 13.419785833578937, "percent_covered_display": "13", "missing_lines": 8813, "excluded_lines": 6, "percent_statements_covered": 13.419785833578937, "percent_statements_covered_display": "13"}}
