<?xml version="1.0" encoding="utf-8"?><testsuites name="pytest tests"><testsuite name="pytest" errors="0" failures="0" skipped="5" tests="1296" time="38.962" timestamp="2026-02-22T13:26:17.888697+01:00" hostname="Tiresias"><testcase classname="tests.analysis.test_baseline_preliminary" name="test_analyzer_initialization" time="0.042" /><testcase classname="tests.analysis.test_baseline_preliminary" name="test_load_adherence_data" time="0.011" /><testcase classname="tests.analysis.test_baseline_preliminary" name="test_load_adherence_data_missing_file" time="0.008" /><testcase classname="tests.analysis.test_baseline_preliminary" name="test_load_adherence_data_filters_by_date" time="0.006" /><testcase classname="tests.analysis.test_baseline_preliminary" name="test_load_intervals_data" time="0.010" /><testcase classname="tests.analysis.test_baseline_preliminary" name="test_load_intervals_data_handles_errors" time="0.007" /><testcase classname="tests.analysis.test_baseline_preliminary" name="test_calculate_adherence_metrics" time="0.017" /><testcase classname="tests.analysis.test_baseline_preliminary" name="test_calculate_adherence_metrics_empty_data" time="0.005" /><testcase classname="tests.analysis.test_baseline_preliminary" name="test_parse_skipped_replaced_sessions" time="0.004" /><testcase classname="tests.analysis.test_baseline_preliminary" name="test_extract_reason" time="0.007" /><testcase classname="tests.analysis.test_baseline_preliminary" name="test_detect_unsolicited_no_activities" time="0.004" /><testcase classname="tests.analysis.test_baseline_preliminary" name="test_detect_unsolicited_all_paired" time="0.006" /><testcase classname="tests.analysis.test_baseline_preliminary" name="test_detect_unsolicited_some_unpaired" time="0.005" /><testcase classname="tests.analysis.test_baseline_preliminary" name="test_detect_unsolicited_missing_tss" time="0.007" /><testcase classname="tests.analysis.test_baseline_preliminary" name="test_analyze_skip_reasons_empty" time="0.004" /><testcase classname="tests.analysis.test_baseline_preliminary" name="test_analyze_skip_reasons_work_schedule" time="0.006" /><testcase classname="tests.analysis.test_baseline_preliminary" name="test_analyze_skip_reasons_multiple_categories" time="0.054" /><testcase classname="tests.analysis.test_baseline_preliminary" name="test_analyze_skip_reasons_uncategorized" time="0.014" /><testcase classname="tests.analysis.test_baseline_preliminary" name="test_analyze_day_of_week_patterns_empty" time="0.006" /><testcase classname="tests.analysis.test_baseline_preliminary" name="test_analyze_day_of_week_patterns_all_good" time="0.005" /><testcase classname="tests.analysis.test_baseline_preliminary" name="test_analyze_day_of_week_patterns_high_risk" time="0.009" /><testcase classname="tests.analysis.test_baseline_preliminary" name="test_analyze_workout_type_patterns_empty" time="0.004" /><testcase classname="tests.analysis.test_baseline_preliminary" name="test_analyze_workout_type_patterns_all_good" time="0.004" /><testcase classname="tests.analysis.test_baseline_preliminary" name="test_analyze_workout_type_patterns_high_risk" time="0.008" /><testcase classname="tests.analysis.test_baseline_preliminary" name="test_calculate_tss_metrics" time="0.005" /><testcase classname="tests.analysis.test_baseline_preliminary" name="test_calculate_tss_metrics_handles_none_values" time="0.003" /><testcase classname="tests.analysis.test_baseline_preliminary" name="test_analyze_tsb_trajectory" time="0.005" /><testcase classname="tests.analysis.test_baseline_preliminary" name="test_analyze_tsb_trajectory_empty_data" time="0.010" /><testcase classname="tests.analysis.test_baseline_preliminary" name="test_calculate_cv_coupling_metrics" time="0.010" /><testcase classname="tests.analysis.test_baseline_preliminary" name="test_calculate_cv_coupling_metrics_quality_grades" time="0.009" /><testcase classname="tests.analysis.test_baseline_preliminary" name="test_calculate_cv_coupling_metrics_no_data" time="0.005" /><testcase classname="tests.analysis.test_baseline_preliminary" name="test_validate_data_quality" time="0.007" /><testcase classname="tests.analysis.test_baseline_preliminary" name="test_validate_data_quality_detects_gaps" time="0.005" /><testcase classname="tests.analysis.test_baseline_preliminary" name="test_validate_data_quality_detects_anomalies" time="0.004" /><testcase classname="tests.analysis.test_baseline_preliminary" name="test_validate_data_quality_scoring" time="0.006" /><testcase classname="tests.analysis.test_baseline_preliminary" name="test_generate_json_output" time="0.014" /><testcase classname="tests.analysis.test_baseline_preliminary" name="test_generate_markdown_report" time="0.006" /><testcase classname="tests.analysis.test_baseline_preliminary" name="test_run_analysis_integration" time="0.009" /><testcase classname="tests.analyzers.test_gear_metrics.TestExtractGearMetrics" name="test_extract_gear_metrics_complete_data" time="0.005" /><testcase classname="tests.analyzers.test_gear_metrics.TestExtractGearMetrics" name="test_extract_gear_metrics_cross_chaining_detection" time="0.005" /><testcase classname="tests.analyzers.test_gear_metrics.TestExtractGearMetrics" name="test_extract_gear_metrics_empty_streams" time="0.003" /><testcase classname="tests.analyzers.test_gear_metrics.TestExtractGearMetrics" name="test_extract_gear_metrics_missing_front_gear" time="0.004" /><testcase classname="tests.analyzers.test_gear_metrics.TestExtractGearMetrics" name="test_extract_gear_metrics_missing_rear_gear" time="0.008" /><testcase classname="tests.analyzers.test_gear_metrics.TestExtractGearMetrics" name="test_extract_gear_metrics_with_none_values" time="0.008" /><testcase classname="tests.analyzers.test_gear_metrics.TestExtractGearMetrics" name="test_gear_ratio_distribution_top_5" time="0.010" /><testcase classname="tests.analyzers.test_gear_metrics.TestExtractGearMetrics" name="test_extract_gear_metrics_api_exception" time="0.009" /><testcase classname="tests.analyzers.test_gear_metrics.TestExtractGearMetrics" name="test_extract_gear_metrics_no_shifts" time="0.005" /><testcase classname="tests.api.test_intervals_client.TestIntervalsClientInit" name="test_init_success" time="0.006" /><testcase classname="tests.api.test_intervals_client.TestIntervalsClientInit" name="test_init_empty_athlete_id" time="0.002" /><testcase classname="tests.api.test_intervals_client.TestIntervalsClientInit" name="test_init_empty_api_key" time="0.001" /><testcase classname="tests.api.test_intervals_client.TestGetAthlete" name="test_get_athlete_success" time="0.007" /><testcase classname="tests.api.test_intervals_client.TestGetActivities" name="test_get_activities_no_params" time="0.006" /><testcase classname="tests.api.test_intervals_client.TestGetActivities" name="test_get_activities_with_dates" time="0.006" /><testcase classname="tests.api.test_intervals_client.TestGetActivity" name="test_get_activity_success" time="0.004" /><testcase classname="tests.api.test_intervals_client.TestGetWellness" name="test_get_wellness_success" time="0.005" /><testcase classname="tests.api.test_intervals_client.TestGetWellness" name="test_get_wellness_returns_list" time="0.010" /><testcase classname="tests.api.test_intervals_client.TestGetEvents" name="test_get_events_success" time="0.015" /><testcase classname="tests.api.test_intervals_client.TestGetPlannedWorkout" name="test_get_planned_workout_found" time="0.010" /><testcase classname="tests.api.test_intervals_client.TestGetPlannedWorkout" name="test_get_planned_workout_not_found" time="0.010" /><testcase classname="tests.api.test_intervals_client.TestCreateEvent" name="test_create_event_success" time="0.007" /><testcase classname="tests.api.test_intervals_client.TestCreateEvent" name="test_create_event_http_error" time="0.008" /><testcase classname="tests.api.test_intervals_client.TestCreateEvent" name="test_create_event_generic_error" time="0.008" /><testcase classname="tests.api.test_intervals_client.TestErrorHandling" name="test_http_error_propagation" time="0.012" /><testcase classname="tests.api.test_intervals_client_di2.TestGetActivityStreamsDi2" name="test_get_activity_streams_success_with_di2" time="0.005" /><testcase classname="tests.api.test_intervals_client_di2.TestGetActivityStreamsDi2" name="test_get_activity_streams_missing_di2_data" time="0.007" /><testcase classname="tests.api.test_intervals_client_di2.TestGetActivityStreamsDi2" name="test_get_activity_streams_http_error" time="0.002" /><testcase classname="tests.api.test_intervals_client_di2.TestGetActivityStreamsDi2" name="test_get_activity_streams_empty_response" time="0.003" /><testcase classname="tests.api.test_intervals_client_di2.TestGetActivityStreamsDi2" name="test_get_activity_streams_partial_di2_data" time="0.009" /><testcase classname="tests.api.test_intervals_client_di2.TestGetActivityStreamsDi2" name="test_get_activity_streams_with_none_values" time="0.011" /><testcase classname="tests.config.test_athlete_profile.TestAthleteProfileFromEnv" name="test_from_env_with_all_fields" time="0.002" /><testcase classname="tests.config.test_athlete_profile.TestAthleteProfileFromEnv" name="test_from_env_sleep_dependent_variations" time="0.011" /><testcase classname="tests.config.test_athlete_profile.TestAthleteProfileFromEnv" name="test_from_env_missing_age" time="0.005" /><testcase classname="tests.config.test_athlete_profile.TestAthleteProfileFromEnv" name="test_from_env_invalid_category" time="0.003" /><testcase classname="tests.config.test_athlete_profile.TestAthleteProfileFromEnv" name="test_from_env_invalid_age" time="0.003" /><testcase classname="tests.config.test_athlete_profile.TestAthleteProfileMethods" name="test_is_master_athlete" time="0.005" /><testcase classname="tests.config.test_athlete_profile.TestAthleteProfileMethods" name="test_has_exceptional_recovery" time="0.003" /><testcase classname="tests.config.test_athlete_profile.TestAthleteProfileMethods" name="test_get_power_to_weight_ratio" time="0.017" /><testcase classname="tests.config.test_athlete_profile.TestAthleteProfileMethods" name="test_create_with_pydantic_validation" time="0.003" /><testcase classname="tests.config.test_athlete_profile.TestAthleteProfileBiomechanics" name="test_default_biomechanics_fields" time="0.006" /><testcase classname="tests.config.test_athlete_profile.TestAthleteProfileBiomechanics" name="test_profil_fibres_explosif" time="0.001" /><testcase classname="tests.config.test_athlete_profile.TestAthleteProfileBiomechanics" name="test_profil_fibres_endurant" time="0.001" /><testcase classname="tests.config.test_athlete_profile.TestAthleteProfileBiomechanics" name="test_invalid_profil_fibres" time="0.001" /><testcase classname="tests.config.test_athlete_profile.TestAthleteProfileBiomechanics" name="test_cadence_offset_positive" time="0.003" /><testcase classname="tests.config.test_athlete_profile.TestAthleteProfileBiomechanics" name="test_cadence_offset_negative" time="0.003" /><testcase classname="tests.config.test_athlete_profile.TestAthleteProfileBiomechanics" name="test_cadence_offset_out_of_range_high" time="0.002" /><testcase classname="tests.config.test_athlete_profile.TestAthleteProfileBiomechanics" name="test_cadence_offset_out_of_range_low" time="0.005" /><testcase classname="tests.config.test_athlete_profile.TestAthleteProfileBiomechanics" name="test_from_env_with_biomechanics_fields" time="0.002" /><testcase classname="tests.config.test_athlete_profile.TestAthleteProfileBiomechanics" name="test_from_env_without_biomechanics_fields" time="0.002" /><testcase classname="tests.config.test_thresholds.TestTrainingThresholdsFromEnv" name="test_from_env_with_all_fields" time="0.005" /><testcase classname="tests.config.test_thresholds.TestTrainingThresholdsFromEnv" name="test_from_env_with_defaults" time="0.004" /><testcase classname="tests.config.test_thresholds.TestTrainingThresholdsMethods" name="test_get_tsb_state" time="0.006" /><testcase classname="tests.config.test_thresholds.TestTrainingThresholdsMethods" name="test_is_tsb_optimal" time="0.003" /><testcase classname="tests.config.test_thresholds.TestTrainingThresholdsMethods" name="test_get_atl_ctl_ratio_state" time="0.005" /><testcase classname="tests.config.test_thresholds.TestTrainingThresholdsMethods" name="test_is_overtraining_risk" time="0.014" /><testcase classname="tests.config.test_thresholds.TestTrainingThresholdsValidation" name="test_valid_creation" time="0.002" /><testcase classname="tests.config.test_thresholds.TestTrainingThresholdsValidation" name="test_invalid_hrv_percent" time="0.001" /><testcase classname="tests.config.test_thresholds.TestTrainingThresholdsValidation" name="test_invalid_ratio" time="0.006" /><testcase classname="tests.config.test_thresholds.TestTrainingThresholdsFromEnvErrors" name="test_from_env_with_pydantic_validation_error" time="0.004" /><testcase classname="tests.config.test_thresholds.TestTrainingThresholdsFromEnvErrors" name="test_from_env_with_invalid_numeric_literal" time="0.002" /><testcase classname="tests.config.test_thresholds.TestTrainingThresholdsFromEnvErrors" name="test_from_env_with_invalid_literal_python_312_behavior" time="0.002" /><testcase classname="tests.integration.test_di2_workflow.TestDi2WorkflowIntegration" name="test_di2_extraction_outdoor_activity_complete" time="0.021" /><testcase classname="tests.integration.test_di2_workflow.TestDi2WorkflowIntegration" name="test_di2_extraction_indoor_activity_skipped" time="0.007" /><testcase classname="tests.integration.test_di2_workflow.TestDi2WorkflowIntegration" name="test_weekly_analysis_includes_di2_patterns" time="0.005" /><testcase classname="tests.integration.test_di2_workflow.TestDi2WorkflowIntegration" name="test_di2_workflow_with_missing_api" time="0.009" /><testcase classname="tests.integration.test_di2_workflow.TestDi2WorkflowIntegration" name="test_di2_workflow_api_exception_handling" time="0.008" /><testcase classname="tests.integration.test_di2_workflow.TestDi2WorkflowIntegration" name="test_di2_cross_chaining_pattern_in_learnings" time="0.006" /><testcase classname="tests.integration.test_di2_workflow.TestDi2WorkflowIntegration" name="test_di2_workflow_multiple_activities_aggregation" time="0.008" /><testcase classname="tests.integration.test_di2_workflow.TestDi2WorkflowIntegration" name="test_di2_real_activity_s067_extraction" time="0.002"><skipped type="pytest.skip" message="Requires real Intervals.icu API credentials">/Users/stephanejouve/cyclisme-training-logs/tests/integration/test_di2_workflow.py:260: Requires real Intervals.icu API credentials</skipped></testcase><testcase classname="tests.integration.test_fallback_chain.TestFallbackChain" name="test_fallback_chain_basic" time="0.005" /><testcase classname="tests.integration.test_fallback_chain.TestFallbackChain" name="test_fallback_disabled_returns_only_default" time="0.003" /><testcase classname="tests.integration.test_fallback_chain.TestFallbackChain" name="test_fallback_with_all_providers_available" time="0.003" /><testcase classname="tests.integration.test_fallback_chain.TestFallbackChain" name="test_fallback_skips_unconfigured_providers" time="0.005" /><testcase classname="tests.integration.test_fallback_chain.TestFallbackChain" name="test_fallback_creates_valid_providers" time="0.503" /><testcase classname="tests.integration.test_fallback_chain.TestFallbackChain" name="test_fallback_maintains_order_with_partial_keys" time="0.012" /><testcase classname="tests.integration.test_fallback_chain.TestFallbackChain" name="test_get_next_fallback_provider" time="0.007" /><testcase classname="tests.integration.test_fallback_chain.TestFallbackChain" name="test_fallback_to_clipboard_always_possible" time="0.005" /><testcase classname="tests.integration.test_fallback_chain.TestFallbackChain" name="test_custom_fallback_priority" time="0.004" /><testcase classname="tests.integration.test_fallback_chain.TestFallbackChain" name="test_fallback_with_all_api_providers_unavailable" time="0.007" /><testcase classname="tests.integration.test_fallback_chain.TestFallbackScenarios" name="test_scenario_api_key_expired" time="0.006" /><testcase classname="tests.integration.test_fallback_chain.TestFallbackScenarios" name="test_scenario_network_failure" time="0.007" /><testcase classname="tests.integration.test_fallback_chain.TestFallbackScenarios" name="test_scenario_cost_optimization" time="0.005" /><testcase classname="tests.integration.test_fallback_chain.TestFallbackScenarios" name="test_scenario_privacy_first" time="0.003" /><testcase classname="tests.integration.test_provider_integration.TestProviderIntegration" name="test_full_provider_lifecycle_clipboard" time="0.059" /><testcase classname="tests.integration.test_provider_integration.TestProviderIntegration" name="test_full_provider_lifecycle_with_api_key" time="0.064" /><testcase classname="tests.integration.test_provider_integration.TestProviderIntegration" name="test_provider_auto_detection_no_keys" time="0.007" /><testcase classname="tests.integration.test_provider_integration.TestProviderIntegration" name="test_provider_auto_detection_with_keys" time="0.004" /><testcase classname="tests.integration.test_provider_integration.TestProviderIntegration" name="test_provider_info_consistency" time="0.025" /><testcase classname="tests.integration.test_provider_integration.TestProviderIntegration" name="test_factory_validation_matches_config" time="0.005" /><testcase classname="tests.integration.test_provider_integration.TestProviderIntegration" name="test_provider_creation_from_available_list" time="0.197" /><testcase classname="tests.integration.test_provider_integration.TestProviderIntegration" name="test_multiple_provider_instances_independent" time="0.007" /><testcase classname="tests.integration.test_provider_integration.TestProviderIntegration" name="test_config_singleton_behavior" time="0.003" /><testcase classname="tests.integration.test_provider_integration.TestProviderIntegration" name="test_provider_with_custom_model" time="0.004" /><testcase classname="tests.integration.test_provider_integration.TestProviderIntegration" name="test_fallback_priority_order" time="0.004" /><testcase classname="tests.integration.test_workflow_integration.TestWorkflowAIIntegration" name="test_workflow_default_provider_selection" time="0.004" /><testcase classname="tests.integration.test_workflow_integration.TestWorkflowAIIntegration" name="test_workflow_provider_initialization" time="0.051" /><testcase classname="tests.integration.test_workflow_integration.TestWorkflowAIIntegration" name="test_workflow_with_explicit_provider" time="0.012" /><testcase classname="tests.integration.test_workflow_integration.TestWorkflowAIIntegration" name="test_workflow_fallback_on_unconfigured_provider" time="0.005" /><testcase classname="tests.integration.test_workflow_integration.TestWorkflowAIIntegration" name="test_workflow_analysis_pipeline_clipboard" time="0.009" /><testcase classname="tests.integration.test_workflow_integration.TestWorkflowAIIntegration" name="test_workflow_provider_info_display" time="0.182" /><testcase classname="tests.integration.test_workflow_integration.TestWorkflowAIIntegration" name="test_workflow_auto_detection_logic" time="0.033" /><testcase classname="tests.integration.test_workflow_integration.TestWorkflowAIIntegration" name="test_workflow_error_handling" time="0.002" /><testcase classname="tests.integration.test_workflow_integration.TestWorkflowAIIntegration" name="test_workflow_provider_switching" time="0.002" /><testcase classname="tests.integration.test_workflow_integration.TestWorkflowEdgeCases" name="test_empty_prompt_handling" time="0.006" /><testcase classname="tests.integration.test_workflow_integration.TestWorkflowEdgeCases" name="test_very_large_prompt_handling" time="0.004" /><testcase classname="tests.integration.test_workflow_integration.TestWorkflowEdgeCases" name="test_special_characters_in_prompt" time="0.003" /><testcase classname="tests.integration.test_workflow_integration.TestWorkflowEdgeCases" name="test_concurrent_provider_usage" time="0.003" /><testcase classname="tests.integration.test_workflow_integration.TestWorkflowEdgeCases" name="test_config_change_detection" time="0.004" /><testcase classname="tests.intelligence.test_backfill" name="test_classify_workout_type_sweet_spot" time="0.005" /><testcase classname="tests.intelligence.test_backfill" name="test_classify_workout_type_vo2" time="0.003" /><testcase classname="tests.intelligence.test_backfill" name="test_backfill_sweet_spot_extraction" time="0.004" /><testcase classname="tests.intelligence.test_backfill" name="test_backfill_vo2_sleep_correlation" time="0.033" /><testcase classname="tests.intelligence.test_backfill" name="test_backfill_outdoor_discipline" time="0.006" /><testcase classname="tests.intelligence.test_backfill" name="test_backfill_ftp_progression" time="0.003" /><testcase classname="tests.intelligence.test_backfill" name="test_backfill_saves_valid_json" time="0.025" /><testcase classname="tests.intelligence.test_backfill" name="test_classify_workout_type_fallback_cases" time="0.004" /><testcase classname="tests.intelligence.test_backfill" name="test_analyze_empty_activities" time="0.006" /><testcase classname="tests.intelligence.test_biomechanics" name="test_cadence_zone_endurance" time="0.001" /><testcase classname="tests.intelligence.test_biomechanics" name="test_cadence_zone_tempo" time="0.001" /><testcase classname="tests.intelligence.test_biomechanics" name="test_cadence_zone_sweet_spot" time="0.002" /><testcase classname="tests.intelligence.test_biomechanics" name="test_cadence_zone_threshold" time="0.002" /><testcase classname="tests.intelligence.test_biomechanics" name="test_cadence_zone_vo2" time="0.003" /><testcase classname="tests.intelligence.test_biomechanics" name="test_cadence_profil_explosif" time="0.005" /><testcase classname="tests.intelligence.test_biomechanics" name="test_cadence_profil_endurant" time="0.003" /><testcase classname="tests.intelligence.test_biomechanics" name="test_cadence_profil_mixte" time="0.007" /><testcase classname="tests.intelligence.test_biomechanics" name="test_cadence_duration_short" time="0.003" /><testcase classname="tests.intelligence.test_biomechanics" name="test_cadence_duration_long" time="0.002" /><testcase classname="tests.intelligence.test_biomechanics" name="test_cadence_explosif_long_duration" time="0.002" /><testcase classname="tests.intelligence.test_biomechanics" name="test_cadence_endurant_long_duration" time="0.002" /><testcase classname="tests.intelligence.test_biomechanics" name="test_cadence_invalid_zone_ftp_too_low" time="0.003" /><testcase classname="tests.intelligence.test_biomechanics" name="test_cadence_invalid_zone_ftp_too_high" time="0.001" /><testcase classname="tests.intelligence.test_biomechanics" name="test_cadence_invalid_profil_fibres" time="0.002" /><testcase classname="tests.intelligence.test_biomechanics" name="test_spec_sweet_spot_mixte_60min" time="0.001" /><testcase classname="tests.intelligence.test_biomechanics" name="test_spec_vo2_explosif_45min" time="0.003" /><testcase classname="tests.intelligence.test_biomechanics" name="test_spec_endurance_endurant_120min" time="0.002" /><testcase classname="tests.intelligence.test_biomechanics" name="test_cadence_boundary_75_percent" time="0.004" /><testcase classname="tests.intelligence.test_biomechanics" name="test_cadence_boundary_88_percent" time="0.005" /><testcase classname="tests.intelligence.test_biomechanics" name="test_cadence_exactly_90_minutes" time="0.004" /><testcase classname="tests.intelligence.test_biomechanics" name="test_cadence_91_minutes" time="0.003" /><testcase classname="tests.intelligence.test_biomechanics" name="test_pid_grappe_initialization" time="0.002" /><testcase classname="tests.intelligence.test_biomechanics" name="test_pid_grappe_invalid_profil" time="0.004" /><testcase classname="tests.intelligence.test_biomechanics" name="test_pid_grappe_adaptive_gains_explosif" time="0.002" /><testcase classname="tests.intelligence.test_biomechanics" name="test_pid_grappe_adaptive_gains_endurant" time="0.001" /><testcase classname="tests.intelligence.test_biomechanics" name="test_pid_grappe_calculer_commande_cadence_optimal" time="0.001" /><testcase classname="tests.intelligence.test_biomechanics" name="test_pid_grappe_calculer_commande_cadence_suboptimal" time="0.002" /><testcase classname="tests.intelligence.test_biomechanics" name="test_pid_grappe_integration_explosif_vo2" time="0.002" /><testcase classname="tests.intelligence.test_biomechanics" name="test_pid_grappe_integration_endurant_long_endurance" time="0.004" /><testcase classname="tests.intelligence.test_biomechanics" name="test_cout_energetique_sweet_spot_optimal_cadence" time="0.003" /><testcase classname="tests.intelligence.test_biomechanics" name="test_cout_energetique_vo2_high_cadence" time="0.003" /><testcase classname="tests.intelligence.test_biomechanics" name="test_cout_energetique_low_cadence_penalty" time="0.003" /><testcase classname="tests.intelligence.test_biomechanics" name="test_cout_energetique_very_low_cadence" time="0.002" /><testcase classname="tests.intelligence.test_biomechanics" name="test_cout_energetique_very_high_cadence" time="0.001" /><testcase classname="tests.intelligence.test_biomechanics" name="test_cout_energetique_slightly_low_cadence" time="0.002" /><testcase classname="tests.intelligence.test_biomechanics" name="test_cout_energetique_slightly_high_cadence" time="0.002" /><testcase classname="tests.intelligence.test_biomechanics" name="test_cout_energetique_different_weight" time="0.002" /><testcase classname="tests.intelligence.test_biomechanics" name="test_cout_energetique_cout_km" time="0.001" /><testcase classname="tests.intelligence.test_biomechanics" name="test_cout_energetique_from_activity_complete" time="0.002" /><testcase classname="tests.intelligence.test_biomechanics" name="test_cout_energetique_from_activity_no_distance" time="0.002" /><testcase classname="tests.intelligence.test_biomechanics" name="test_cout_energetique_from_activity_missing_power" time="0.003" /><testcase classname="tests.intelligence.test_biomechanics" name="test_cout_energetique_from_activity_missing_cadence" time="0.002" /><testcase classname="tests.intelligence.test_biomechanics" name="test_cout_energetique_from_activity_average_watts_fallback" time="0.007" /><testcase classname="tests.intelligence.test_biomechanics_integration.TestPIDGrappeIntegration" name="test_full_pid_workflow_explosif_athlete" time="0.002" /><testcase classname="tests.intelligence.test_biomechanics_integration.TestPIDGrappeIntegration" name="test_full_pid_workflow_endurant_athlete" time="0.002" /><testcase classname="tests.intelligence.test_biomechanics_integration.TestPIDGrappeIntegration" name="test_adaptive_gains_explosif_vs_endurant" time="0.004" /><testcase classname="tests.intelligence.test_biomechanics_integration.TestIntervalsAPIIntegration" name="test_workflow_extract_metrics_to_recommendation" time="0.002" /><testcase classname="tests.intelligence.test_biomechanics_integration.TestIntervalsAPIIntegration" name="test_workflow_with_energy_cost_calculation" time="0.002" /><testcase classname="tests.intelligence.test_biomechanics_integration.TestIntervalsAPIIntegration" name="test_workflow_multiple_activities_trend_analysis" time="0.004" /><testcase classname="tests.intelligence.test_biomechanics_integration.TestAthleteProfileIntegration" name="test_athlete_profile_with_cadence_recommendation" time="0.002" /><testcase classname="tests.intelligence.test_biomechanics_integration.TestAthleteProfileIntegration" name="test_athlete_profile_with_pid_enhanced" time="0.002" /><testcase classname="tests.intelligence.test_biomechanics_integration.TestFullWorkflowIntegration" name="test_complete_workflow_cycle_planning" time="0.006" /><testcase classname="tests.intelligence.test_biomechanics_integration.TestFullWorkflowIntegration" name="test_complete_workflow_with_energy_cost" time="0.004" /><testcase classname="tests.intelligence.test_biomechanics_integration.TestFullWorkflowIntegration" name="test_multi_cycle_progression_tracking" time="0.005" /><testcase classname="tests.intelligence.test_biomechanics_intervals.TestExtractBiomechanicalMetrics" name="test_extract_metrics_empty_activities" time="0.002" /><testcase classname="tests.intelligence.test_biomechanics_intervals.TestExtractBiomechanicalMetrics" name="test_extract_metrics_single_activity" time="0.004" /><testcase classname="tests.intelligence.test_biomechanics_intervals.TestExtractBiomechanicalMetrics" name="test_extract_metrics_multiple_activities_weighted" time="0.003" /><testcase classname="tests.intelligence.test_biomechanics_intervals.TestExtractBiomechanicalMetrics" name="test_extract_metrics_filters_zero_cadence" time="0.006" /><testcase classname="tests.intelligence.test_biomechanics_intervals.TestExtractBiomechanicalMetrics" name="test_extract_metrics_filters_zero_tss" time="0.002" /><testcase classname="tests.intelligence.test_biomechanics_intervals.TestExtractBiomechanicalMetrics" name="test_extract_metrics_missing_fields" time="0.005" /><testcase classname="tests.intelligence.test_biomechanics_intervals.TestGetCadenceRecommendationFromActivities" name="test_cadence_recommendation_optimal_match" time="0.002" /><testcase classname="tests.intelligence.test_biomechanics_intervals.TestGetCadenceRecommendationFromActivities" name="test_cadence_recommendation_too_low" time="0.001" /><testcase classname="tests.intelligence.test_biomechanics_intervals.TestGetCadenceRecommendationFromActivities" name="test_cadence_recommendation_too_high" time="0.005" /><testcase classname="tests.intelligence.test_biomechanics_intervals.TestGetCadenceRecommendationFromActivities" name="test_cadence_recommendation_within_tolerance" time="0.003" /><testcase classname="tests.intelligence.test_biomechanics_intervals.TestGetCadenceRecommendationFromActivities" name="test_cadence_recommendation_explosif_profile" time="0.003" /><testcase classname="tests.intelligence.test_biomechanics_intervals.TestGetCadenceRecommendationFromActivities" name="test_cadence_recommendation_empty_activities" time="0.003" /><testcase classname="tests.intelligence.test_biomechanics_intervals.TestGetCadenceRecommendationFromActivities" name="test_cadence_recommendation_invalid_zone_ftp" time="0.003" /><testcase classname="tests.intelligence.test_biomechanics_intervals.TestGetCadenceRecommendationFromActivities" name="test_cadence_recommendation_includes_raw_metrics" time="0.002" /><testcase classname="tests.intelligence.test_biomechanics_intervals.TestGetActivitiesLastNWeeks" name="test_get_activities_last_4_weeks" time="0.002" /><testcase classname="tests.intelligence.test_biomechanics_intervals.TestGetActivitiesLastNWeeks" name="test_get_activities_custom_weeks" time="0.002" /><testcase classname="tests.intelligence.test_discrete_pid_controller" name="test_discrete_pid_initialization" time="0.001" /><testcase classname="tests.intelligence.test_discrete_pid_controller" name="test_discrete_pid_invalid_gains" time="0.003" /><testcase classname="tests.intelligence.test_discrete_pid_controller" name="test_discrete_pid_positive_error" time="0.004" /><testcase classname="tests.intelligence.test_discrete_pid_controller" name="test_discrete_pid_negative_error" time="0.001" /><testcase classname="tests.intelligence.test_discrete_pid_controller" name="test_discrete_pid_dead_band" time="0.001" /><testcase classname="tests.intelligence.test_discrete_pid_controller" name="test_discrete_pid_integral_accumulation" time="0.002" /><testcase classname="tests.intelligence.test_discrete_pid_controller" name="test_discrete_pid_anti_windup" time="0.003" /><testcase classname="tests.intelligence.test_discrete_pid_controller" name="test_discrete_pid_derivative_term" time="0.001" /><testcase classname="tests.intelligence.test_discrete_pid_controller" name="test_discrete_pid_output_saturation" time="0.002" /><testcase classname="tests.intelligence.test_discrete_pid_controller" name="test_discrete_pid_reset" time="0.002" /><testcase classname="tests.intelligence.test_discrete_pid_controller" name="test_discrete_pid_recommendation_increase" time="0.002" /><testcase classname="tests.intelligence.test_discrete_pid_controller" name="test_discrete_pid_recommendation_decrease" time="0.001" /><testcase classname="tests.intelligence.test_discrete_pid_controller" name="test_discrete_pid_recommendation_maintain" time="0.001" /><testcase classname="tests.intelligence.test_discrete_pid_controller" name="test_discrete_pid_convergence_5_cycles" time="0.001" /><testcase classname="tests.intelligence.test_discrete_pid_controller" name="test_discrete_pid_stability_near_target" time="0.002" /><testcase classname="tests.intelligence.test_discrete_pid_controller" name="test_compute_discrete_gains_empty_intelligence" time="0.002" /><testcase classname="tests.intelligence.test_discrete_pid_controller" name="test_compute_discrete_gains_validated_learnings" time="0.002" /><testcase classname="tests.intelligence.test_discrete_pid_controller" name="test_compute_discrete_gains_high_evidence" time="0.002" /><testcase classname="tests.intelligence.test_discrete_pid_controller" name="test_compute_discrete_gains_patterns" time="0.002" /><testcase classname="tests.intelligence.test_discrete_pid_controller" name="test_discrete_pid_get_state_info" time="0.002" /><testcase classname="tests.intelligence.test_discrete_pid_controller" name="test_discrete_pid_cycle_count_increments" time="0.001" /><testcase classname="tests.intelligence.test_discrete_pid_controller" name="test_discrete_pid_invalid_cycle_duration" time="0.002" /><testcase classname="tests.intelligence.test_discrete_pid_controller" name="test_training_intelligence_get_discrete_pid_correction" time="0.003" /><testcase classname="tests.intelligence.test_discrete_pid_controller" name="test_training_intelligence_discrete_pid_with_learnings" time="0.005" /><testcase classname="tests.intelligence.test_discrete_pid_controller" name="test_training_intelligence_discrete_pid_realistic_scenario" time="0.002" /><testcase classname="tests.intelligence.test_discrete_pid_controller" name="test_enhanced_validation_all_criteria_good" time="0.001" /><testcase classname="tests.intelligence.test_discrete_pid_controller" name="test_enhanced_validation_low_adherence" time="0.001" /><testcase classname="tests.intelligence.test_discrete_pid_controller" name="test_enhanced_validation_high_coupling" time="0.003" /><testcase classname="tests.intelligence.test_discrete_pid_controller" name="test_enhanced_validation_low_tss_completion" time="0.002" /><testcase classname="tests.intelligence.test_discrete_pid_controller" name="test_enhanced_validation_multiple_red_flags" time="0.003" /><testcase classname="tests.intelligence.test_discrete_pid_controller" name="test_enhanced_validation_warnings_only" time="0.001" /><testcase classname="tests.intelligence.test_discrete_pid_controller" name="test_enhanced_validation_gains_reduction_cumulative" time="0.001" /><testcase classname="tests.intelligence.test_pid_controller" name="test_pid_compute_positive_error" time="0.002" /><testcase classname="tests.intelligence.test_pid_controller" name="test_pid_compute_negative_error" time="0.001" /><testcase classname="tests.intelligence.test_pid_controller" name="test_pid_integral_anti_windup" time="0.004" /><testcase classname="tests.intelligence.test_pid_controller" name="test_pid_derivative_term" time="0.001" /><testcase classname="tests.intelligence.test_pid_controller" name="test_pid_output_saturation" time="0.002" /><testcase classname="tests.intelligence.test_pid_controller" name="test_pid_reset" time="0.002" /><testcase classname="tests.intelligence.test_pid_controller" name="test_pid_action_recommendation_increase" time="0.002" /><testcase classname="tests.intelligence.test_pid_controller" name="test_pid_action_recommendation_decrease" time="0.002" /><testcase classname="tests.intelligence.test_pid_controller" name="test_pid_action_recommendation_maintain" time="0.001" /><testcase classname="tests.intelligence.test_pid_controller" name="test_compute_gains_from_empty_intelligence" time="0.002" /><testcase classname="tests.intelligence.test_pid_controller" name="test_compute_gains_from_validated_learnings" time="0.003" /><testcase classname="tests.intelligence.test_pid_controller" name="test_compute_gains_with_many_patterns" time="0.003" /><testcase classname="tests.intelligence.test_pid_controller" name="test_compute_gains_with_high_evidence" time="0.002" /><testcase classname="tests.intelligence.test_pid_controller" name="test_training_intelligence_get_pid_correction" time="0.001" /><testcase classname="tests.intelligence.test_pid_controller" name="test_pid_controller_invalid_inputs" time="0.001" /><testcase classname="tests.intelligence.test_pid_controller" name="test_pid_multiple_iterations" time="0.002" /><testcase classname="tests.intelligence.test_pid_controller" name="test_pid_extreme_error_200w" time="0.004" /><testcase classname="tests.intelligence.test_pid_controller" name="test_pid_zero_error_target_reached" time="0.002" /><testcase classname="tests.intelligence.test_pid_controller" name="test_pid_negative_error_overperformance" time="0.002" /><testcase classname="tests.intelligence.test_pid_controller" name="test_integral_windup_saturation_100_iterations" time="0.002" /><testcase classname="tests.intelligence.test_pid_controller" name="test_integral_reset_on_error_sign_change" time="0.002" /><testcase classname="tests.intelligence.test_pid_controller" name="test_pid_convergence_40w_to_0w_monotonic" time="0.003" /><testcase classname="tests.intelligence.test_pid_controller" name="test_pid_stability_after_convergence" time="0.003" /><testcase classname="tests.intelligence.test_pid_controller" name="test_gains_evolution_with_learnings_count" time="0.011" /><testcase classname="tests.intelligence.test_pid_controller" name="test_gains_minimum_guaranteed" time="0.003" /><testcase classname="tests.intelligence.test_pid_controller" name="test_gains_ki_evolution_with_evidence" time="0.002" /><testcase classname="tests.intelligence.test_pid_controller" name="test_gains_kd_evolution_with_patterns" time="0.002" /><testcase classname="tests.intelligence.test_pid_controller" name="test_pid_action_recommendation_moderate_increase" time="0.003" /><testcase classname="tests.intelligence.test_pid_controller" name="test_pid_action_recommendation_maintain_small_adjustment" time="0.002" /><testcase classname="tests.intelligence.test_training_intelligence" name="test_training_learning_promote_confidence" time="0.001" /><testcase classname="tests.intelligence.test_training_intelligence" name="test_pattern_matches_conditions" time="0.001" /><testcase classname="tests.intelligence.test_training_intelligence" name="test_protocol_adaptation_creation" time="0.002" /><testcase classname="tests.intelligence.test_training_intelligence" name="test_add_learning_new" time="0.002" /><testcase classname="tests.intelligence.test_training_intelligence" name="test_add_learning_reinforce_similar" time="0.001" /><testcase classname="tests.intelligence.test_training_intelligence" name="test_add_learning_different_creates_new" time="0.001" /><testcase classname="tests.intelligence.test_training_intelligence" name="test_identify_pattern_new" time="0.003" /><testcase classname="tests.intelligence.test_training_intelligence" name="test_identify_pattern_update_existing" time="0.004" /><testcase classname="tests.intelligence.test_training_intelligence" name="test_pattern_confidence_progression_by_frequency" time="0.003" /><testcase classname="tests.intelligence.test_training_intelligence" name="test_propose_adaptation_confidence_by_evidence" time="0.003" /><testcase classname="tests.intelligence.test_training_intelligence" name="test_propose_adaptation_status_proposed" time="0.002" /><testcase classname="tests.intelligence.test_training_intelligence" name="test_propose_adaptation_types" time="0.001" /><testcase classname="tests.intelligence.test_training_intelligence" name="test_get_daily_insights_pattern_matching" time="0.001" /><testcase classname="tests.intelligence.test_training_intelligence" name="test_get_daily_insights_relevant_learnings" time="0.002" /><testcase classname="tests.intelligence.test_training_intelligence" name="test_get_weekly_synthesis_high_confidence_learnings" time="0.002" /><testcase classname="tests.intelligence.test_training_intelligence" name="test_get_monthly_trends_validated_protocols" time="0.002" /><testcase classname="tests.intelligence.test_training_intelligence" name="test_save_and_load_json" time="0.019" /><testcase classname="tests.intelligence.test_training_intelligence" name="test_save_creates_valid_json" time="0.011" /><testcase classname="tests.intelligence.test_training_intelligence" name="test_load_empty_intelligence" time="0.005" /><testcase classname="tests.intelligence.test_workout_diversity" name="test_workout_usage_dataclass" time="0.003" /><testcase classname="tests.intelligence.test_workout_diversity" name="test_tracker_initialization" time="0.005" /><testcase classname="tests.intelligence.test_workout_diversity" name="test_record_workout_usage" time="0.006" /><testcase classname="tests.intelligence.test_workout_diversity" name="test_is_recently_used" time="0.010" /><testcase classname="tests.intelligence.test_workout_diversity" name="test_get_recent_usage" time="0.012" /><testcase classname="tests.intelligence.test_workout_diversity" name="test_get_workout_stats" time="0.011" /><testcase classname="tests.intelligence.test_workout_diversity" name="test_get_diversity_report" time="0.019" /><testcase classname="tests.intelligence.test_workout_diversity" name="test_get_available_workouts_for_diversity" time="0.008" /><testcase classname="tests.intelligence.test_workout_diversity" name="test_custom_rotation_window" time="0.004" /><testcase classname="tests.intelligence.test_workout_diversity" name="test_custom_max_repetition_rate" time="0.008" /><testcase classname="tests.maintenance.test_clear_week_planning.TestClearWeekPlanning" name="test_date_parsing_valid" time="0.003" /><testcase classname="tests.maintenance.test_clear_week_planning.TestClearWeekPlanning" name="test_date_parsing_invalid" time="0.003" /><testcase classname="tests.maintenance.test_clear_week_planning.TestClearWeekPlanning" name="test_week_id_format_valid" time="0.003" /><testcase classname="tests.maintenance.test_clear_week_planning.TestClearWeekPlanning" name="test_week_id_format_invalid" time="0.006" /><testcase classname="tests.maintenance.test_clear_week_planning.TestEventFiltering" name="test_filter_workout_events" time="0.003" /><testcase classname="tests.maintenance.test_clear_week_planning.TestEventFiltering" name="test_preserve_activities" time="0.002" /><testcase classname="tests.maintenance.test_clear_week_planning.TestEventFiltering" name="test_preserve_notes" time="0.002" /><testcase classname="tests.maintenance.test_clear_week_planning.TestDateRangeCalculation" name="test_week_range_calculation" time="0.003" /><testcase classname="tests.maintenance.test_clear_week_planning.TestDateRangeCalculation" name="test_week_spans_7_days" time="0.001" /><testcase classname="tests.maintenance.test_clear_week_planning.TestDryRunMode" name="test_dry_run_no_deletion" time="0.001" /><testcase classname="tests.maintenance.test_clear_week_planning.TestDryRunMode" name="test_dry_run_reports_would_delete" time="0.002" /><testcase classname="tests.maintenance.test_clear_week_planning.TestConfirmationLogic" name="test_confirmation_required_by_default" time="0.004" /><testcase classname="tests.maintenance.test_clear_week_planning.TestConfirmationLogic" name="test_no_confirmation_in_auto_mode" time="0.003" /><testcase classname="tests.maintenance.test_clear_week_planning.TestConfirmationLogic" name="test_no_confirmation_in_dry_run" time="0.002" /><testcase classname="tests.maintenance.test_clear_week_planning.TestConfirmationLogic" name="test_valid_confirmation_responses" time="0.003" /><testcase classname="tests.maintenance.test_clear_week_planning.TestEventCounting" name="test_success_rate_calculation" time="0.006" /><testcase classname="tests.maintenance.test_clear_week_planning.TestEventCounting" name="test_all_successful" time="0.006" /><testcase classname="tests.maintenance.test_clear_week_planning.TestEventCounting" name="test_all_failed" time="0.002" /><testcase classname="tests.maintenance.test_clear_week_planning.TestEventCounting" name="test_partial_success" time="0.001" /><testcase classname="tests.maintenance.test_clear_week_planning.TestErrorHandling" name="test_invalid_date_format" time="0.004" /><testcase classname="tests.maintenance.test_clear_week_planning.TestErrorHandling" name="test_missing_event_fields" time="0.003" /><testcase classname="tests.maintenance.test_clear_week_planning.TestOutputFormatting" name="test_date_formatting" time="0.005" /><testcase classname="tests.maintenance.test_clear_week_planning.TestOutputFormatting" name="test_progress_indicator" time="0.002" /><testcase classname="tests.maintenance.test_clear_week_planning.TestOutputFormatting" name="test_summary_format" time="0.001" /><testcase classname="tests.maintenance.test_format_planning.TestWorkoutFormatter" name="test_initialization" time="0.005" /><testcase classname="tests.maintenance.test_format_planning.TestWorkoutFormatter" name="test_parse_workouts_from_markdown" time="0.005" /><testcase classname="tests.maintenance.test_format_planning.TestWorkoutFormatter" name="test_validate_correct_notation" time="0.007" /><testcase classname="tests.maintenance.test_format_planning.TestWorkoutFormatter" name="test_validate_bad_repetition" time="0.003" /><testcase classname="tests.maintenance.test_format_planning.TestWorkoutFormatter" name="test_validate_bad_warmup" time="0.005" /><testcase classname="tests.maintenance.test_format_planning.TestWorkoutFormatter" name="test_validate_bad_cooldown" time="0.004" /><testcase classname="tests.maintenance.test_format_planning.TestWorkoutFormatter" name="test_validate_ramps_no_watts" time="0.003" /><testcase classname="tests.maintenance.test_format_planning.TestWorkoutFormatter" name="test_format_for_upload" time="0.003" /><testcase classname="tests.maintenance.test_format_planning.TestWorkoutFormatter" name="test_format_multiple_workouts" time="0.003" /><testcase classname="tests.maintenance.test_format_planning.TestValidationRules" name="test_repetition_2x_detection" time="0.005" /><testcase classname="tests.maintenance.test_format_planning.TestValidationRules" name="test_repetition_10x_detection" time="0.002" /><testcase classname="tests.maintenance.test_format_planning.TestValidationRules" name="test_warmup_50_to_65_valid" time="0.001" /><testcase classname="tests.maintenance.test_format_planning.TestValidationRules" name="test_warmup_65_to_50_invalid" time="0.004" /><testcase classname="tests.maintenance.test_format_planning.TestValidationRules" name="test_cooldown_65_to_50_valid" time="0.002" /><testcase classname="tests.maintenance.test_format_planning.TestValidationRules" name="test_cooldown_50_to_65_invalid" time="0.002" /><testcase classname="tests.maintenance.test_format_planning.TestValidationRules" name="test_ramp_with_watts_valid" time="0.003" /><testcase classname="tests.maintenance.test_format_planning.TestValidationRules" name="test_ramp_without_watts_invalid" time="0.004" /><testcase classname="tests.maintenance.test_format_planning.TestEdgeCases" name="test_empty_content" time="0.003" /><testcase classname="tests.maintenance.test_format_planning.TestEdgeCases" name="test_no_structure" time="0.004" /><testcase classname="tests.maintenance.test_format_planning.TestEdgeCases" name="test_multiple_ramps_same_workout" time="0.004" /><testcase classname="tests.maintenance.test_format_planning.TestFormatOutput" name="test_delimiter_format" time="0.003" /><testcase classname="tests.maintenance.test_format_planning.TestFormatOutput" name="test_empty_line_between_workouts" time="0.003" /><testcase classname="tests.planning.test_calendar.TestTrainingSession" name="test_get_effective_tss_completed" time="0.003" /><testcase classname="tests.planning.test_calendar.TestTrainingSession" name="test_get_effective_tss_not_completed" time="0.002" /><testcase classname="tests.planning.test_calendar.TestTrainingSession" name="test_to_dict_serialization" time="0.003" /><testcase classname="tests.planning.test_calendar.TestWeeklySummary" name="test_to_dict_serialization" time="0.001" /><testcase classname="tests.planning.test_calendar.TestTrainingCalendar" name="test_initialization_master_athlete" time="0.002" /><testcase classname="tests.planning.test_calendar.TestTrainingCalendar" name="test_initialization_senior_athlete" time="0.003" /><testcase classname="tests.planning.test_calendar.TestTrainingCalendar" name="test_generate_weekly_calendar_week_3" time="0.004" /><testcase classname="tests.planning.test_calendar.TestTrainingCalendar" name="test_generate_weekly_calendar_week_1" time="0.003" /><testcase classname="tests.planning.test_calendar.TestTrainingCalendar" name="test_generate_weekly_calendar_invalid_week" time="0.004" /><testcase classname="tests.planning.test_calendar.TestTrainingCalendar" name="test_mark_rest_days_single_day" time="0.003" /><testcase classname="tests.planning.test_calendar.TestTrainingCalendar" name="test_mark_rest_days_multiple_days" time="0.002" /><testcase classname="tests.planning.test_calendar.TestTrainingCalendar" name="test_mark_rest_days_invalid_weekday" time="0.005" /><testcase classname="tests.planning.test_calendar.TestTrainingCalendar" name="test_mark_rest_days_removes_duplicates" time="0.004" /><testcase classname="tests.planning.test_calendar.TestTrainingCalendar" name="test_add_session_success" time="0.002" /><testcase classname="tests.planning.test_calendar.TestTrainingCalendar" name="test_add_session_on_rest_day_fails" time="0.005" /><testcase classname="tests.planning.test_calendar.TestTrainingCalendar" name="test_add_session_overwrites_existing" time="0.004" /><testcase classname="tests.planning.test_calendar.TestTrainingCalendar" name="test_get_week_summary_empty_week" time="0.005" /><testcase classname="tests.planning.test_calendar.TestTrainingCalendar" name="test_get_week_summary_with_sessions" time="0.003" /><testcase classname="tests.planning.test_calendar.TestTrainingCalendar" name="test_get_week_summary_completed_sessions" time="0.004" /><testcase classname="tests.planning.test_calendar.TestTrainingCalendar" name="test_get_week_summary_dates_correct" time="0.008" /><testcase classname="tests.planning.test_intervals_sync.TestCalendarDiff" name="test_has_changes_empty" time="0.004" /><testcase classname="tests.planning.test_intervals_sync.TestCalendarDiff" name="test_has_changes_with_removed" time="0.002" /><testcase classname="tests.planning.test_intervals_sync.TestCalendarDiff" name="test_has_changes_with_added" time="0.002" /><testcase classname="tests.planning.test_intervals_sync.TestCalendarDiff" name="test_has_changes_with_modified" time="0.002" /><testcase classname="tests.planning.test_intervals_sync.TestSyncStatusReport" name="test_summary_synced" time="0.003" /><testcase classname="tests.planning.test_intervals_sync.TestSyncStatusReport" name="test_summary_with_changes" time="0.002" /><testcase classname="tests.planning.test_intervals_sync.TestIntervalsSync" name="test_init" time="0.002" /><testcase classname="tests.planning.test_intervals_sync.TestIntervalsSync" name="test_fetch_remote_calendar_empty" time="0.007" /><testcase classname="tests.planning.test_intervals_sync.TestIntervalsSync" name="test_fetch_remote_calendar_with_workouts" time="0.004" /><testcase classname="tests.planning.test_intervals_sync.TestIntervalsSync" name="test_detect_changes_no_changes" time="0.011" /><testcase classname="tests.planning.test_intervals_sync.TestIntervalsSync" name="test_detect_changes_workout_removed_by_coach" time="0.013" /><testcase classname="tests.planning.test_intervals_sync.TestIntervalsSync" name="test_detect_changes_workout_added_by_coach" time="0.004" /><testcase classname="tests.planning.test_intervals_sync.TestIntervalsSync" name="test_detect_changes_workout_modified_by_coach" time="0.013" /><testcase classname="tests.planning.test_intervals_sync.TestIntervalsSync" name="test_get_sync_status_synced" time="0.008" /><testcase classname="tests.planning.test_intervals_sync.TestIntervalsSync" name="test_get_sync_status_with_changes" time="0.005" /><testcase classname="tests.planning.test_migration_weekly_planner.TestWeeklyPlannerMigration" name="test_update_session_status_uses_pydantic" time="0.020" /><testcase classname="tests.planning.test_migration_weekly_planner.TestWeeklyPlannerMigration" name="test_update_session_status_with_skip_reason" time="0.017" /><testcase classname="tests.planning.test_migration_weekly_planner.TestWeeklyPlannerMigration" name="test_update_session_status_validates_data" time="0.016" /><testcase classname="tests.planning.test_migration_weekly_planner.TestWeeklyPlannerMigration" name="test_update_nonexistent_session_returns_false" time="0.019" /><testcase classname="tests.planning.test_migration_weekly_planner.TestWeeklyPlannerMigration" name="test_update_missing_file_returns_false" time="0.007" /><testcase classname="tests.planning.test_migration_weekly_planner.TestWeeklyPlannerMigration" name="test_last_updated_is_modified" time="0.231" /><testcase classname="tests.planning.test_migration_weekly_planner.TestWeeklyPlannerMigration" name="test_pydantic_protection_prevents_corruption" time="0.007" /><testcase classname="tests.planning.test_migration_weekly_planner.TestBackwardCompatibility" name="test_can_read_old_json_format" time="0.007" /><testcase classname="tests.planning.test_models_anti_aliasing.TestSessionAntiAliasing" name="test_session_model_copy_deep_no_aliasing" time="0.002" /><testcase classname="tests.planning.test_models_anti_aliasing.TestSessionAntiAliasing" name="test_session_pydantic_creates_new_instances" time="0.003" /><testcase classname="tests.planning.test_models_anti_aliasing.TestWeeklyPlanAntiAliasing" name="test_backup_sessions_creates_deep_copy" time="0.002" /><testcase classname="tests.planning.test_models_anti_aliasing.TestWeeklyPlanAntiAliasing" name="test_restore_sessions_uses_deep_copy" time="0.003" /><testcase classname="tests.planning.test_models_anti_aliasing.TestWeeklyPlanAntiAliasing" name="test_shallow_copy_danger_prevented" time="0.003" /><testcase classname="tests.planning.test_models_anti_aliasing.TestWeeklyPlanAntiAliasing" name="test_from_json_creates_validated_instance" time="0.006" /><testcase classname="tests.planning.test_models_anti_aliasing.TestValidationProtection" name="test_start_date_must_be_monday" time="0.002" /><testcase classname="tests.planning.test_models_anti_aliasing.TestValidationProtection" name="test_end_date_must_be_sunday" time="0.007" /><testcase classname="tests.planning.test_models_anti_aliasing.TestValidationProtection" name="test_skip_reason_required_when_skipped" time="0.003" /><testcase classname="tests.planning.test_models_anti_aliasing.TestValidationProtection" name="test_skip_reason_required_when_cancelled" time="0.002" /><testcase classname="tests.planning.test_models_anti_aliasing.TestValidationProtection" name="test_skip_reason_required_when_replaced" time="0.004" /><testcase classname="tests.planning.test_models_anti_aliasing.TestValidationProtection" name="test_session_date_within_week_boundaries" time="0.003" /><testcase classname="tests.planning.test_peaks_phases.TestCalculateCTLTarget" name="test_calculate_ctl_target_basic" time="0.002" /><testcase classname="tests.planning.test_peaks_phases.TestCalculateCTLTarget" name="test_calculate_ctl_target_minimal_progression" time="0.003" /><testcase classname="tests.planning.test_peaks_phases.TestCalculateCTLTarget" name="test_calculate_ctl_target_no_ftp_change" time="0.002" /><testcase classname="tests.planning.test_peaks_phases.TestDetermineTrainingPhase" name="test_phase_reconstruction_base" time="0.008" /><testcase classname="tests.planning.test_peaks_phases.TestDetermineTrainingPhase" name="test_phase_consolidation" time="0.003" /><testcase classname="tests.planning.test_peaks_phases.TestDetermineTrainingPhase" name="test_phase_development_ftp" time="0.001"><skipped type="pytest.skip" message="Algorithm conservative by design: always calculates target as ctl*1.15 even when FTP unchanged">/Users/stephanejouve/cyclisme-training-logs/tests/planning/test_peaks_phases.py:79: Algorithm conservative by design: always calculates target as ctl*1.15 even when FTP unchanged</skipped></testcase><testcase classname="tests.planning.test_peaks_phases.TestDetermineTrainingPhase" name="test_masters_recovery_frequency_adjustment" time="0.002" /><testcase classname="tests.planning.test_peaks_phases.TestDetermineTrainingPhase" name="test_weeks_to_rebuild_calculation" time="0.003" /><testcase classname="tests.planning.test_peaks_phases.TestDetermineTrainingPhase" name="test_no_deficit_when_ctl_optimal" time="0.001"><skipped type="pytest.skip" message="Algorithm conservative: target_ctl = ctl*1.15 even when FTP unchanged, so deficit persists">/Users/stephanejouve/cyclisme-training-logs/tests/planning/test_peaks_phases.py:123: Algorithm conservative: target_ctl = ctl*1.15 even when FTP unchanged, so deficit persists</skipped></testcase><testcase classname="tests.planning.test_peaks_phases.TestDetermineTrainingPhase" name="test_distribution_sums_to_one" time="0.003" /><testcase classname="tests.planning.test_peaks_phases.TestFormatPhaseRecommendation" name="test_format_reconstruction_phase" time="0.008" /><testcase classname="tests.planning.test_peaks_phases.TestFormatPhaseRecommendation" name="test_format_consolidation_phase" time="0.003" /><testcase classname="tests.planning.test_peaks_phases.TestFormatPhaseRecommendation" name="test_format_development_phase" time="0.001"><skipped type="pytest.skip" message="Algorithm conservative: DEVELOPMENT phase rarely reached, see test_phase_development_ftp">/Users/stephanejouve/cyclisme-training-logs/tests/planning/test_peaks_phases.py:191: Algorithm conservative: DEVELOPMENT phase rarely reached, see test_phase_development_ftp</skipped></testcase><testcase classname="tests.planning.test_peaks_phases.TestFormatPhaseRecommendation" name="test_format_includes_rationale" time="0.002" /><testcase classname="tests.planning.test_peaks_phases.TestEdgeCases" name="test_very_low_ctl" time="0.001" /><testcase classname="tests.planning.test_peaks_phases.TestEdgeCases" name="test_ctl_at_85_percent_boundary" time="0.001" /><testcase classname="tests.planning.test_peaks_phases.TestEdgeCases" name="test_high_ftp_target" time="0.004" /><testcase classname="tests.planning.test_planning_manager.TestTrainingObjective" name="test_progress_percent_with_values" time="0.004" /><testcase classname="tests.planning.test_planning_manager.TestTrainingObjective" name="test_progress_percent_without_values" time="0.005" /><testcase classname="tests.planning.test_planning_manager.TestTrainingObjective" name="test_days_remaining_future" time="0.002" /><testcase classname="tests.planning.test_planning_manager.TestTrainingObjective" name="test_days_remaining_past" time="0.002" /><testcase classname="tests.planning.test_planning_manager.TestTrainingPlan" name="test_duration_weeks_exact" time="0.002" /><testcase classname="tests.planning.test_planning_manager.TestTrainingPlan" name="test_duration_weeks_partial" time="0.003" /><testcase classname="tests.planning.test_planning_manager.TestTrainingPlan" name="test_get_objectives_by_priority" time="0.002" /><testcase classname="tests.planning.test_planning_manager.TestTrainingPlan" name="test_to_dict_serialization" time="0.001" /><testcase classname="tests.planning.test_planning_manager.TestPlanningManager" name="test_create_training_plan_success" time="0.003" /><testcase classname="tests.planning.test_planning_manager.TestPlanningManager" name="test_create_training_plan_invalid_dates" time="0.004" /><testcase classname="tests.planning.test_planning_manager.TestPlanningManager" name="test_create_training_plan_too_short" time="0.003" /><testcase classname="tests.planning.test_planning_manager.TestPlanningManager" name="test_create_training_plan_too_long" time="0.007" /><testcase classname="tests.planning.test_planning_manager.TestPlanningManager" name="test_add_deadline_success" time="0.007" /><testcase classname="tests.planning.test_planning_manager.TestPlanningManager" name="test_add_deadline_plan_not_found" time="0.005" /><testcase classname="tests.planning.test_planning_manager.TestPlanningManager" name="test_add_deadline_before_plan_start" time="0.002" /><testcase classname="tests.planning.test_planning_manager.TestPlanningManager" name="test_get_plan_timeline" time="0.006" /><testcase classname="tests.planning.test_planning_manager.TestPlanningManager" name="test_get_plan_timeline_critical_dates" time="0.002" /><testcase classname="tests.planning.test_planning_manager.TestPlanningManager" name="test_validate_plan_feasibility_safe_plan" time="0.003" /><testcase classname="tests.planning.test_planning_manager.TestPlanningManager" name="test_validate_plan_feasibility_excessive_tss" time="0.004" /><testcase classname="tests.planning.test_planning_manager.TestPlanningManager" name="test_validate_plan_feasibility_excessive_ramp" time="0.004" /><testcase classname="tests.planning.test_planning_manager.TestPlanningManager" name="test_validate_plan_feasibility_many_objectives" time="0.005" /><testcase classname="tests.planning.test_session_formatter.TestFormatRemainingSessionsCompact" name="test_format_empty_sessions" time="0.003" /><testcase classname="tests.planning.test_session_formatter.TestFormatRemainingSessionsCompact" name="test_format_single_session" time="0.005" /><testcase classname="tests.planning.test_session_formatter.TestFormatRemainingSessionsCompact" name="test_format_multiple_sessions" time="0.001" /><testcase classname="tests.planning.test_session_formatter.TestFormatRemainingSessionsCompact" name="test_format_rest_day" time="0.004" /><testcase classname="tests.planning.test_session_formatter.TestFormatRemainingSessionsCompact" name="test_format_mixed_sessions" time="0.003" /><testcase classname="tests.planning.test_session_formatter.TestFormatRemainingSessionsCompact" name="test_format_session_without_version" time="0.002" /><testcase classname="tests.planning.test_session_formatter.TestFormatRemainingSessionsCompact" name="test_format_session_without_tss" time="0.001" /><testcase classname="tests.planning.test_workout_validation.TestValidateWorkoutTSB" name="test_vo2_tsb_insufficient_fail" time="0.002" /><testcase classname="tests.planning.test_workout_validation.TestValidateWorkoutTSB" name="test_vo2_tsb_warning" time="0.003" /><testcase classname="tests.planning.test_workout_validation.TestValidateWorkoutTSB" name="test_vo2_tsb_optimal_pass" time="0.001" /><testcase classname="tests.planning.test_workout_validation.TestValidateWorkoutTSB" name="test_ftp_tsb_too_negative_fail" time="0.004" /><testcase classname="tests.planning.test_workout_validation.TestValidateWorkoutTSB" name="test_ftp_tsb_negative_warning" time="0.008" /><testcase classname="tests.planning.test_workout_validation.TestValidateWorkoutTSB" name="test_ftp_tsb_positive_pass" time="0.006" /><testcase classname="tests.planning.test_workout_validation.TestValidateWorkoutSleep" name="test_high_intensity_insufficient_sleep_fail" time="0.007" /><testcase classname="tests.planning.test_workout_validation.TestValidateWorkoutSleep" name="test_high_intensity_sufficient_sleep_pass" time="0.003" /><testcase classname="tests.planning.test_workout_validation.TestValidateWorkoutSleep" name="test_low_intensity_no_sleep_check" time="0.002" /><testcase classname="tests.planning.test_workout_validation.TestValidateWorkoutRecentIntensity" name="test_vo2_with_recent_high_intensity_warning" time="0.002" /><testcase classname="tests.planning.test_workout_validation.TestValidateWorkoutRecentIntensity" name="test_vo2_no_recent_high_intensity_pass" time="0.005" /><testcase classname="tests.planning.test_workout_validation.TestValidateWorkoutDecoupling" name="test_sweet_spot_decoupling_threshold" time="0.003" /><testcase classname="tests.planning.test_workout_validation.TestValidateWorkoutDecoupling" name="test_ftp_decoupling_threshold" time="0.003" /><testcase classname="tests.planning.test_workout_validation.TestValidateWorkoutDecoupling" name="test_short_workout_no_decoupling_check" time="0.003" /><testcase classname="tests.planning.test_workout_validation.TestValidateWorkoutPlacement" name="test_recovery_midweek_warning" time="0.003" /><testcase classname="tests.planning.test_workout_validation.TestValidateWorkoutPlacement" name="test_vo2_non_optimal_day_warning" time="0.002" /><testcase classname="tests.planning.test_workout_validation.TestValidateWorkoutPlacement" name="test_vo2_optimal_day_no_warning" time="0.003" /><testcase classname="tests.planning.test_workout_validation.TestValidateWorkoutVolume" name="test_large_workout_warning" time="0.002" /><testcase classname="tests.planning.test_workout_validation.TestValidateWorkoutVolume" name="test_normal_workout_no_volume_warning" time="0.002" /><testcase classname="tests.planning.test_workout_validation.TestValidateWorkoutJunkMiles" name="test_long_low_tss_warning" time="0.004" /><testcase classname="tests.planning.test_workout_validation.TestValidateWorkoutJunkMiles" name="test_long_adequate_tss_pass" time="0.002" /><testcase classname="tests.planning.test_workout_validation.TestFormatValidationReport" name="test_format_pass_workout" time="0.003" /><testcase classname="tests.planning.test_workout_validation.TestFormatValidationReport" name="test_format_fail_workout" time="0.003" /><testcase classname="tests.planning.test_workout_validation.TestFormatValidationReport" name="test_format_warning_workout" time="0.003" /><testcase classname="tests.planning.test_workout_validation.TestEdgeCases" name="test_missing_optional_fields" time="0.004" /><testcase classname="tests.planning.test_workout_validation.TestEdgeCases" name="test_zero_tsb" time="0.006" /><testcase classname="tests.planning.test_workout_validation.TestEdgeCases" name="test_multiple_failures" time="0.003" /><testcase classname="tests.reports.test_data_collector.TestDataCollectorInit" name="test_init_with_default_data_dir" time="0.005" /><testcase classname="tests.reports.test_data_collector.TestDataCollectorInit" name="test_init_with_custom_data_dir" time="0.007" /><testcase classname="tests.reports.test_data_collector.TestCollectWeekData" name="test_collect_week_data_success" time="0.013" /><testcase classname="tests.reports.test_data_collector.TestCollectWeekData" name="test_collect_week_data_aggregator_failure" time="0.004" /><testcase classname="tests.reports.test_data_collector.TestCollectWeekData" name="test_collect_week_data_exception_handling" time="0.002" /><testcase classname="tests.reports.test_data_collector.TestFormatActivities" name="test_format_activities_with_data" time="0.006" /><testcase classname="tests.reports.test_data_collector.TestFormatActivities" name="test_format_activities_empty_list" time="0.008" /><testcase classname="tests.reports.test_data_collector.TestFormatActivities" name="test_format_activities_missing_intervals_activity" time="0.009" /><testcase classname="tests.reports.test_data_collector.TestExtractWellnessData" name="test_extract_wellness_data_with_metrics" time="0.003" /><testcase classname="tests.reports.test_data_collector.TestExtractWellnessData" name="test_extract_wellness_data_no_metrics" time="0.003" /><testcase classname="tests.reports.test_data_collector.TestExtractLearnings" name="test_extract_learnings_with_data" time="0.004" /><testcase classname="tests.reports.test_data_collector.TestExtractLearnings" name="test_extract_learnings_empty_list" time="0.006" /><testcase classname="tests.reports.test_data_collector.TestExtractMetricsEvolution" name="test_extract_metrics_evolution_with_data" time="0.002" /><testcase classname="tests.reports.test_data_collector.TestExtractMetricsEvolution" name="test_extract_metrics_evolution_no_data" time="0.005" /><testcase classname="tests.reports.test_data_collector.TestCalculateTrend" name="test_calculate_trend_increasing" time="0.002" /><testcase classname="tests.reports.test_data_collector.TestCalculateTrend" name="test_calculate_trend_decreasing" time="0.002" /><testcase classname="tests.reports.test_data_collector.TestCalculateTrend" name="test_calculate_trend_stable" time="0.005" /><testcase classname="tests.reports.test_data_collector.TestCalculateTrend" name="test_calculate_trend_empty_list" time="0.003" /><testcase classname="tests.reports.test_data_collector.TestCalculateTrend" name="test_calculate_trend_single_value" time="0.004" /><testcase classname="tests.reports.test_generator.TestReportGenerator" name="test_init_default_provider" time="0.002" /><testcase classname="tests.reports.test_generator.TestReportGenerator" name="test_init_custom_provider" time="0.001" /><testcase classname="tests.reports.test_generator.TestReportGenerator" name="test_generate_report_invalid_week_format" time="0.003" /><testcase classname="tests.reports.test_generator.TestReportGenerator" name="test_generate_report_invalid_report_type" time="0.004" /><testcase classname="tests.reports.test_integration.TestReportGeneratorIntegration" name="test_generate_workout_history_success" time="0.024" /><testcase classname="tests.reports.test_integration.TestReportGeneratorIntegration" name="test_generate_report_data_collection_failure" time="0.007" /><testcase classname="tests.reports.test_integration.TestReportGeneratorIntegration" name="test_generate_report_ai_generation_failure" time="0.006" /><testcase classname="tests.reports.test_integration.TestReportGeneratorIntegration" name="test_generate_report_validation_failure" time="0.010" /><testcase classname="tests.reports.test_integration.TestReportGeneratorIntegration" name="test_generate_bilan_final_success" time="0.010" /><testcase classname="tests.reports.test_integration.TestReportGeneratorIntegration" name="test_generate_with_ai_provider_override" time="0.016" /><testcase classname="tests.reports.test_prompts.TestBuildWorkoutHistoryPrompt" name="test_build_prompt_with_valid_data" time="0.004" /><testcase classname="tests.reports.test_prompts.TestBuildWorkoutHistoryPrompt" name="test_build_prompt_missing_required_field" time="0.003" /><testcase classname="tests.reports.test_prompts.TestBuildWorkoutHistoryPrompt" name="test_prompt_contains_activity_details" time="0.002" /><testcase classname="tests.reports.test_prompts.TestFormatActivities" name="test_format_activities_with_data" time="0.003" /><testcase classname="tests.reports.test_prompts.TestFormatActivities" name="test_format_activities_empty_list" time="0.003" /><testcase classname="tests.reports.test_prompts.TestFormatWellness" name="test_format_wellness_with_data" time="0.003" /><testcase classname="tests.reports.test_prompts.TestFormatLearnings" name="test_format_learnings_with_data" time="0.004" /><testcase classname="tests.reports.test_prompts.TestFormatLearnings" name="test_format_learnings_empty_list" time="0.042" /><testcase classname="tests.reports.test_prompts.TestFormatMetricsEvolution" name="test_format_metrics_evolution_with_data" time="0.003" /><testcase classname="tests.reports.test_prompts.TestFormatMetricsEvolution" name="test_format_metrics_evolution_empty_data" time="0.003" /><testcase classname="tests.reports.test_prompts.TestCalculateTSSPercentage" name="test_calculate_tss_percentage_normal" time="0.003" /><testcase classname="tests.reports.test_prompts.TestCalculateTSSPercentage" name="test_calculate_tss_percentage_zero_planned" time="0.004" /><testcase classname="tests.reports.test_prompts.TestCalculateTSSPercentage" name="test_calculate_tss_percentage_over_100" time="0.009" /><testcase classname="tests.reports.test_prompts.TestBuildBilanFinalPrompt" name="test_build_prompt_with_valid_data" time="0.003" /><testcase classname="tests.reports.test_prompts.TestBuildBilanFinalPrompt" name="test_build_prompt_missing_required_field" time="0.003" /><testcase classname="tests.reports.test_prompts.TestBuildBilanFinalPrompt" name="test_prompt_contains_week_context" time="0.004" /><testcase classname="tests.reports.test_validators.TestMarkdownValidator" name="test_init" time="0.003" /><testcase classname="tests.reports.test_validators.TestMarkdownValidator" name="test_validate_valid_workout_history" time="0.011" /><testcase classname="tests.reports.test_validators.TestMarkdownValidator" name="test_validate_valid_bilan_final" time="0.005" /><testcase classname="tests.reports.test_validators.TestMarkdownValidator" name="test_validate_invalid_report_type" time="0.005" /><testcase classname="tests.reports.test_validators.TestMarkdownValidator" name="test_validate_missing_title" time="0.004" /><testcase classname="tests.reports.test_validators.TestMarkdownValidator" name="test_validate_missing_sections" time="0.002" /><testcase classname="tests.reports.test_validators.TestMarkdownValidator" name="test_validate_week_number_mismatch" time="0.004" /><testcase classname="tests.reports.test_validators.TestMarkdownValidator" name="test_word_count_warning" time="0.006" /><testcase classname="tests.reports.test_validators.TestMarkdownValidator" name="test_word_count_calculation" time="0.002" /><testcase classname="tests.reports.test_validators.TestMarkdownValidator" name="test_extract_sections" time="0.002" /><testcase classname="tests.reports.test_validators.TestValidationResult" name="test_validation_result_creation" time="0.002" /><testcase classname="tests.reports.test_validators.TestValidationResult" name="test_validation_result_invalid" time="0.001" /><testcase classname="tests.test_ai_providers.test_base.TestAIProviderEnum" name="test_enum_has_all_providers" time="0.005" /><testcase classname="tests.test_ai_providers.test_base.TestAIProviderEnum" name="test_enum_values_are_strings" time="0.003" /><testcase classname="tests.test_ai_providers.test_base.TestAIProviderEnum" name="test_enum_clipboard_exists" time="0.006" /><testcase classname="tests.test_ai_providers.test_base.TestAIProviderEnum" name="test_enum_claude_exists" time="0.003" /><testcase classname="tests.test_ai_providers.test_base.TestAIProviderEnum" name="test_enum_mistral_exists" time="0.007" /><testcase classname="tests.test_ai_providers.test_base.TestAIProviderEnum" name="test_enum_openai_exists" time="0.004" /><testcase classname="tests.test_ai_providers.test_base.TestAIProviderEnum" name="test_enum_ollama_exists" time="0.004" /><testcase classname="tests.test_ai_providers.test_base.TestAIProviderEnum" name="test_enum_from_string" time="0.003" /><testcase classname="tests.test_ai_providers.test_base.TestAIProviderEnum" name="test_enum_invalid_value_raises_error" time="0.003" /><testcase classname="tests.test_ai_providers.test_base.TestAIAnalyzerABC" name="test_cannot_instantiate_abstract_class" time="0.004" /><testcase classname="tests.test_ai_providers.test_base.TestAIAnalyzerABC" name="test_subclass_must_implement_analyze_session" time="0.002" /><testcase classname="tests.test_ai_providers.test_base.TestAIAnalyzerABC" name="test_subclass_can_use_default_get_provider_info" time="0.002" /><testcase classname="tests.test_ai_providers.test_base.TestAIAnalyzerABC" name="test_subclass_can_use_default_validate_config" time="0.002" /><testcase classname="tests.test_ai_providers.test_base.TestAIAnalyzerABC" name="test_complete_subclass_can_be_instantiated" time="0.004" /><testcase classname="tests.test_ai_providers.test_base.TestAIAnalyzerABC" name="test_subclass_analyze_session_signature" time="0.003" /><testcase classname="tests.test_ai_providers.test_base.TestAIAnalyzerABC" name="test_subclass_has_provider_attribute" time="0.003" /><testcase classname="tests.test_ai_providers.test_claude_api.TestClaudeAPIAnalyzer" name="test_init_success" time="0.054" /><testcase classname="tests.test_ai_providers.test_claude_api.TestClaudeAPIAnalyzer" name="test_init_missing_api_key" time="0.002" /><testcase classname="tests.test_ai_providers.test_claude_api.TestClaudeAPIAnalyzer" name="test_init_invalid_api_key_format" time="0.003" /><testcase classname="tests.test_ai_providers.test_claude_api.TestClaudeAPIAnalyzer" name="test_init_default_model" time="0.068" /><testcase classname="tests.test_ai_providers.test_claude_api.TestClaudeAPIAnalyzer" name="test_init_custom_max_tokens" time="0.088" /><testcase classname="tests.test_ai_providers.test_claude_api.TestClaudeAPIAnalyzer" name="test_analyze_session_success" time="0.011" /><testcase classname="tests.test_ai_providers.test_claude_api.TestClaudeAPIAnalyzer" name="test_analyze_with_dataset" time="0.020" /><testcase classname="tests.test_ai_providers.test_claude_api.TestClaudeAPIAnalyzer" name="test_analyze_empty_prompt" time="0.007" /><testcase classname="tests.test_ai_providers.test_claude_api.TestClaudeAPIAnalyzer" name="test_analyze_large_prompt" time="0.046" /><testcase classname="tests.test_ai_providers.test_claude_api.TestClaudeAPIAnalyzer" name="test_analyze_special_characters" time="0.009" /><testcase classname="tests.test_ai_providers.test_claude_api.TestClaudeAPIAnalyzer" name="test_analyze_authentication_error" time="0.009" /><testcase classname="tests.test_ai_providers.test_claude_api.TestClaudeAPIAnalyzer" name="test_analyze_rate_limit_error" time="0.009" /><testcase classname="tests.test_ai_providers.test_claude_api.TestClaudeAPIAnalyzer" name="test_analyze_server_error" time="0.021" /><testcase classname="tests.test_ai_providers.test_claude_api.TestClaudeAPIAnalyzer" name="test_analyze_timeout_error" time="0.019" /><testcase classname="tests.test_ai_providers.test_claude_api.TestClaudeAPIAnalyzer" name="test_analyze_connection_error" time="0.016" /><testcase classname="tests.test_ai_providers.test_claude_api.TestClaudeAPIAnalyzer" name="test_get_provider_info" time="0.073" /><testcase classname="tests.test_ai_providers.test_claude_api.TestClaudeAPIAnalyzer" name="test_get_provider_info_structure" time="0.061" /><testcase classname="tests.test_ai_providers.test_claude_api.TestClaudeAPIAnalyzer" name="test_validate_config_success" time="0.108" /><testcase classname="tests.test_ai_providers.test_claude_api.TestClaudeAPIAnalyzer" name="test_multiple_analyzers_independent" time="0.131" /><testcase classname="tests.test_ai_providers.test_claude_api.TestClaudeAPIAnalyzer" name="test_model_parameter_preserved" time="0.056" /><testcase classname="tests.test_ai_providers.test_claude_api.TestClaudeAPIAnalyzer" name="test_client_initialized" time="0.048" /><testcase classname="tests.test_ai_providers.test_claude_api.TestClaudeAPIAnalyzer" name="test_max_tokens_default" time="0.046" /><testcase classname="tests.test_ai_providers.test_claude_api.TestClaudeAPIAnalyzer" name="test_provider_enum_value" time="0.047" /><testcase classname="tests.test_ai_providers.test_clipboard.TestClipboardAnalyzer" name="test_initialization" time="0.008" /><testcase classname="tests.test_ai_providers.test_clipboard.TestClipboardAnalyzer" name="test_provider_is_clipboard" time="0.005" /><testcase classname="tests.test_ai_providers.test_clipboard.TestClipboardAnalyzer" name="test_analyze_session_copies_to_clipboard" time="0.004" /><testcase classname="tests.test_ai_providers.test_clipboard.TestClipboardAnalyzer" name="test_analyze_session_with_dataset" time="0.026" /><testcase classname="tests.test_ai_providers.test_
[...]
pload_workouts_full.TestParseWorkoutsFile" name="test_parse_workouts_file_single_workout" time="0.020" /><testcase classname="tests.workflows.test_upload_workouts_full.TestParseWorkoutsFile" name="test_parse_workouts_file_multiple_workouts" time="0.026" /><testcase classname="tests.workflows.test_upload_workouts_full.TestParseWorkoutsFile" name="test_parse_workouts_file_extracts_tss" time="0.024" /><testcase classname="tests.workflows.test_upload_workouts_full.TestUploadWorkout" name="test_upload_workout_success" time="0.013" /><testcase classname="tests.workflows.test_upload_workouts_full.TestUploadWorkout" name="test_upload_workout_api_failure" time="0.012" /><testcase classname="tests.workflows.test_upload_workouts_full.TestUploadAll" name="test_upload_all_dry_run" time="0.012" /><testcase classname="tests.workflows.test_upload_workouts_full.TestUploadAll" name="test_upload_all_success" time="0.009" /><testcase classname="tests.workflows.test_upload_workouts_full.TestUploadAll" name="test_upload_all_partial_failure" time="0.011" /><testcase classname="tests.workflows.test_upload_workouts_full.TestIntegrationUploadWorkflow" name="test_full_workflow_parse_validate_upload" time="0.016" /><testcase classname="tests.workflows.test_upload_workouts_validator.TestRestDayValidatorPattern" name="test_validator_repos_standard_format" time="0.003" /><testcase classname="tests.workflows.test_upload_workouts_validator.TestRestDayValidatorPattern" name="test_validator_repos_with_suffix" time="0.004" /><testcase classname="tests.workflows.test_upload_workouts_validator.TestRestDayValidatorPattern" name="test_validator_repos_uppercase" time="0.004" /><testcase classname="tests.workflows.test_upload_workouts_validator.TestRestDayValidatorPattern" name="test_validator_repos_lowercase" time="0.002" /><testcase classname="tests.workflows.test_upload_workouts_validator.TestRestDayValidatorPattern" name="test_validator_repos_mixed_case" time="0.002" /><testcase classname="tests.workflows.test_upload_workouts_validator.TestRestDayValidatorPattern" name="test_validator_repos_with_space_after" time="0.002" /><testcase classname="tests.workflows.test_upload_workouts_validator.TestRestDayValidatorPattern" name="test_validator_repos_at_end_of_string" time="0.002" /><testcase classname="tests.workflows.test_upload_workouts_validator.TestRestDayValidatorPattern" name="test_validator_normal_workout_not_repos" time="0.001" /><testcase classname="tests.workflows.test_upload_workouts_validator.TestRestDayValidatorPattern" name="test_validator_normal_workout_complete" time="0.002" /><testcase classname="tests.workflows.test_upload_workouts_validator.TestRestDayValidatorPattern" name="test_validator_repos_with_hyphen_in_description" time="0.002" /><testcase classname="tests.workflows.test_upload_workouts_validator.TestRestDayValidatorPattern" name="test_validator_repos_french_variants" time="0.002" /><testcase classname="tests.workflows.test_upload_workouts_validator.TestRestDayValidatorPattern" name="test_validator_edge_case_empty_workout_id" time="0.001" /><testcase classname="tests.workflows.test_upload_workouts_validator.TestRestDayValidatorPattern" name="test_validator_edge_case_only_repos" time="0.001" /><testcase classname="tests.workflows.test_upload_workouts_validator.TestRestDayValidatorPattern" name="test_validator_repos_multiple_hyphens" time="0.002" /><testcase classname="tests.workflows.test_workflow_coach.TestParsingAndFormatting" name="test_parse_ai_modifications_valid_json_markdown" time="0.038" /><testcase classname="tests.workflows.test_workflow_coach.TestParsingAndFormatting" name="test_parse_ai_modifications_valid_json_plain" time="0.061" /><testcase classname="tests.workflows.test_workflow_coach.TestParsingAndFormatting" name="test_parse_ai_modifications_empty_response" time="0.131" /><testcase classname="tests.workflows.test_workflow_coach.TestParsingAndFormatting" name="test_parse_ai_modifications_no_json" time="0.086" /><testcase classname="tests.workflows.test_workflow_coach.TestParsingAndFormatting" name="test_parse_ai_modifications_invalid_json" time="0.051" /><testcase classname="tests.workflows.test_workflow_coach.TestParsingAndFormatting" name="test_format_remaining_sessions_compact_empty" time="0.044" /><testcase classname="tests.workflows.test_workflow_coach.TestParsingAndFormatting" name="test_format_remaining_sessions_compact_multiple" time="0.122" /><testcase classname="tests.workflows.test_workflow_coach.TestParsingAndFormatting" name="test_extract_day_number_success" time="0.058" /><testcase classname="tests.workflows.test_workflow_coach.TestInitialization" name="test_init_default_params" time="0.052" /><testcase classname="tests.workflows.test_workflow_coach.TestInitialization" name="test_init_skip_flags" time="0.041" /><testcase classname="tests.workflows.test_workflow_coach.TestInitialization" name="test_init_servo_mode" time="0.035" /><testcase classname="tests.workflows.test_workflow_coach.TestInitialization" name="test_load_credentials_from_env" time="0.046" /><testcase classname="tests.workflows.test_workflow_coach.TestInitialization" name="test_load_credentials_missing" time="0.028" /><testcase classname="tests.workflows.test_workflow_coach.TestPlanningModifications" name="test_update_planning_json_success" time="0.048" /><testcase classname="tests.workflows.test_workflow_coach.TestPlanningModifications" name="test_update_planning_json_file_not_found" time="0.034" /><testcase classname="tests.workflows.test_workflow_coach.TestPlanningModifications" name="test_apply_planning_modifications_empty" time="0.035" /><testcase classname="tests.workflows.test_workflow_coach.TestPlanningModifications" name="test_apply_planning_modifications_unknown_action" time="0.028" /><testcase classname="tests.workflows.test_workflow_coach.TestPlanningModifications" name="test_compute_gaps_signature_simple" time="0.027" /><testcase classname="tests.workflows.test_workflow_coach.TestPlanningModifications" name="test_compute_gaps_signature_all_types" time="0.035" /><testcase classname="tests.workflows.test_workflow_coach.TestGapDetectionLogic" name="test_detect_unanalyzed_activities_no_config" time="0.036" /><testcase classname="tests.workflows.test_workflow_coach.TestGapDetectionLogic" name="test_detect_unanalyzed_activities_success" time="0.056" /><testcase classname="tests.workflows.test_workflow_coach.TestGapDetectionLogic" name="test_detect_unanalyzed_activities_api_error" time="0.069" /><testcase classname="tests.workflows.test_workflow_coach.TestGapDetectionLogic" name="test_filter_documented_sessions_empty" time="0.052" /><testcase classname="tests.workflows.test_workflow_coach.TestGapDetectionLogic" name="test_filter_documented_sessions_skipped" time="0.035" /><testcase classname="tests.workflows.test_workflow_coach.TestGapDetectionLogic" name="test_filter_documented_sessions_rest" time="0.034" /><testcase classname="tests.workflows.test_workflow_coach.TestGapDetectionLogic" name="test_filter_documented_sessions_all_documented" time="0.033" /><testcase classname="tests.workflows.test_workflow_coach.TestFeedbackCollection" name="test_validate_feedback_collection_skip_flag" time="0.034" /><testcase classname="tests.workflows.test_workflow_coach.TestFeedbackCollection" name="test_validate_feedback_collection_no_gaps" time="0.034" /><testcase classname="tests.workflows.test_workflow_coach.TestFeedbackCollection" name="test_validate_feedback_collection_should_collect" time="0.033" /><testcase classname="tests.workflows.test_workflow_coach.TestFeedbackCollection" name="test_prepare_feedback_context_success" time="0.085" /><testcase classname="tests.workflows.test_workflow_coach.TestFeedbackCollection" name="test_prepare_feedback_context_no_credentials" time="0.029" /><testcase classname="tests.workflows.test_workflow_coach.TestFeedbackCollection" name="test_execute_feedback_collection_with_activity" time="0.026" /><testcase classname="tests.workflows.test_workflow_coach.TestFeedbackCollection" name="test_execute_feedback_collection_quick_mode" time="0.031" /><testcase classname="tests.workflows.test_workflow_coach.TestFeedbackCollection" name="test_collect_rest_feedback_valid" time="0.039" /><testcase classname="tests.workflows.test_workflow_coach.TestMarkdownGeneration" name="test_preview_markdowns_single" time="0.043" /><testcase classname="tests.workflows.test_workflow_coach.TestMarkdownGeneration" name="test_copy_to_clipboard_success" time="0.040" /><testcase classname="tests.workflows.test_workflow_coach.TestMarkdownGeneration" name="test_copy_to_clipboard_failure" time="0.054" /><testcase classname="tests.workflows.test_workflow_coach.TestMarkdownGeneration" name="test_detect_session_type_from_markdown_normal" time="0.037" /><testcase classname="tests.workflows.test_workflow_coach.TestMarkdownGeneration" name="test_detect_session_type_from_markdown_rest" time="0.047" /><testcase classname="tests.workflows.test_workflow_coach.TestMarkdownGeneration" name="test_detect_session_type_from_markdown_cancelled" time="0.045" /><testcase classname="tests.workflows.test_workflow_coach.TestUIHelpers" name="test_clear_screen" time="0.038" /><testcase classname="tests.workflows.test_workflow_coach.TestUIHelpers" name="test_print_header" time="0.037" /><testcase classname="tests.workflows.test_workflow_coach.TestUIHelpers" name="test_print_separator" time="0.037" /><testcase classname="tests.workflows.test_workflow_coach.TestUIHelpers" name="test_wait_user" time="0.034" /><testcase classname="tests.workflows.test_workflow_coach.TestAnalysisPreparation" name="test_step_3_prepare_analysis_clipboard_mode" time="0.064" /><testcase classname="tests.workflows.test_workflow_coach.TestAnalysisPreparation" name="test_step_3_prepare_analysis_with_activity_id" time="0.040" /><testcase classname="tests.workflows.test_workflow_coach.TestAnalysisPreparation" name="test_step_3_prepare_analysis_error_handling" time="0.036" /><testcase classname="tests.workflows.test_workflow_coach.TestAnalysisPreparation" name="test_detect_week_id_user_input" time="0.023" /><testcase classname="tests.workflows.test_workflow_coach.TestAnalysisPreparation" name="test_detect_week_id_already_set" time="0.025" /><testcase classname="tests.workflows.test_workflow_coach.TestAnalysisPreparation" name="test_detect_week_id_adds_prefix" time="0.024" /><testcase classname="tests.workflows.test_workflow_coach.TestAnalysisPreparation" name="test_check_planning_available_exists" time="0.027" /><testcase classname="tests.workflows.test_workflow_coach.TestAnalysisPreparation" name="test_check_planning_available_missing" time="0.027" /><testcase classname="tests.workflows.test_workflow_coach.TestAnalysisPreparation" name="test_ask_fallback_consent_validates_input" time="0.032" /><testcase classname="tests.workflows.test_workflow_coach.TestAnalysisPreparation" name="test_ask_fallback_consent_clipboard_choice" time="0.089" /><testcase classname="tests.workflows.test_workflow_coach.TestAnalysisPreparation" name="test_ask_fallback_consent_quit_choice" time="0.024" /><testcase classname="tests.workflows.test_workflow_coach.TestSpecialSessions" name="test_show_special_sessions_with_rest_days" time="0.075" /><testcase classname="tests.workflows.test_workflow_coach.TestSpecialSessions" name="test_show_special_sessions_with_cancelled" time="0.039" /><testcase classname="tests.workflows.test_workflow_coach.TestSpecialSessions" name="test_show_special_sessions_empty" time="0.066" /><testcase classname="tests.workflows.test_workflow_coach.TestSpecialSessions" name="test_show_special_sessions_no_reconciliation" time="0.057" /><testcase classname="tests.workflows.test_workflow_coach.TestSpecialSessions" name="test_handle_rest_cancellations_no_reconciliation" time="0.065" /><testcase classname="tests.workflows.test_workflow_coach.TestSpecialSessions" name="test_handle_rest_cancellations_returns_exit" time="0.041" /><testcase classname="tests.workflows.test_workflow_coach.TestSpecialSessions" name="test_handle_rest_cancellations_returns_continue" time="0.037" /><testcase classname="tests.workflows.test_workflow_coach.TestSpecialSessions" name="test_handle_skipped_sessions_empty" time="0.293" /><testcase classname="tests.workflows.test_workflow_coach.TestSpecialSessions" name="test_handle_skipped_sessions_single" time="0.038" /><testcase classname="tests.workflows.test_workflow_coach.TestSpecialSessions" name="test_handle_skipped_sessions_multiple" time="0.043" /><testcase classname="tests.workflows.test_workflow_coach.TestSpecialSessions" name="test_handle_skipped_sessions_default_reason" time="0.036" /><testcase classname="tests.workflows.test_workflow_coach.TestSpecialSessions" name="test_handle_batch_all_in_development" time="0.036" /><testcase classname="tests.workflows.test_workflow_coach.TestIntervalsAPI" name="test_get_workout_id_intervals_success" time="0.035" /><testcase classname="tests.workflows.test_workflow_coach.TestIntervalsAPI" name="test_get_workout_id_intervals_not_found" time="0.074" /><testcase classname="tests.workflows.test_workflow_coach.TestIntervalsAPI" name="test_get_workout_id_intervals_no_credentials" time="0.037" /><testcase classname="tests.workflows.test_workflow_coach.TestIntervalsAPI" name="test_delete_workout_intervals_success" time="0.041" /><testcase classname="tests.workflows.test_workflow_coach.TestIntervalsAPI" name="test_delete_workout_intervals_error" time="0.042" /><testcase classname="tests.workflows.test_workflow_coach.TestIntervalsAPI" name="test_upload_workout_intervals_success" time="0.033" /><testcase classname="tests.workflows.test_workflow_coach.TestIntervalsAPI" name="test_upload_workout_intervals_invalid_format" time="0.037" /><testcase classname="tests.workflows.test_workflow_coach.TestIntervalsAPI" name="test_post_analysis_to_intervals_success" time="0.037" /><testcase classname="tests.workflows.test_workflow_coach.TestIntervalsAPI" name="test_post_analysis_to_intervals_no_activity_id" time="0.038" /><testcase classname="tests.workflows.test_workflow_coach.TestIntervalsAPI" name="test_post_analysis_to_intervals_error" time="0.053" /><testcase classname="tests.workflows.test_workflow_coach.TestCredentialsLoadingAdvanced" name="test_load_credentials_from_config_file" time="0.047" /><testcase classname="tests.workflows.test_workflow_coach.TestCredentialsLoadingAdvanced" name="test_load_credentials_config_file_missing_keys" time="0.042" /><testcase classname="tests.workflows.test_workflow_coach.TestCredentialsLoadingAdvanced" name="test_load_credentials_config_file_read_error" time="0.031" /><testcase classname="tests.workflows.test_workflow_coach.TestWorkoutTemplatesLoading" name="test_load_workout_templates_directory_not_exists" time="0.037" /><testcase classname="tests.workflows.test_workflow_coach.TestWorkoutTemplatesLoading" name="test_load_workout_templates_success" time="0.065" /><testcase classname="tests.workflows.test_workflow_coach.TestWorkoutTemplatesLoading" name="test_load_workout_templates_json_error" time="0.044" /><testcase classname="tests.workflows.test_workflow_coach.TestRemainingSessionsLoading" name="test_load_remaining_sessions_file_not_found" time="0.046" /><testcase classname="tests.workflows.test_workflow_coach.TestRemainingSessionsLoading" name="test_load_remaining_sessions_success" time="0.041" /><testcase classname="tests.workflows.test_workflow_coach.TestRemainingSessionsLoading" name="test_load_remaining_sessions_read_error" time="0.034" /><testcase classname="tests.workflows.test_workflow_coach_ai.TestAIProviderInitialization" name="test_init_with_specified_provider" time="0.006" /><testcase classname="tests.workflows.test_workflow_coach_ai.TestAIProviderInitialization" name="test_init_auto_selects_first_available" time="0.004" /><testcase classname="tests.workflows.test_workflow_coach_ai.TestAIProviderInitialization" name="test_init_fallback_to_clipboard_when_not_configured" time="0.005" /><testcase classname="tests.workflows.test_workflow_coach_ai.TestAIAnalysisExecution" name="test_step_3_api_provider_success" time="0.044" /><testcase classname="tests.workflows.test_workflow_coach_ai.TestAIAnalysisExecution" name="test_step_3_api_provider_handles_error" time="0.046" /><testcase classname="tests.workflows.test_workflow_coach_ai.TestAIAnalysisExecution" name="test_step_3_clipboard_provider_workflow" time="0.050" /><testcase classname="tests.workflows.test_workflow_coach_ai.TestAIResponseDisplay" name="test_step_4b_display_from_api_result" time="0.093" /><testcase classname="tests.workflows.test_workflow_coach_ai.TestAIResponseDisplay" name="test_step_4b_display_from_clipboard" time="0.046" /><testcase classname="tests.workflows.test_workflow_coach_ai.TestProviderFallback" name="test_fallback_to_next_provider" time="0.064" /><testcase classname="tests.workflows.test_workflow_coach_ai.TestProviderFallback" name="test_fallback_to_clipboard_manual" time="0.051" /><testcase classname="tests.workflows.test_workflow_coach_ai.TestProviderFallback" name="test_no_fallback_available_exits" time="0.056" /><testcase classname="tests.workflows.test_workflow_coach_ai.TestAnalysisValidation" name="test_step_5_validate_user_accepts" time="0.059" /><testcase classname="tests.workflows.test_workflow_coach_ai.TestAnalysisValidation" name="test_step_5_validate_user_rejects" time="0.053" /><testcase classname="tests.workflows.test_workflow_coach_ai.TestAnalysisValidation" name="test_step_5_validate_auto_mode" time="0.048" /><testcase classname="tests.workflows.test_workflow_coach_ai.TestPastePromptStep" name="test_step_4_displays_instructions" time="0.039" /><testcase classname="tests.workflows.test_workflow_coach_ai.TestPastePromptStep" name="test_step_4_displays_provider_name" time="0.070" /><testcase classname="tests.workflows.test_workflow_coach_steps.TestWelcomeStep" name="test_step_1_welcome_displays_header" time="0.049" /><testcase classname="tests.workflows.test_workflow_coach_steps.TestGitCommitStep" name="test_step_7_git_commit_success" time="0.060" /><testcase classname="tests.workflows.test_workflow_coach_steps.TestGitCommitStep" name="test_step_7_skips_when_flag_set" time="0.046" /><testcase classname="tests.workflows.test_workflow_coach_steps.TestAnalysisInsertion" name="test_step_6_insert_analysis_success" time="0.059" /><testcase classname="tests.workflows.test_workflow_coach_steps.TestAnalysisInsertion" name="test_step_6_insert_analysis_handles_error" time="0.038" /><testcase classname="tests.workflows.test_workflow_coach_steps.TestMarkdownHelpers" name="test_generate_skipped_markdown_creates_entry" time="0.031" /><testcase classname="tests.workflows.test_workflow_coach_steps.TestMarkdownHelpers" name="test_insert_to_history_writes_markdown" time="0.033" /><testcase classname="tests.workflows.test_workflow_coach_steps.TestMarkdownHelpers" name="test_preview_markdowns_displays_content" time="0.034" /><testcase classname="tests.workflows.test_workflow_coach_steps.TestDisplayMethods" name="test_display_gaps_summary_with_activities" time="0.089" /><testcase classname="tests.workflows.test_workflow_coach_steps.TestDisplayMethods" name="test_display_reconciliation_report_shows_info" time="0.036" /><testcase classname="tests.workflows.test_workflow_coach_steps.TestExportMethods" name="test_export_markdowns_creates_files" time="0.039" /><testcase classname="tests.workflows.test_workflow_coach_steps.TestExportMethods" name="test_copy_to_clipboard_success" time="0.026" /><testcase classname="tests.workflows.test_workflow_coach_steps.TestSessionTypeDetection" name="test_detect_session_type_normal_workout" time="0.033" /><testcase classname="tests.workflows.test_workflow_coach_steps.TestSessionTypeDetection" name="test_detect_session_type_rest_day" time="0.035" /><testcase classname="tests.workflows.test_workflow_coach_steps.TestSessionTypeDetection" name="test_detect_session_type_cancelled" time="0.037" /></testsuite></testsuites>
